ARM GAS  C:\Users\seths\AppData\Local\Temp\ccj52PSo.s 			page 1


   1              		.syntax unified
   2              		.cpu cortex-m0plus
   3              		.fpu softvfp
   4              		.eabi_attribute 20, 1
   5              		.eabi_attribute 21, 1
   6              		.eabi_attribute 23, 3
   7              		.eabi_attribute 24, 1
   8              		.eabi_attribute 25, 1
   9              		.eabi_attribute 26, 1
  10              		.eabi_attribute 30, 1
  11              		.eabi_attribute 34, 0
  12              		.eabi_attribute 18, 4
  13              		.thumb
  14              		.syntax unified
  15              		.file	"connection_ble.c"
  16              		.text
  17              	.Ltext0:
  18              		.cfi_sections	.debug_frame
  19              		.section	.text.getConnection,"ax",%progbits
  20              		.align	2
  21              		.global	getConnection
  22              		.code	16
  23              		.thumb_func
  24              		.type	getConnection, %function
  25              	getConnection:
  26              	.LFB522:
  27              		.file 1 "connection_ble.c"
   1:connection_ble.c **** /**
   2:connection_ble.c **** *
   3:connection_ble.c **** * @file
   4:connection_ble.c **** * common_ble.h
   5:connection_ble.c **** *
   6:connection_ble.c **** * @brief
   7:connection_ble.c **** * Interface for controlling common BLE functionality
   8:connection_ble.c **** *
   9:connection_ble.c **** * Author: Schilbe, Seth
  10:connection_ble.c **** * Date: 2019 - 12 - 01 
  11:connection_ble.c **** */
  12:connection_ble.c **** 
  13:connection_ble.c **** /*------------------------------------------------------------
  14:connection_ble.c **** INCLUDES
  15:connection_ble.c **** ------------------------------------------------------------*/
  16:connection_ble.c **** #include "connection_ble.h"
  17:connection_ble.c **** #include <stdio.h>
  18:connection_ble.c **** 
  19:connection_ble.c **** /*------------------------------------------------------------
  20:connection_ble.c **** LITERAL CONSTANTS
  21:connection_ble.c **** ------------------------------------------------------------*/
  22:connection_ble.c **** 
  23:connection_ble.c **** /*------------------------------------------------------------
  24:connection_ble.c **** MACROS
  25:connection_ble.c **** ------------------------------------------------------------*/
  26:connection_ble.c **** 
  27:connection_ble.c **** /*------------------------------------------------------------
  28:connection_ble.c **** TYPES
  29:connection_ble.c **** ------------------------------------------------------------*/
  30:connection_ble.c **** 
ARM GAS  C:\Users\seths\AppData\Local\Temp\ccj52PSo.s 			page 2


  31:connection_ble.c **** /*------------------------------------------------------------
  32:connection_ble.c **** MEMORY CONSTANTS
  33:connection_ble.c **** ------------------------------------------------------------*/
  34:connection_ble.c **** 
  35:connection_ble.c **** /*------------------------------------------------------------
  36:connection_ble.c **** VARIABLES
  37:connection_ble.c **** ------------------------------------------------------------*/
  38:connection_ble.c **** cy_stc_ble_conn_handle_t connHandle;
  39:connection_ble.c **** 
  40:connection_ble.c **** /*------------------------------------------------------------
  41:connection_ble.c **** PROCEDURES
  42:connection_ble.c **** ------------------------------------------------------------*/
  43:connection_ble.c **** cy_stc_ble_conn_handle_t getConnection(void)
  44:connection_ble.c **** {
  28              		.loc 1 44 0
  29              		.cfi_startproc
  30              		@ args = 0, pretend = 0, frame = 8
  31              		@ frame_needed = 0, uses_anonymous_args = 0
  32 0000 10B5     		push	{r4, lr}
  33              		.cfi_def_cfa_offset 8
  34              		.cfi_offset 4, -8
  35              		.cfi_offset 14, -4
  36 0002 82B0     		sub	sp, sp, #8
  37              		.cfi_def_cfa_offset 16
  45:connection_ble.c ****     return connHandle;
  38              		.loc 1 45 0
  39 0004 01AC     		add	r4, sp, #4
  40 0006 0222     		movs	r2, #2
  41 0008 0449     		ldr	r1, .L2
  42 000a 2000     		movs	r0, r4
  43 000c FFF7FEFF 		bl	memcpy
  44              	.LVL0:
  45 0010 6078     		ldrb	r0, [r4, #1]
  46 0012 0002     		lsls	r0, r0, #8
  47 0014 2378     		ldrb	r3, [r4]
  48 0016 1843     		orrs	r0, r3
  46:connection_ble.c **** }
  49              		.loc 1 46 0
  50 0018 02B0     		add	sp, sp, #8
  51              		@ sp needed
  52 001a 10BD     		pop	{r4, pc}
  53              	.L3:
  54              		.align	2
  55              	.L2:
  56 001c 00000000 		.word	connHandle
  57              		.cfi_endproc
  58              	.LFE522:
  59              		.size	getConnection, .-getConnection
  60              		.section	.text.setConnection,"ax",%progbits
  61              		.align	2
  62              		.global	setConnection
  63              		.code	16
  64              		.thumb_func
  65              		.type	setConnection, %function
  66              	setConnection:
  67              	.LFB523:
  47:connection_ble.c **** 
ARM GAS  C:\Users\seths\AppData\Local\Temp\ccj52PSo.s 			page 3


  48:connection_ble.c **** void setConnection( cy_stc_ble_conn_handle_t newConnHandle )
  49:connection_ble.c **** {
  68              		.loc 1 49 0
  69              		.cfi_startproc
  70              		@ args = 0, pretend = 0, frame = 8
  71              		@ frame_needed = 0, uses_anonymous_args = 0
  72 0000 10B5     		push	{r4, lr}
  73              		.cfi_def_cfa_offset 8
  74              		.cfi_offset 4, -8
  75              		.cfi_offset 14, -4
  76 0002 82B0     		sub	sp, sp, #8
  77              		.cfi_def_cfa_offset 16
  78 0004 01A9     		add	r1, sp, #4
  79 0006 0880     		strh	r0, [r1]
  50:connection_ble.c ****     connHandle = newConnHandle;
  80              		.loc 1 50 0
  81 0008 054C     		ldr	r4, .L5
  82 000a 0222     		movs	r2, #2
  83 000c 2000     		movs	r0, r4
  84 000e FFF7FEFF 		bl	memcpy
  85              	.LVL1:
  51:connection_ble.c ****     printf("Conn Handle: %d, %d\n", connHandle.attId, connHandle.bdHandle );
  86              		.loc 1 51 0
  87 0012 6178     		ldrb	r1, [r4, #1]
  88 0014 2278     		ldrb	r2, [r4]
  89 0016 0348     		ldr	r0, .L5+4
  90 0018 FFF7FEFF 		bl	printf
  91              	.LVL2:
  52:connection_ble.c **** }
  92              		.loc 1 52 0
  93 001c 02B0     		add	sp, sp, #8
  94              		@ sp needed
  95 001e 10BD     		pop	{r4, pc}
  96              	.L6:
  97              		.align	2
  98              	.L5:
  99 0020 00000000 		.word	connHandle
 100 0024 00000000 		.word	.LC2
 101              		.cfi_endproc
 102              	.LFE523:
 103              		.size	setConnection, .-setConnection
 104              		.comm	connHandle,2,4
 105              		.section	.rodata.str1.4,"aMS",%progbits,1
 106              		.align	2
 107              	.LC2:
 108 0000 436F6E6E 		.ascii	"Conn Handle: %d, %d\012\000"
 108      2048616E 
 108      646C653A 
 108      2025642C 
 108      2025640A 
 109              		.text
 110              	.Letext0:
 111              		.file 2 "c:\\program files (x86)\\cypress\\psoc creator\\4.2\\psoc creator\\import\\gnu\\arm\\5.4.
 112              		.file 3 "c:\\program files (x86)\\cypress\\psoc creator\\4.2\\psoc creator\\import\\gnu\\arm\\5.4.
 113              		.file 4 "Generated_Source\\PSoC6\\pdl\\drivers/peripheral/device/cy_device.h"
 114              		.file 5 "Generated_Source\\PSoC6\\pdl\\drivers/peripheral/scb/cy_scb_uart.h"
 115              		.file 6 "Generated_Source\\PSoC6\\pdl\\drivers/peripheral/tcpwm/cy_tcpwm_counter.h"
ARM GAS  C:\Users\seths\AppData\Local\Temp\ccj52PSo.s 			page 4


 116              		.file 7 "Generated_Source\\PSoC6\\pdl\\drivers/peripheral/tcpwm/cy_tcpwm_pwm.h"
 117              		.file 8 "Generated_Source\\PSoC6\\pdl\\middleware/ble/cy_ble_stack_host_main.h"
 118              		.file 9 "Generated_Source\\PSoC6/UART_1.h"
 119              		.file 10 "Generated_Source\\PSoC6/PWM_GREEN_BLINK.h"
 120              		.file 11 "Generated_Source\\PSoC6/PWM_RED_BLINK.h"
 121              		.file 12 "Generated_Source\\PSoC6/Timer.h"
 122              		.file 13 "c:\\program files (x86)\\cypress\\psoc creator\\4.2\\psoc creator\\import\\gnu\\arm\\5.4
 123              		.section	.debug_info,"",%progbits
 124              	.Ldebug_info0:
 125 0000 69090000 		.4byte	0x969
 126 0004 0400     		.2byte	0x4
 127 0006 00000000 		.4byte	.Ldebug_abbrev0
 128 000a 04       		.byte	0x4
 129 000b 01       		.uleb128 0x1
 130 000c 60070000 		.4byte	.LASF172
 131 0010 0C       		.byte	0xc
 132 0011 F2070000 		.4byte	.LASF173
 133 0015 B5090000 		.4byte	.LASF174
 134 0019 00000000 		.4byte	.Ldebug_ranges0+0
 135 001d 00000000 		.4byte	0
 136 0021 00000000 		.4byte	.Ldebug_line0
 137 0025 02       		.uleb128 0x2
 138 0026 02       		.byte	0x2
 139 0027 05       		.byte	0x5
 140 0028 D0060000 		.4byte	.LASF0
 141 002c 02       		.uleb128 0x2
 142 002d 01       		.byte	0x1
 143 002e 08       		.byte	0x8
 144 002f A0060000 		.4byte	.LASF1
 145 0033 02       		.uleb128 0x2
 146 0034 01       		.byte	0x1
 147 0035 06       		.byte	0x6
 148 0036 3D090000 		.4byte	.LASF2
 149 003a 03       		.uleb128 0x3
 150 003b BC000000 		.4byte	.LASF3
 151 003f 02       		.byte	0x2
 152 0040 1D       		.byte	0x1d
 153 0041 2C000000 		.4byte	0x2c
 154 0045 03       		.uleb128 0x3
 155 0046 76030000 		.4byte	.LASF4
 156 004a 02       		.byte	0x2
 157 004b 29       		.byte	0x29
 158 004c 25000000 		.4byte	0x25
 159 0050 03       		.uleb128 0x3
 160 0051 39080000 		.4byte	.LASF5
 161 0055 02       		.byte	0x2
 162 0056 2B       		.byte	0x2b
 163 0057 5B000000 		.4byte	0x5b
 164 005b 02       		.uleb128 0x2
 165 005c 02       		.byte	0x2
 166 005d 07       		.byte	0x7
 167 005e 90080000 		.4byte	.LASF6
 168 0062 02       		.uleb128 0x2
 169 0063 04       		.byte	0x4
 170 0064 05       		.byte	0x5
 171 0065 82020000 		.4byte	.LASF7
 172 0069 03       		.uleb128 0x3
ARM GAS  C:\Users\seths\AppData\Local\Temp\ccj52PSo.s 			page 5


 173 006a 5B030000 		.4byte	.LASF8
 174 006e 02       		.byte	0x2
 175 006f 41       		.byte	0x41
 176 0070 74000000 		.4byte	0x74
 177 0074 02       		.uleb128 0x2
 178 0075 04       		.byte	0x4
 179 0076 07       		.byte	0x7
 180 0077 15040000 		.4byte	.LASF9
 181 007b 02       		.uleb128 0x2
 182 007c 08       		.byte	0x8
 183 007d 05       		.byte	0x5
 184 007e D6010000 		.4byte	.LASF10
 185 0082 02       		.uleb128 0x2
 186 0083 08       		.byte	0x8
 187 0084 07       		.byte	0x7
 188 0085 3B010000 		.4byte	.LASF11
 189 0089 04       		.uleb128 0x4
 190 008a 04       		.byte	0x4
 191 008b 05       		.byte	0x5
 192 008c 696E7400 		.ascii	"int\000"
 193 0090 02       		.uleb128 0x2
 194 0091 04       		.byte	0x4
 195 0092 07       		.byte	0x7
 196 0093 D9030000 		.4byte	.LASF12
 197 0097 03       		.uleb128 0x3
 198 0098 96090000 		.4byte	.LASF13
 199 009c 03       		.byte	0x3
 200 009d 18       		.byte	0x18
 201 009e 3A000000 		.4byte	0x3a
 202 00a2 03       		.uleb128 0x3
 203 00a3 CE010000 		.4byte	.LASF14
 204 00a7 03       		.byte	0x3
 205 00a8 20       		.byte	0x20
 206 00a9 45000000 		.4byte	0x45
 207 00ad 03       		.uleb128 0x3
 208 00ae E6030000 		.4byte	.LASF15
 209 00b2 03       		.byte	0x3
 210 00b3 24       		.byte	0x24
 211 00b4 50000000 		.4byte	0x50
 212 00b8 03       		.uleb128 0x3
 213 00b9 42070000 		.4byte	.LASF16
 214 00bd 03       		.byte	0x3
 215 00be 30       		.byte	0x30
 216 00bf 69000000 		.4byte	0x69
 217 00c3 02       		.uleb128 0x2
 218 00c4 04       		.byte	0x4
 219 00c5 07       		.byte	0x7
 220 00c6 99050000 		.4byte	.LASF17
 221 00ca 05       		.uleb128 0x5
 222 00cb B8000000 		.4byte	0xb8
 223 00cf 02       		.uleb128 0x2
 224 00d0 08       		.byte	0x8
 225 00d1 04       		.byte	0x4
 226 00d2 03080000 		.4byte	.LASF18
 227 00d6 06       		.uleb128 0x6
 228 00d7 B8       		.byte	0xb8
 229 00d8 04       		.byte	0x4
ARM GAS  C:\Users\seths\AppData\Local\Temp\ccj52PSo.s 			page 6


 230 00d9 34       		.byte	0x34
 231 00da E7040000 		.4byte	0x4e7
 232 00de 07       		.uleb128 0x7
 233 00df 11010000 		.4byte	.LASF19
 234 00e3 04       		.byte	0x4
 235 00e4 37       		.byte	0x37
 236 00e5 B8000000 		.4byte	0xb8
 237 00e9 00       		.byte	0
 238 00ea 07       		.uleb128 0x7
 239 00eb 50030000 		.4byte	.LASF20
 240 00ef 04       		.byte	0x4
 241 00f0 38       		.byte	0x38
 242 00f1 B8000000 		.4byte	0xb8
 243 00f5 04       		.byte	0x4
 244 00f6 07       		.uleb128 0x7
 245 00f7 BF020000 		.4byte	.LASF21
 246 00fb 04       		.byte	0x4
 247 00fc 39       		.byte	0x39
 248 00fd B8000000 		.4byte	0xb8
 249 0101 08       		.byte	0x8
 250 0102 07       		.uleb128 0x7
 251 0103 92060000 		.4byte	.LASF22
 252 0107 04       		.byte	0x4
 253 0108 3A       		.byte	0x3a
 254 0109 B8000000 		.4byte	0xb8
 255 010d 0C       		.byte	0xc
 256 010e 07       		.uleb128 0x7
 257 010f 28020000 		.4byte	.LASF23
 258 0113 04       		.byte	0x4
 259 0114 3B       		.byte	0x3b
 260 0115 B8000000 		.4byte	0xb8
 261 0119 10       		.byte	0x10
 262 011a 07       		.uleb128 0x7
 263 011b 60020000 		.4byte	.LASF24
 264 011f 04       		.byte	0x4
 265 0120 3C       		.byte	0x3c
 266 0121 B8000000 		.4byte	0xb8
 267 0125 14       		.byte	0x14
 268 0126 07       		.uleb128 0x7
 269 0127 63040000 		.4byte	.LASF25
 270 012b 04       		.byte	0x4
 271 012c 3D       		.byte	0x3d
 272 012d B8000000 		.4byte	0xb8
 273 0131 18       		.byte	0x18
 274 0132 07       		.uleb128 0x7
 275 0133 98000000 		.4byte	.LASF26
 276 0137 04       		.byte	0x4
 277 0138 3E       		.byte	0x3e
 278 0139 B8000000 		.4byte	0xb8
 279 013d 1C       		.byte	0x1c
 280 013e 07       		.uleb128 0x7
 281 013f A00A0000 		.4byte	.LASF27
 282 0143 04       		.byte	0x4
 283 0144 3F       		.byte	0x3f
 284 0145 B8000000 		.4byte	0xb8
 285 0149 20       		.byte	0x20
 286 014a 07       		.uleb128 0x7
ARM GAS  C:\Users\seths\AppData\Local\Temp\ccj52PSo.s 			page 7


 287 014b 26060000 		.4byte	.LASF28
 288 014f 04       		.byte	0x4
 289 0150 40       		.byte	0x40
 290 0151 B8000000 		.4byte	0xb8
 291 0155 24       		.byte	0x24
 292 0156 07       		.uleb128 0x7
 293 0157 4F050000 		.4byte	.LASF29
 294 015b 04       		.byte	0x4
 295 015c 43       		.byte	0x43
 296 015d 97000000 		.4byte	0x97
 297 0161 28       		.byte	0x28
 298 0162 07       		.uleb128 0x7
 299 0163 7B000000 		.4byte	.LASF30
 300 0167 04       		.byte	0x4
 301 0168 44       		.byte	0x44
 302 0169 97000000 		.4byte	0x97
 303 016d 29       		.byte	0x29
 304 016e 07       		.uleb128 0x7
 305 016f 960A0000 		.4byte	.LASF31
 306 0173 04       		.byte	0x4
 307 0174 45       		.byte	0x45
 308 0175 97000000 		.4byte	0x97
 309 0179 2A       		.byte	0x2a
 310 017a 07       		.uleb128 0x7
 311 017b 18060000 		.4byte	.LASF32
 312 017f 04       		.byte	0x4
 313 0180 46       		.byte	0x46
 314 0181 97000000 		.4byte	0x97
 315 0185 2B       		.byte	0x2b
 316 0186 07       		.uleb128 0x7
 317 0187 D7040000 		.4byte	.LASF33
 318 018b 04       		.byte	0x4
 319 018c 47       		.byte	0x47
 320 018d 97000000 		.4byte	0x97
 321 0191 2C       		.byte	0x2c
 322 0192 07       		.uleb128 0x7
 323 0193 57080000 		.4byte	.LASF34
 324 0197 04       		.byte	0x4
 325 0198 48       		.byte	0x48
 326 0199 97000000 		.4byte	0x97
 327 019d 2D       		.byte	0x2d
 328 019e 07       		.uleb128 0x7
 329 019f 31020000 		.4byte	.LASF35
 330 01a3 04       		.byte	0x4
 331 01a4 49       		.byte	0x49
 332 01a5 97000000 		.4byte	0x97
 333 01a9 2E       		.byte	0x2e
 334 01aa 07       		.uleb128 0x7
 335 01ab 5C050000 		.4byte	.LASF36
 336 01af 04       		.byte	0x4
 337 01b0 4A       		.byte	0x4a
 338 01b1 97000000 		.4byte	0x97
 339 01b5 2F       		.byte	0x2f
 340 01b6 07       		.uleb128 0x7
 341 01b7 1F080000 		.4byte	.LASF37
 342 01bb 04       		.byte	0x4
 343 01bc 4B       		.byte	0x4b
ARM GAS  C:\Users\seths\AppData\Local\Temp\ccj52PSo.s 			page 8


 344 01bd 97000000 		.4byte	0x97
 345 01c1 30       		.byte	0x30
 346 01c2 07       		.uleb128 0x7
 347 01c3 58040000 		.4byte	.LASF38
 348 01c7 04       		.byte	0x4
 349 01c8 4E       		.byte	0x4e
 350 01c9 97000000 		.4byte	0x97
 351 01cd 31       		.byte	0x31
 352 01ce 07       		.uleb128 0x7
 353 01cf AE000000 		.4byte	.LASF39
 354 01d3 04       		.byte	0x4
 355 01d4 4F       		.byte	0x4f
 356 01d5 97000000 		.4byte	0x97
 357 01d9 32       		.byte	0x32
 358 01da 07       		.uleb128 0x7
 359 01db CD030000 		.4byte	.LASF40
 360 01df 04       		.byte	0x4
 361 01e0 50       		.byte	0x50
 362 01e1 97000000 		.4byte	0x97
 363 01e5 33       		.byte	0x33
 364 01e6 07       		.uleb128 0x7
 365 01e7 BD050000 		.4byte	.LASF41
 366 01eb 04       		.byte	0x4
 367 01ec 51       		.byte	0x51
 368 01ed 97000000 		.4byte	0x97
 369 01f1 34       		.byte	0x34
 370 01f2 07       		.uleb128 0x7
 371 01f3 E1080000 		.4byte	.LASF42
 372 01f7 04       		.byte	0x4
 373 01f8 52       		.byte	0x52
 374 01f9 A2000000 		.4byte	0xa2
 375 01fd 36       		.byte	0x36
 376 01fe 07       		.uleb128 0x7
 377 01ff D9020000 		.4byte	.LASF43
 378 0203 04       		.byte	0x4
 379 0204 53       		.byte	0x53
 380 0205 A2000000 		.4byte	0xa2
 381 0209 38       		.byte	0x38
 382 020a 07       		.uleb128 0x7
 383 020b 63090000 		.4byte	.LASF44
 384 020f 04       		.byte	0x4
 385 0210 54       		.byte	0x54
 386 0211 A2000000 		.4byte	0xa2
 387 0215 3A       		.byte	0x3a
 388 0216 07       		.uleb128 0x7
 389 0217 51020000 		.4byte	.LASF45
 390 021b 04       		.byte	0x4
 391 021c 55       		.byte	0x55
 392 021d 97000000 		.4byte	0x97
 393 0221 3C       		.byte	0x3c
 394 0222 07       		.uleb128 0x7
 395 0223 00030000 		.4byte	.LASF46
 396 0227 04       		.byte	0x4
 397 0228 56       		.byte	0x56
 398 0229 97000000 		.4byte	0x97
 399 022d 3D       		.byte	0x3d
 400 022e 07       		.uleb128 0x7
ARM GAS  C:\Users\seths\AppData\Local\Temp\ccj52PSo.s 			page 9


 401 022f 24070000 		.4byte	.LASF47
 402 0233 04       		.byte	0x4
 403 0234 57       		.byte	0x57
 404 0235 97000000 		.4byte	0x97
 405 0239 3E       		.byte	0x3e
 406 023a 07       		.uleb128 0x7
 407 023b 22010000 		.4byte	.LASF48
 408 023f 04       		.byte	0x4
 409 0240 58       		.byte	0x58
 410 0241 97000000 		.4byte	0x97
 411 0245 3F       		.byte	0x3f
 412 0246 07       		.uleb128 0x7
 413 0247 31060000 		.4byte	.LASF49
 414 024b 04       		.byte	0x4
 415 024c 59       		.byte	0x59
 416 024d 97000000 		.4byte	0x97
 417 0251 40       		.byte	0x40
 418 0252 07       		.uleb128 0x7
 419 0253 66030000 		.4byte	.LASF50
 420 0257 04       		.byte	0x4
 421 0258 5A       		.byte	0x5a
 422 0259 97000000 		.4byte	0x97
 423 025d 41       		.byte	0x41
 424 025e 07       		.uleb128 0x7
 425 025f 6C040000 		.4byte	.LASF51
 426 0263 04       		.byte	0x4
 427 0264 5B       		.byte	0x5b
 428 0265 97000000 		.4byte	0x97
 429 0269 42       		.byte	0x42
 430 026a 07       		.uleb128 0x7
 431 026b 04060000 		.4byte	.LASF52
 432 026f 04       		.byte	0x4
 433 0270 5C       		.byte	0x5c
 434 0271 97000000 		.4byte	0x97
 435 0275 43       		.byte	0x43
 436 0276 07       		.uleb128 0x7
 437 0277 C8020000 		.4byte	.LASF53
 438 027b 04       		.byte	0x4
 439 027c 5D       		.byte	0x5d
 440 027d 97000000 		.4byte	0x97
 441 0281 44       		.byte	0x44
 442 0282 07       		.uleb128 0x7
 443 0283 07000000 		.4byte	.LASF54
 444 0287 04       		.byte	0x4
 445 0288 5E       		.byte	0x5e
 446 0289 B8000000 		.4byte	0xb8
 447 028d 48       		.byte	0x48
 448 028e 07       		.uleb128 0x7
 449 028f B1020000 		.4byte	.LASF55
 450 0293 04       		.byte	0x4
 451 0294 5F       		.byte	0x5f
 452 0295 B8000000 		.4byte	0xb8
 453 0299 4C       		.byte	0x4c
 454 029a 07       		.uleb128 0x7
 455 029b D60A0000 		.4byte	.LASF56
 456 029f 04       		.byte	0x4
 457 02a0 60       		.byte	0x60
ARM GAS  C:\Users\seths\AppData\Local\Temp\ccj52PSo.s 			page 10


 458 02a1 97000000 		.4byte	0x97
 459 02a5 50       		.byte	0x50
 460 02a6 07       		.uleb128 0x7
 461 02a7 A8010000 		.4byte	.LASF57
 462 02ab 04       		.byte	0x4
 463 02ac 61       		.byte	0x61
 464 02ad 97000000 		.4byte	0x97
 465 02b1 51       		.byte	0x51
 466 02b2 07       		.uleb128 0x7
 467 02b3 86090000 		.4byte	.LASF58
 468 02b7 04       		.byte	0x4
 469 02b8 62       		.byte	0x62
 470 02b9 97000000 		.4byte	0x97
 471 02bd 52       		.byte	0x52
 472 02be 07       		.uleb128 0x7
 473 02bf 64080000 		.4byte	.LASF59
 474 02c3 04       		.byte	0x4
 475 02c4 63       		.byte	0x63
 476 02c5 97000000 		.4byte	0x97
 477 02c9 53       		.byte	0x53
 478 02ca 07       		.uleb128 0x7
 479 02cb 32070000 		.4byte	.LASF60
 480 02cf 04       		.byte	0x4
 481 02d0 64       		.byte	0x64
 482 02d1 97000000 		.4byte	0x97
 483 02d5 54       		.byte	0x54
 484 02d6 07       		.uleb128 0x7
 485 02d7 BA010000 		.4byte	.LASF61
 486 02db 04       		.byte	0x4
 487 02dc 65       		.byte	0x65
 488 02dd 97000000 		.4byte	0x97
 489 02e1 55       		.byte	0x55
 490 02e2 07       		.uleb128 0x7
 491 02e3 01040000 		.4byte	.LASF62
 492 02e7 04       		.byte	0x4
 493 02e8 66       		.byte	0x66
 494 02e9 97000000 		.4byte	0x97
 495 02ed 56       		.byte	0x56
 496 02ee 07       		.uleb128 0x7
 497 02ef EE060000 		.4byte	.LASF63
 498 02f3 04       		.byte	0x4
 499 02f4 67       		.byte	0x67
 500 02f5 97000000 		.4byte	0x97
 501 02f9 57       		.byte	0x57
 502 02fa 07       		.uleb128 0x7
 503 02fb 36000000 		.4byte	.LASF64
 504 02ff 04       		.byte	0x4
 505 0300 68       		.byte	0x68
 506 0301 97000000 		.4byte	0x97
 507 0305 58       		.byte	0x58
 508 0306 07       		.uleb128 0x7
 509 0307 BC060000 		.4byte	.LASF65
 510 030b 04       		.byte	0x4
 511 030c 69       		.byte	0x69
 512 030d 97000000 		.4byte	0x97
 513 0311 59       		.byte	0x59
 514 0312 07       		.uleb128 0x7
ARM GAS  C:\Users\seths\AppData\Local\Temp\ccj52PSo.s 			page 11


 515 0313 A2050000 		.4byte	.LASF66
 516 0317 04       		.byte	0x4
 517 0318 6E       		.byte	0x6e
 518 0319 AD000000 		.4byte	0xad
 519 031d 5A       		.byte	0x5a
 520 031e 07       		.uleb128 0x7
 521 031f A3080000 		.4byte	.LASF67
 522 0323 04       		.byte	0x4
 523 0324 6F       		.byte	0x6f
 524 0325 AD000000 		.4byte	0xad
 525 0329 5C       		.byte	0x5c
 526 032a 07       		.uleb128 0x7
 527 032b 89000000 		.4byte	.LASF68
 528 032f 04       		.byte	0x4
 529 0330 70       		.byte	0x70
 530 0331 97000000 		.4byte	0x97
 531 0335 5E       		.byte	0x5e
 532 0336 07       		.uleb128 0x7
 533 0337 73060000 		.4byte	.LASF69
 534 033b 04       		.byte	0x4
 535 033c 71       		.byte	0x71
 536 033d 97000000 		.4byte	0x97
 537 0341 5F       		.byte	0x5f
 538 0342 07       		.uleb128 0x7
 539 0343 F3050000 		.4byte	.LASF70
 540 0347 04       		.byte	0x4
 541 0348 72       		.byte	0x72
 542 0349 97000000 		.4byte	0x97
 543 034d 60       		.byte	0x60
 544 034e 07       		.uleb128 0x7
 545 034f 4C060000 		.4byte	.LASF71
 546 0353 04       		.byte	0x4
 547 0354 73       		.byte	0x73
 548 0355 B8000000 		.4byte	0xb8
 549 0359 64       		.byte	0x64
 550 035a 07       		.uleb128 0x7
 551 035b 61010000 		.4byte	.LASF72
 552 035f 04       		.byte	0x4
 553 0360 76       		.byte	0x76
 554 0361 AD000000 		.4byte	0xad
 555 0365 68       		.byte	0x68
 556 0366 07       		.uleb128 0x7
 557 0367 EF030000 		.4byte	.LASF73
 558 036b 04       		.byte	0x4
 559 036c 77       		.byte	0x77
 560 036d AD000000 		.4byte	0xad
 561 0371 6A       		.byte	0x6a
 562 0372 07       		.uleb128 0x7
 563 0373 8F040000 		.4byte	.LASF74
 564 0377 04       		.byte	0x4
 565 0378 78       		.byte	0x78
 566 0379 AD000000 		.4byte	0xad
 567 037d 6C       		.byte	0x6c
 568 037e 07       		.uleb128 0x7
 569 037f CA040000 		.4byte	.LASF75
 570 0383 04       		.byte	0x4
 571 0384 79       		.byte	0x79
ARM GAS  C:\Users\seths\AppData\Local\Temp\ccj52PSo.s 			page 12


 572 0385 AD000000 		.4byte	0xad
 573 0389 6E       		.byte	0x6e
 574 038a 07       		.uleb128 0x7
 575 038b DA060000 		.4byte	.LASF76
 576 038f 04       		.byte	0x4
 577 0390 7B       		.byte	0x7b
 578 0391 97000000 		.4byte	0x97
 579 0395 70       		.byte	0x70
 580 0396 07       		.uleb128 0x7
 581 0397 02020000 		.4byte	.LASF77
 582 039b 04       		.byte	0x4
 583 039c 7C       		.byte	0x7c
 584 039d 97000000 		.4byte	0x97
 585 03a1 71       		.byte	0x71
 586 03a2 07       		.uleb128 0x7
 587 03a3 A80A0000 		.4byte	.LASF78
 588 03a7 04       		.byte	0x4
 589 03a8 7D       		.byte	0x7d
 590 03a9 97000000 		.4byte	0x97
 591 03ad 72       		.byte	0x72
 592 03ae 07       		.uleb128 0x7
 593 03af CE050000 		.4byte	.LASF79
 594 03b3 04       		.byte	0x4
 595 03b4 7E       		.byte	0x7e
 596 03b5 97000000 		.4byte	0x97
 597 03b9 73       		.byte	0x73
 598 03ba 07       		.uleb128 0x7
 599 03bb 1C030000 		.4byte	.LASF80
 600 03bf 04       		.byte	0x4
 601 03c0 80       		.byte	0x80
 602 03c1 AD000000 		.4byte	0xad
 603 03c5 74       		.byte	0x74
 604 03c6 07       		.uleb128 0x7
 605 03c7 44080000 		.4byte	.LASF81
 606 03cb 04       		.byte	0x4
 607 03cc 81       		.byte	0x81
 608 03cd AD000000 		.4byte	0xad
 609 03d1 76       		.byte	0x76
 610 03d2 07       		.uleb128 0x7
 611 03d3 EB020000 		.4byte	.LASF82
 612 03d7 04       		.byte	0x4
 613 03d8 82       		.byte	0x82
 614 03d9 AD000000 		.4byte	0xad
 615 03dd 78       		.byte	0x78
 616 03de 07       		.uleb128 0x7
 617 03df C6000000 		.4byte	.LASF83
 618 03e3 04       		.byte	0x4
 619 03e4 83       		.byte	0x83
 620 03e5 AD000000 		.4byte	0xad
 621 03e9 7A       		.byte	0x7a
 622 03ea 07       		.uleb128 0x7
 623 03eb 120A0000 		.4byte	.LASF84
 624 03ef 04       		.byte	0x4
 625 03f0 86       		.byte	0x86
 626 03f1 97000000 		.4byte	0x97
 627 03f5 7C       		.byte	0x7c
 628 03f6 07       		.uleb128 0x7
ARM GAS  C:\Users\seths\AppData\Local\Temp\ccj52PSo.s 			page 13


 629 03f7 1E090000 		.4byte	.LASF85
 630 03fb 04       		.byte	0x4
 631 03fc 87       		.byte	0x87
 632 03fd 97000000 		.4byte	0x97
 633 0401 7D       		.byte	0x7d
 634 0402 07       		.uleb128 0x7
 635 0403 4A000000 		.4byte	.LASF86
 636 0407 04       		.byte	0x4
 637 0408 88       		.byte	0x88
 638 0409 97000000 		.4byte	0x97
 639 040d 7E       		.byte	0x7e
 640 040e 07       		.uleb128 0x7
 641 040f 2E030000 		.4byte	.LASF87
 642 0413 04       		.byte	0x4
 643 0414 89       		.byte	0x89
 644 0415 97000000 		.4byte	0x97
 645 0419 7F       		.byte	0x7f
 646 041a 07       		.uleb128 0x7
 647 041b B9030000 		.4byte	.LASF88
 648 041f 04       		.byte	0x4
 649 0420 8A       		.byte	0x8a
 650 0421 97000000 		.4byte	0x97
 651 0425 80       		.byte	0x80
 652 0426 07       		.uleb128 0x7
 653 0427 07090000 		.4byte	.LASF89
 654 042b 04       		.byte	0x4
 655 042c 8D       		.byte	0x8d
 656 042d B8000000 		.4byte	0xb8
 657 0431 84       		.byte	0x84
 658 0432 07       		.uleb128 0x7
 659 0433 9A020000 		.4byte	.LASF90
 660 0437 04       		.byte	0x4
 661 0438 8E       		.byte	0x8e
 662 0439 B8000000 		.4byte	0xb8
 663 043d 88       		.byte	0x88
 664 043e 07       		.uleb128 0x7
 665 043f FD090000 		.4byte	.LASF91
 666 0443 04       		.byte	0x4
 667 0444 8F       		.byte	0x8f
 668 0445 B8000000 		.4byte	0xb8
 669 0449 8C       		.byte	0x8c
 670 044a 07       		.uleb128 0x7
 671 044b 68050000 		.4byte	.LASF92
 672 044f 04       		.byte	0x4
 673 0450 90       		.byte	0x90
 674 0451 B8000000 		.4byte	0xb8
 675 0455 90       		.byte	0x90
 676 0456 07       		.uleb128 0x7
 677 0457 89030000 		.4byte	.LASF93
 678 045b 04       		.byte	0x4
 679 045c 91       		.byte	0x91
 680 045d B8000000 		.4byte	0xb8
 681 0461 94       		.byte	0x94
 682 0462 07       		.uleb128 0x7
 683 0463 28050000 		.4byte	.LASF94
 684 0467 04       		.byte	0x4
 685 0468 92       		.byte	0x92
ARM GAS  C:\Users\seths\AppData\Local\Temp\ccj52PSo.s 			page 14


 686 0469 B8000000 		.4byte	0xb8
 687 046d 98       		.byte	0x98
 688 046e 07       		.uleb128 0x7
 689 046f 680A0000 		.4byte	.LASF95
 690 0473 04       		.byte	0x4
 691 0474 93       		.byte	0x93
 692 0475 B8000000 		.4byte	0xb8
 693 0479 9C       		.byte	0x9c
 694 047a 07       		.uleb128 0x7
 695 047b 7B010000 		.4byte	.LASF96
 696 047f 04       		.byte	0x4
 697 0480 94       		.byte	0x94
 698 0481 B8000000 		.4byte	0xb8
 699 0485 A0       		.byte	0xa0
 700 0486 07       		.uleb128 0x7
 701 0487 3C020000 		.4byte	.LASF97
 702 048b 04       		.byte	0x4
 703 048c 95       		.byte	0x95
 704 048d AD000000 		.4byte	0xad
 705 0491 A4       		.byte	0xa4
 706 0492 07       		.uleb128 0x7
 707 0493 4B070000 		.4byte	.LASF98
 708 0497 04       		.byte	0x4
 709 0498 96       		.byte	0x96
 710 0499 AD000000 		.4byte	0xad
 711 049d A6       		.byte	0xa6
 712 049e 07       		.uleb128 0x7
 713 049f 67060000 		.4byte	.LASF99
 714 04a3 04       		.byte	0x4
 715 04a4 97       		.byte	0x97
 716 04a5 AD000000 		.4byte	0xad
 717 04a9 A8       		.byte	0xa8
 718 04aa 07       		.uleb128 0x7
 719 04ab 2B080000 		.4byte	.LASF100
 720 04af 04       		.byte	0x4
 721 04b0 98       		.byte	0x98
 722 04b1 AD000000 		.4byte	0xad
 723 04b5 AA       		.byte	0xaa
 724 04b6 07       		.uleb128 0x7
 725 04b7 9E040000 		.4byte	.LASF101
 726 04bb 04       		.byte	0x4
 727 04bc 99       		.byte	0x99
 728 04bd AD000000 		.4byte	0xad
 729 04c1 AC       		.byte	0xac
 730 04c2 07       		.uleb128 0x7
 731 04c3 E5050000 		.4byte	.LASF102
 732 04c7 04       		.byte	0x4
 733 04c8 9A       		.byte	0x9a
 734 04c9 AD000000 		.4byte	0xad
 735 04cd AE       		.byte	0xae
 736 04ce 07       		.uleb128 0x7
 737 04cf C4080000 		.4byte	.LASF103
 738 04d3 04       		.byte	0x4
 739 04d4 9D       		.byte	0x9d
 740 04d5 AD000000 		.4byte	0xad
 741 04d9 B0       		.byte	0xb0
 742 04da 07       		.uleb128 0x7
ARM GAS  C:\Users\seths\AppData\Local\Temp\ccj52PSo.s 			page 15


 743 04db 67000000 		.4byte	.LASF104
 744 04df 04       		.byte	0x4
 745 04e0 9E       		.byte	0x9e
 746 04e1 B8000000 		.4byte	0xb8
 747 04e5 B4       		.byte	0xb4
 748 04e6 00       		.byte	0
 749 04e7 03       		.uleb128 0x3
 750 04e8 AD050000 		.4byte	.LASF105
 751 04ec 04       		.byte	0x4
 752 04ed 9F       		.byte	0x9f
 753 04ee D6000000 		.4byte	0xd6
 754 04f2 02       		.uleb128 0x2
 755 04f3 01       		.byte	0x1
 756 04f4 08       		.byte	0x8
 757 04f5 0F080000 		.4byte	.LASF106
 758 04f9 02       		.uleb128 0x2
 759 04fa 04       		.byte	0x4
 760 04fb 04       		.byte	0x4
 761 04fc 46060000 		.4byte	.LASF107
 762 0500 02       		.uleb128 0x2
 763 0501 08       		.byte	0x8
 764 0502 04       		.byte	0x4
 765 0503 E4020000 		.4byte	.LASF108
 766 0507 08       		.uleb128 0x8
 767 0508 04       		.byte	0x4
 768 0509 02       		.uleb128 0x2
 769 050a 01       		.byte	0x1
 770 050b 02       		.byte	0x2
 771 050c 9A060000 		.4byte	.LASF109
 772 0510 09       		.uleb128 0x9
 773 0511 04       		.byte	0x4
 774 0512 16050000 		.4byte	0x516
 775 0516 0A       		.uleb128 0xa
 776 0517 21050000 		.4byte	0x521
 777 051b 0B       		.uleb128 0xb
 778 051c B8000000 		.4byte	0xb8
 779 0520 00       		.byte	0
 780 0521 0C       		.uleb128 0xc
 781 0522 39040000 		.4byte	.LASF110
 782 0526 05       		.byte	0x5
 783 0527 D901     		.2byte	0x1d9
 784 0529 10050000 		.4byte	0x510
 785 052d 0D       		.uleb128 0xd
 786 052e BE0A0000 		.4byte	.LASF126
 787 0532 38       		.byte	0x38
 788 0533 05       		.byte	0x5
 789 0534 7502     		.2byte	0x275
 790 0536 F1050000 		.4byte	0x5f1
 791 053a 0E       		.uleb128 0xe
 792 053b 78040000 		.4byte	.LASF111
 793 053f 05       		.byte	0x5
 794 0540 7802     		.2byte	0x278
 795 0542 CA000000 		.4byte	0xca
 796 0546 00       		.byte	0
 797 0547 0E       		.uleb128 0xe
 798 0548 0F060000 		.4byte	.LASF112
 799 054c 05       		.byte	0x5
ARM GAS  C:\Users\seths\AppData\Local\Temp\ccj52PSo.s 			page 16


 800 054d 7902     		.2byte	0x279
 801 054f CA000000 		.4byte	0xca
 802 0553 04       		.byte	0x4
 803 0554 0E       		.uleb128 0xe
 804 0555 71010000 		.4byte	.LASF113
 805 0559 05       		.byte	0x5
 806 055a 7B02     		.2byte	0x27b
 807 055c 07050000 		.4byte	0x507
 808 0560 08       		.byte	0x8
 809 0561 0E       		.uleb128 0xe
 810 0562 76080000 		.4byte	.LASF114
 811 0566 05       		.byte	0x5
 812 0567 7C02     		.2byte	0x27c
 813 0569 B8000000 		.4byte	0xb8
 814 056d 0C       		.byte	0xc
 815 056e 0E       		.uleb128 0xe
 816 056f 1A050000 		.4byte	.LASF115
 817 0573 05       		.byte	0x5
 818 0574 7D02     		.2byte	0x27d
 819 0576 CA000000 		.4byte	0xca
 820 057a 10       		.byte	0x10
 821 057b 0E       		.uleb128 0xe
 822 057c 510A0000 		.4byte	.LASF116
 823 0580 05       		.byte	0x5
 824 0581 7E02     		.2byte	0x27e
 825 0583 CA000000 		.4byte	0xca
 826 0587 14       		.byte	0x14
 827 0588 0E       		.uleb128 0xe
 828 0589 37090000 		.4byte	.LASF117
 829 058d 05       		.byte	0x5
 830 058e 8002     		.2byte	0x280
 831 0590 07050000 		.4byte	0x507
 832 0594 18       		.byte	0x18
 833 0595 0E       		.uleb128 0xe
 834 0596 21000000 		.4byte	.LASF118
 835 059a 05       		.byte	0x5
 836 059b 8102     		.2byte	0x281
 837 059d B8000000 		.4byte	0xb8
 838 05a1 1C       		.byte	0x1c
 839 05a2 0E       		.uleb128 0xe
 840 05a3 80030000 		.4byte	.LASF119
 841 05a7 05       		.byte	0x5
 842 05a8 8202     		.2byte	0x282
 843 05aa CA000000 		.4byte	0xca
 844 05ae 20       		.byte	0x20
 845 05af 0E       		.uleb128 0xe
 846 05b0 E3040000 		.4byte	.LASF120
 847 05b4 05       		.byte	0x5
 848 05b5 8402     		.2byte	0x284
 849 05b7 07050000 		.4byte	0x507
 850 05bb 24       		.byte	0x24
 851 05bc 0E       		.uleb128 0xe
 852 05bd 9E030000 		.4byte	.LASF121
 853 05c1 05       		.byte	0x5
 854 05c2 8502     		.2byte	0x285
 855 05c4 B8000000 		.4byte	0xb8
 856 05c8 28       		.byte	0x28
ARM GAS  C:\Users\seths\AppData\Local\Temp\ccj52PSo.s 			page 17


 857 05c9 0E       		.uleb128 0xe
 858 05ca 17020000 		.4byte	.LASF122
 859 05ce 05       		.byte	0x5
 860 05cf 8602     		.2byte	0x286
 861 05d1 CA000000 		.4byte	0xca
 862 05d5 2C       		.byte	0x2c
 863 05d6 0E       		.uleb128 0xe
 864 05d7 BA040000 		.4byte	.LASF123
 865 05db 05       		.byte	0x5
 866 05dc 8B02     		.2byte	0x28b
 867 05de 21050000 		.4byte	0x521
 868 05e2 30       		.byte	0x30
 869 05e3 0E       		.uleb128 0xe
 870 05e4 2F090000 		.4byte	.LASF124
 871 05e8 05       		.byte	0x5
 872 05e9 8E02     		.2byte	0x28e
 873 05eb B8000000 		.4byte	0xb8
 874 05ef 34       		.byte	0x34
 875 05f0 00       		.byte	0
 876 05f1 0C       		.uleb128 0xc
 877 05f2 49090000 		.4byte	.LASF125
 878 05f6 05       		.byte	0x5
 879 05f7 9102     		.2byte	0x291
 880 05f9 2D050000 		.4byte	0x52d
 881 05fd 0F       		.uleb128 0xf
 882 05fe 7D050000 		.4byte	.LASF127
 883 0602 4C       		.byte	0x4c
 884 0603 06       		.byte	0x6
 885 0604 2F       		.byte	0x2f
 886 0605 EE060000 		.4byte	0x6ee
 887 0609 07       		.uleb128 0x7
 888 060a 1B010000 		.4byte	.LASF128
 889 060e 06       		.byte	0x6
 890 060f 31       		.byte	0x31
 891 0610 B8000000 		.4byte	0xb8
 892 0614 00       		.byte	0
 893 0615 07       		.uleb128 0x7
 894 0616 52010000 		.4byte	.LASF129
 895 061a 06       		.byte	0x6
 896 061b 33       		.byte	0x33
 897 061c B8000000 		.4byte	0xb8
 898 0620 04       		.byte	0x4
 899 0621 07       		.uleb128 0x7
 900 0622 19000000 		.4byte	.LASF130
 901 0626 06       		.byte	0x6
 902 0627 34       		.byte	0x34
 903 0628 B8000000 		.4byte	0xb8
 904 062c 08       		.byte	0x8
 905 062d 07       		.uleb128 0x7
 906 062e F4000000 		.4byte	.LASF131
 907 0632 06       		.byte	0x6
 908 0633 35       		.byte	0x35
 909 0634 B8000000 		.4byte	0xb8
 910 0638 0C       		.byte	0xc
 911 0639 07       		.uleb128 0x7
 912 063a 13070000 		.4byte	.LASF132
 913 063e 06       		.byte	0x6
ARM GAS  C:\Users\seths\AppData\Local\Temp\ccj52PSo.s 			page 18


 914 063f 37       		.byte	0x37
 915 0640 B8000000 		.4byte	0xb8
 916 0644 10       		.byte	0x10
 917 0645 07       		.uleb128 0x7
 918 0646 5F0A0000 		.4byte	.LASF133
 919 064a 06       		.byte	0x6
 920 064b 38       		.byte	0x38
 921 064c B8000000 		.4byte	0xb8
 922 0650 14       		.byte	0x14
 923 0651 07       		.uleb128 0x7
 924 0652 FE080000 		.4byte	.LASF134
 925 0656 06       		.byte	0x6
 926 0657 39       		.byte	0x39
 927 0658 B8000000 		.4byte	0xb8
 928 065c 18       		.byte	0x18
 929 065d 07       		.uleb128 0x7
 930 065e 27040000 		.4byte	.LASF135
 931 0662 06       		.byte	0x6
 932 0663 3A       		.byte	0x3a
 933 0664 09050000 		.4byte	0x509
 934 0668 1C       		.byte	0x1c
 935 0669 07       		.uleb128 0x7
 936 066a A8030000 		.4byte	.LASF136
 937 066e 06       		.byte	0x6
 938 066f 3C       		.byte	0x3c
 939 0670 B8000000 		.4byte	0xb8
 940 0674 20       		.byte	0x20
 941 0675 07       		.uleb128 0x7
 942 0676 0B030000 		.4byte	.LASF137
 943 067a 06       		.byte	0x6
 944 067b 3D       		.byte	0x3d
 945 067c B8000000 		.4byte	0xb8
 946 0680 24       		.byte	0x24
 947 0681 07       		.uleb128 0x7
 948 0682 2E010000 		.4byte	.LASF138
 949 0686 06       		.byte	0x6
 950 0687 3F       		.byte	0x3f
 951 0688 B8000000 		.4byte	0xb8
 952 068c 28       		.byte	0x28
 953 068d 07       		.uleb128 0x7
 954 068e 410A0000 		.4byte	.LASF139
 955 0692 06       		.byte	0x6
 956 0693 40       		.byte	0x40
 957 0694 B8000000 		.4byte	0xb8
 958 0698 2C       		.byte	0x2c
 959 0699 07       		.uleb128 0x7
 960 069a 84080000 		.4byte	.LASF140
 961 069e 06       		.byte	0x6
 962 069f 42       		.byte	0x42
 963 06a0 B8000000 		.4byte	0xb8
 964 06a4 30       		.byte	0x30
 965 06a5 07       		.uleb128 0x7
 966 06a6 D2080000 		.4byte	.LASF141
 967 06aa 06       		.byte	0x6
 968 06ab 43       		.byte	0x43
 969 06ac B8000000 		.4byte	0xb8
 970 06b0 34       		.byte	0x34
ARM GAS  C:\Users\seths\AppData\Local\Temp\ccj52PSo.s 			page 19


 971 06b1 07       		.uleb128 0x7
 972 06b2 3E050000 		.4byte	.LASF142
 973 06b6 06       		.byte	0x6
 974 06b7 45       		.byte	0x45
 975 06b8 B8000000 		.4byte	0xb8
 976 06bc 38       		.byte	0x38
 977 06bd 07       		.uleb128 0x7
 978 06be 03010000 		.4byte	.LASF143
 979 06c2 06       		.byte	0x6
 980 06c3 46       		.byte	0x46
 981 06c4 B8000000 		.4byte	0xb8
 982 06c8 3C       		.byte	0x3c
 983 06c9 07       		.uleb128 0x7
 984 06ca BA080000 		.4byte	.LASF144
 985 06ce 06       		.byte	0x6
 986 06cf 48       		.byte	0x48
 987 06d0 B8000000 		.4byte	0xb8
 988 06d4 40       		.byte	0x40
 989 06d5 07       		.uleb128 0x7
 990 06d6 870A0000 		.4byte	.LASF145
 991 06da 06       		.byte	0x6
 992 06db 49       		.byte	0x49
 993 06dc B8000000 		.4byte	0xb8
 994 06e0 44       		.byte	0x44
 995 06e1 07       		.uleb128 0x7
 996 06e2 14080000 		.4byte	.LASF146
 997 06e6 06       		.byte	0x6
 998 06e7 4B       		.byte	0x4b
 999 06e8 B8000000 		.4byte	0xb8
 1000 06ec 48       		.byte	0x48
 1001 06ed 00       		.byte	0
 1002 06ee 03       		.uleb128 0x3
 1003 06ef E4010000 		.4byte	.LASF147
 1004 06f3 06       		.byte	0x6
 1005 06f4 4C       		.byte	0x4c
 1006 06f5 FD050000 		.4byte	0x5fd
 1007 06f9 0F       		.uleb128 0xf
 1008 06fa 6A020000 		.4byte	.LASF148
 1009 06fe 64       		.byte	0x64
 1010 06ff 07       		.byte	0x7
 1011 0700 2F       		.byte	0x2f
 1012 0701 32080000 		.4byte	0x832
 1013 0705 07       		.uleb128 0x7
 1014 0706 3E060000 		.4byte	.LASF149
 1015 070a 07       		.byte	0x7
 1016 070b 31       		.byte	0x31
 1017 070c B8000000 		.4byte	0xb8
 1018 0710 00       		.byte	0
 1019 0711 07       		.uleb128 0x7
 1020 0712 52010000 		.4byte	.LASF129
 1021 0716 07       		.byte	0x7
 1022 0717 33       		.byte	0x33
 1023 0718 B8000000 		.4byte	0xb8
 1024 071c 04       		.byte	0x4
 1025 071d 07       		.uleb128 0x7
 1026 071e A1000000 		.4byte	.LASF150
 1027 0722 07       		.byte	0x7
ARM GAS  C:\Users\seths\AppData\Local\Temp\ccj52PSo.s 			page 20


 1028 0723 34       		.byte	0x34
 1029 0724 B8000000 		.4byte	0xb8
 1030 0728 08       		.byte	0x8
 1031 0729 07       		.uleb128 0x7
 1032 072a 0B050000 		.4byte	.LASF151
 1033 072e 07       		.byte	0x7
 1034 072f 35       		.byte	0x35
 1035 0730 B8000000 		.4byte	0xb8
 1036 0734 0C       		.byte	0xc
 1037 0735 07       		.uleb128 0x7
 1038 0736 19000000 		.4byte	.LASF130
 1039 073a 07       		.byte	0x7
 1040 073b 36       		.byte	0x36
 1041 073c B8000000 		.4byte	0xb8
 1042 0740 10       		.byte	0x10
 1043 0741 07       		.uleb128 0x7
 1044 0742 EE080000 		.4byte	.LASF152
 1045 0746 07       		.byte	0x7
 1046 0747 37       		.byte	0x37
 1047 0748 B8000000 		.4byte	0xb8
 1048 074c 14       		.byte	0x14
 1049 074d 07       		.uleb128 0x7
 1050 074e F6080000 		.4byte	.LASF153
 1051 0752 07       		.byte	0x7
 1052 0753 38       		.byte	0x38
 1053 0754 B8000000 		.4byte	0xb8
 1054 0758 18       		.byte	0x18
 1055 0759 07       		.uleb128 0x7
 1056 075a 02070000 		.4byte	.LASF154
 1057 075e 07       		.byte	0x7
 1058 075f 39       		.byte	0x39
 1059 0760 09050000 		.4byte	0x509
 1060 0764 1C       		.byte	0x1c
 1061 0765 07       		.uleb128 0x7
 1062 0766 5F0A0000 		.4byte	.LASF133
 1063 076a 07       		.byte	0x7
 1064 076b 3A       		.byte	0x3a
 1065 076c B8000000 		.4byte	0xb8
 1066 0770 20       		.byte	0x20
 1067 0771 07       		.uleb128 0x7
 1068 0772 FE080000 		.4byte	.LASF134
 1069 0776 07       		.byte	0x7
 1070 0777 3B       		.byte	0x3b
 1071 0778 B8000000 		.4byte	0xb8
 1072 077c 24       		.byte	0x24
 1073 077d 07       		.uleb128 0x7
 1074 077e 27040000 		.4byte	.LASF135
 1075 0782 07       		.byte	0x7
 1076 0783 3C       		.byte	0x3c
 1077 0784 09050000 		.4byte	0x509
 1078 0788 28       		.byte	0x28
 1079 0789 07       		.uleb128 0x7
 1080 078a A8030000 		.4byte	.LASF136
 1081 078e 07       		.byte	0x7
 1082 078f 3E       		.byte	0x3e
 1083 0790 B8000000 		.4byte	0xb8
 1084 0794 2C       		.byte	0x2c
ARM GAS  C:\Users\seths\AppData\Local\Temp\ccj52PSo.s 			page 21


 1085 0795 07       		.uleb128 0x7
 1086 0796 FE040000 		.4byte	.LASF155
 1087 079a 07       		.byte	0x7
 1088 079b 3F       		.byte	0x3f
 1089 079c B8000000 		.4byte	0xb8
 1090 07a0 30       		.byte	0x30
 1091 07a1 07       		.uleb128 0x7
 1092 07a2 78090000 		.4byte	.LASF156
 1093 07a6 07       		.byte	0x7
 1094 07a7 40       		.byte	0x40
 1095 07a8 B8000000 		.4byte	0xb8
 1096 07ac 34       		.byte	0x34
 1097 07ad 07       		.uleb128 0x7
 1098 07ae 89060000 		.4byte	.LASF157
 1099 07b2 07       		.byte	0x7
 1100 07b3 41       		.byte	0x41
 1101 07b4 B8000000 		.4byte	0xb8
 1102 07b8 38       		.byte	0x38
 1103 07b9 07       		.uleb128 0x7
 1104 07ba 81040000 		.4byte	.LASF158
 1105 07be 07       		.byte	0x7
 1106 07bf 42       		.byte	0x42
 1107 07c0 B8000000 		.4byte	0xb8
 1108 07c4 3C       		.byte	0x3c
 1109 07c5 07       		.uleb128 0x7
 1110 07c6 91010000 		.4byte	.LASF159
 1111 07ca 07       		.byte	0x7
 1112 07cb 44       		.byte	0x44
 1113 07cc B8000000 		.4byte	0xb8
 1114 07d0 40       		.byte	0x40
 1115 07d1 07       		.uleb128 0x7
 1116 07d2 410A0000 		.4byte	.LASF139
 1117 07d6 07       		.byte	0x7
 1118 07d7 45       		.byte	0x45
 1119 07d8 B8000000 		.4byte	0xb8
 1120 07dc 44       		.byte	0x44
 1121 07dd 07       		.uleb128 0x7
 1122 07de 84080000 		.4byte	.LASF140
 1123 07e2 07       		.byte	0x7
 1124 07e3 47       		.byte	0x47
 1125 07e4 B8000000 		.4byte	0xb8
 1126 07e8 48       		.byte	0x48
 1127 07e9 07       		.uleb128 0x7
 1128 07ea D2080000 		.4byte	.LASF141
 1129 07ee 07       		.byte	0x7
 1130 07ef 48       		.byte	0x48
 1131 07f0 B8000000 		.4byte	0xb8
 1132 07f4 4C       		.byte	0x4c
 1133 07f5 07       		.uleb128 0x7
 1134 07f6 3E050000 		.4byte	.LASF142
 1135 07fa 07       		.byte	0x7
 1136 07fb 4A       		.byte	0x4a
 1137 07fc B8000000 		.4byte	0xb8
 1138 0800 50       		.byte	0x50
 1139 0801 07       		.uleb128 0x7
 1140 0802 AC040000 		.4byte	.LASF160
 1141 0806 07       		.byte	0x7
ARM GAS  C:\Users\seths\AppData\Local\Temp\ccj52PSo.s 			page 22


 1142 0807 4B       		.byte	0x4b
 1143 0808 B8000000 		.4byte	0xb8
 1144 080c 54       		.byte	0x54
 1145 080d 07       		.uleb128 0x7
 1146 080e 5D000000 		.4byte	.LASF161
 1147 0812 07       		.byte	0x7
 1148 0813 4D       		.byte	0x4d
 1149 0814 B8000000 		.4byte	0xb8
 1150 0818 58       		.byte	0x58
 1151 0819 07       		.uleb128 0x7
 1152 081a 870A0000 		.4byte	.LASF145
 1153 081e 07       		.byte	0x7
 1154 081f 4E       		.byte	0x4e
 1155 0820 B8000000 		.4byte	0xb8
 1156 0824 5C       		.byte	0x5c
 1157 0825 07       		.uleb128 0x7
 1158 0826 14080000 		.4byte	.LASF146
 1159 082a 07       		.byte	0x7
 1160 082b 50       		.byte	0x50
 1161 082c B8000000 		.4byte	0xb8
 1162 0830 60       		.byte	0x60
 1163 0831 00       		.byte	0
 1164 0832 03       		.uleb128 0x3
 1165 0833 270A0000 		.4byte	.LASF162
 1166 0837 07       		.byte	0x7
 1167 0838 51       		.byte	0x51
 1168 0839 F9060000 		.4byte	0x6f9
 1169 083d 10       		.uleb128 0x10
 1170 083e 02       		.byte	0x2
 1171 083f 08       		.byte	0x8
 1172 0840 6001     		.2byte	0x160
 1173 0842 61080000 		.4byte	0x861
 1174 0846 0E       		.uleb128 0xe
 1175 0847 7E0A0000 		.4byte	.LASF163
 1176 084b 08       		.byte	0x8
 1177 084c 6A01     		.2byte	0x16a
 1178 084e 97000000 		.4byte	0x97
 1179 0852 00       		.byte	0
 1180 0853 0E       		.uleb128 0xe
 1181 0854 49050000 		.4byte	.LASF164
 1182 0858 08       		.byte	0x8
 1183 0859 6E01     		.2byte	0x16e
 1184 085b 97000000 		.4byte	0x97
 1185 085f 01       		.byte	0x1
 1186 0860 00       		.byte	0
 1187 0861 0C       		.uleb128 0xc
 1188 0862 DB000000 		.4byte	.LASF165
 1189 0866 08       		.byte	0x8
 1190 0867 7001     		.2byte	0x170
 1191 0869 3D080000 		.4byte	0x83d
 1192 086d 11       		.uleb128 0x11
 1193 086e AE060000 		.4byte	.LASF175
 1194 0872 01       		.byte	0x1
 1195 0873 2B       		.byte	0x2b
 1196 0874 61080000 		.4byte	0x861
 1197 0878 00000000 		.4byte	.LFB522
 1198 087c 20000000 		.4byte	.LFE522-.LFB522
ARM GAS  C:\Users\seths\AppData\Local\Temp\ccj52PSo.s 			page 23


 1199 0880 01       		.uleb128 0x1
 1200 0881 9C       		.byte	0x9c
 1201 0882 A5080000 		.4byte	0x8a5
 1202 0886 12       		.uleb128 0x12
 1203 0887 10000000 		.4byte	.LVL0
 1204 088b 58090000 		.4byte	0x958
 1205 088f 13       		.uleb128 0x13
 1206 0890 01       		.uleb128 0x1
 1207 0891 50       		.byte	0x50
 1208 0892 02       		.uleb128 0x2
 1209 0893 74       		.byte	0x74
 1210 0894 00       		.sleb128 0
 1211 0895 13       		.uleb128 0x13
 1212 0896 01       		.uleb128 0x1
 1213 0897 51       		.byte	0x51
 1214 0898 05       		.uleb128 0x5
 1215 0899 03       		.byte	0x3
 1216 089a 00000000 		.4byte	connHandle
 1217 089e 13       		.uleb128 0x13
 1218 089f 01       		.uleb128 0x1
 1219 08a0 52       		.byte	0x52
 1220 08a1 01       		.uleb128 0x1
 1221 08a2 32       		.byte	0x32
 1222 08a3 00       		.byte	0
 1223 08a4 00       		.byte	0
 1224 08a5 14       		.uleb128 0x14
 1225 08a6 AC080000 		.4byte	.LASF176
 1226 08aa 01       		.byte	0x1
 1227 08ab 30       		.byte	0x30
 1228 08ac 00000000 		.4byte	.LFB523
 1229 08b0 28000000 		.4byte	.LFE523-.LFB523
 1230 08b4 01       		.uleb128 0x1
 1231 08b5 9C       		.byte	0x9c
 1232 08b6 FB080000 		.4byte	0x8fb
 1233 08ba 15       		.uleb128 0x15
 1234 08bb 42030000 		.4byte	.LASF177
 1235 08bf 01       		.byte	0x1
 1236 08c0 30       		.byte	0x30
 1237 08c1 61080000 		.4byte	0x861
 1238 08c5 02       		.uleb128 0x2
 1239 08c6 91       		.byte	0x91
 1240 08c7 74       		.sleb128 -12
 1241 08c8 16       		.uleb128 0x16
 1242 08c9 12000000 		.4byte	.LVL1
 1243 08cd 58090000 		.4byte	0x958
 1244 08d1 E7080000 		.4byte	0x8e7
 1245 08d5 13       		.uleb128 0x13
 1246 08d6 01       		.uleb128 0x1
 1247 08d7 50       		.byte	0x50
 1248 08d8 02       		.uleb128 0x2
 1249 08d9 74       		.byte	0x74
 1250 08da 00       		.sleb128 0
 1251 08db 13       		.uleb128 0x13
 1252 08dc 01       		.uleb128 0x1
 1253 08dd 51       		.byte	0x51
 1254 08de 02       		.uleb128 0x2
 1255 08df 91       		.byte	0x91
ARM GAS  C:\Users\seths\AppData\Local\Temp\ccj52PSo.s 			page 24


 1256 08e0 74       		.sleb128 -12
 1257 08e1 13       		.uleb128 0x13
 1258 08e2 01       		.uleb128 0x1
 1259 08e3 52       		.byte	0x52
 1260 08e4 01       		.uleb128 0x1
 1261 08e5 32       		.byte	0x32
 1262 08e6 00       		.byte	0
 1263 08e7 12       		.uleb128 0x12
 1264 08e8 1C000000 		.4byte	.LVL2
 1265 08ec 61090000 		.4byte	0x961
 1266 08f0 13       		.uleb128 0x13
 1267 08f1 01       		.uleb128 0x1
 1268 08f2 50       		.byte	0x50
 1269 08f3 05       		.uleb128 0x5
 1270 08f4 03       		.byte	0x3
 1271 08f5 00000000 		.4byte	.LC2
 1272 08f9 00       		.byte	0
 1273 08fa 00       		.byte	0
 1274 08fb 17       		.uleb128 0x17
 1275 08fc 5D060000 		.4byte	.LASF166
 1276 0900 04       		.byte	0x4
 1277 0901 A7       		.byte	0xa7
 1278 0902 06090000 		.4byte	0x906
 1279 0906 09       		.uleb128 0x9
 1280 0907 04       		.byte	0x4
 1281 0908 0C090000 		.4byte	0x90c
 1282 090c 18       		.uleb128 0x18
 1283 090d E7040000 		.4byte	0x4e7
 1284 0911 17       		.uleb128 0x17
 1285 0912 8B020000 		.4byte	.LASF167
 1286 0916 09       		.byte	0x9
 1287 0917 87       		.byte	0x87
 1288 0918 F1050000 		.4byte	0x5f1
 1289 091c 17       		.uleb128 0x17
 1290 091d 9E090000 		.4byte	.LASF168
 1291 0921 0A       		.byte	0xa
 1292 0922 1F       		.byte	0x1f
 1293 0923 27090000 		.4byte	0x927
 1294 0927 18       		.uleb128 0x18
 1295 0928 32080000 		.4byte	0x832
 1296 092c 17       		.uleb128 0x17
 1297 092d E9040000 		.4byte	.LASF169
 1298 0931 0B       		.byte	0xb
 1299 0932 1F       		.byte	0x1f
 1300 0933 27090000 		.4byte	0x927
 1301 0937 17       		.uleb128 0x17
 1302 0938 9B010000 		.4byte	.LASF170
 1303 093c 0C       		.byte	0xc
 1304 093d 1F       		.byte	0x1f
 1305 093e 42090000 		.4byte	0x942
 1306 0942 18       		.uleb128 0x18
 1307 0943 EE060000 		.4byte	0x6ee
 1308 0947 19       		.uleb128 0x19
 1309 0948 2B000000 		.4byte	.LASF171
 1310 094c 01       		.byte	0x1
 1311 094d 26       		.byte	0x26
 1312 094e 61080000 		.4byte	0x861
ARM GAS  C:\Users\seths\AppData\Local\Temp\ccj52PSo.s 			page 25


 1313 0952 05       		.uleb128 0x5
 1314 0953 03       		.byte	0x3
 1315 0954 00000000 		.4byte	connHandle
 1316 0958 1A       		.uleb128 0x1a
 1317 0959 C3040000 		.4byte	.LASF178
 1318 095d C3040000 		.4byte	.LASF178
 1319 0961 1B       		.uleb128 0x1b
 1320 0962 00000000 		.4byte	.LASF179
 1321 0966 00000000 		.4byte	.LASF179
 1322 096a 0D       		.byte	0xd
 1323 096b BB       		.byte	0xbb
 1324 096c 00       		.byte	0
 1325              		.section	.debug_abbrev,"",%progbits
 1326              	.Ldebug_abbrev0:
 1327 0000 01       		.uleb128 0x1
 1328 0001 11       		.uleb128 0x11
 1329 0002 01       		.byte	0x1
 1330 0003 25       		.uleb128 0x25
 1331 0004 0E       		.uleb128 0xe
 1332 0005 13       		.uleb128 0x13
 1333 0006 0B       		.uleb128 0xb
 1334 0007 03       		.uleb128 0x3
 1335 0008 0E       		.uleb128 0xe
 1336 0009 1B       		.uleb128 0x1b
 1337 000a 0E       		.uleb128 0xe
 1338 000b 55       		.uleb128 0x55
 1339 000c 17       		.uleb128 0x17
 1340 000d 11       		.uleb128 0x11
 1341 000e 01       		.uleb128 0x1
 1342 000f 10       		.uleb128 0x10
 1343 0010 17       		.uleb128 0x17
 1344 0011 00       		.byte	0
 1345 0012 00       		.byte	0
 1346 0013 02       		.uleb128 0x2
 1347 0014 24       		.uleb128 0x24
 1348 0015 00       		.byte	0
 1349 0016 0B       		.uleb128 0xb
 1350 0017 0B       		.uleb128 0xb
 1351 0018 3E       		.uleb128 0x3e
 1352 0019 0B       		.uleb128 0xb
 1353 001a 03       		.uleb128 0x3
 1354 001b 0E       		.uleb128 0xe
 1355 001c 00       		.byte	0
 1356 001d 00       		.byte	0
 1357 001e 03       		.uleb128 0x3
 1358 001f 16       		.uleb128 0x16
 1359 0020 00       		.byte	0
 1360 0021 03       		.uleb128 0x3
 1361 0022 0E       		.uleb128 0xe
 1362 0023 3A       		.uleb128 0x3a
 1363 0024 0B       		.uleb128 0xb
 1364 0025 3B       		.uleb128 0x3b
 1365 0026 0B       		.uleb128 0xb
 1366 0027 49       		.uleb128 0x49
 1367 0028 13       		.uleb128 0x13
 1368 0029 00       		.byte	0
 1369 002a 00       		.byte	0
ARM GAS  C:\Users\seths\AppData\Local\Temp\ccj52PSo.s 			page 26


 1370 002b 04       		.uleb128 0x4
 1371 002c 24       		.uleb128 0x24
 1372 002d 00       		.byte	0
 1373 002e 0B       		.uleb128 0xb
 1374 002f 0B       		.uleb128 0xb
 1375 0030 3E       		.uleb128 0x3e
 1376 0031 0B       		.uleb128 0xb
 1377 0032 03       		.uleb128 0x3
 1378 0033 08       		.uleb128 0x8
 1379 0034 00       		.byte	0
 1380 0035 00       		.byte	0
 1381 0036 05       		.uleb128 0x5
 1382 0037 35       		.uleb128 0x35
 1383 0038 00       		.byte	0
 1384 0039 49       		.uleb128 0x49
 1385 003a 13       		.uleb128 0x13
 1386 003b 00       		.byte	0
 1387 003c 00       		.byte	0
 1388 003d 06       		.uleb128 0x6
 1389 003e 13       		.uleb128 0x13
 1390 003f 01       		.byte	0x1
 1391 0040 0B       		.uleb128 0xb
 1392 0041 0B       		.uleb128 0xb
 1393 0042 3A       		.uleb128 0x3a
 1394 0043 0B       		.uleb128 0xb
 1395 0044 3B       		.uleb128 0x3b
 1396 0045 0B       		.uleb128 0xb
 1397 0046 01       		.uleb128 0x1
 1398 0047 13       		.uleb128 0x13
 1399 0048 00       		.byte	0
 1400 0049 00       		.byte	0
 1401 004a 07       		.uleb128 0x7
 1402 004b 0D       		.uleb128 0xd
 1403 004c 00       		.byte	0
 1404 004d 03       		.uleb128 0x3
 1405 004e 0E       		.uleb128 0xe
 1406 004f 3A       		.uleb128 0x3a
 1407 0050 0B       		.uleb128 0xb
 1408 0051 3B       		.uleb128 0x3b
 1409 0052 0B       		.uleb128 0xb
 1410 0053 49       		.uleb128 0x49
 1411 0054 13       		.uleb128 0x13
 1412 0055 38       		.uleb128 0x38
 1413 0056 0B       		.uleb128 0xb
 1414 0057 00       		.byte	0
 1415 0058 00       		.byte	0
 1416 0059 08       		.uleb128 0x8
 1417 005a 0F       		.uleb128 0xf
 1418 005b 00       		.byte	0
 1419 005c 0B       		.uleb128 0xb
 1420 005d 0B       		.uleb128 0xb
 1421 005e 00       		.byte	0
 1422 005f 00       		.byte	0
 1423 0060 09       		.uleb128 0x9
 1424 0061 0F       		.uleb128 0xf
 1425 0062 00       		.byte	0
 1426 0063 0B       		.uleb128 0xb
ARM GAS  C:\Users\seths\AppData\Local\Temp\ccj52PSo.s 			page 27


 1427 0064 0B       		.uleb128 0xb
 1428 0065 49       		.uleb128 0x49
 1429 0066 13       		.uleb128 0x13
 1430 0067 00       		.byte	0
 1431 0068 00       		.byte	0
 1432 0069 0A       		.uleb128 0xa
 1433 006a 15       		.uleb128 0x15
 1434 006b 01       		.byte	0x1
 1435 006c 27       		.uleb128 0x27
 1436 006d 19       		.uleb128 0x19
 1437 006e 01       		.uleb128 0x1
 1438 006f 13       		.uleb128 0x13
 1439 0070 00       		.byte	0
 1440 0071 00       		.byte	0
 1441 0072 0B       		.uleb128 0xb
 1442 0073 05       		.uleb128 0x5
 1443 0074 00       		.byte	0
 1444 0075 49       		.uleb128 0x49
 1445 0076 13       		.uleb128 0x13
 1446 0077 00       		.byte	0
 1447 0078 00       		.byte	0
 1448 0079 0C       		.uleb128 0xc
 1449 007a 16       		.uleb128 0x16
 1450 007b 00       		.byte	0
 1451 007c 03       		.uleb128 0x3
 1452 007d 0E       		.uleb128 0xe
 1453 007e 3A       		.uleb128 0x3a
 1454 007f 0B       		.uleb128 0xb
 1455 0080 3B       		.uleb128 0x3b
 1456 0081 05       		.uleb128 0x5
 1457 0082 49       		.uleb128 0x49
 1458 0083 13       		.uleb128 0x13
 1459 0084 00       		.byte	0
 1460 0085 00       		.byte	0
 1461 0086 0D       		.uleb128 0xd
 1462 0087 13       		.uleb128 0x13
 1463 0088 01       		.byte	0x1
 1464 0089 03       		.uleb128 0x3
 1465 008a 0E       		.uleb128 0xe
 1466 008b 0B       		.uleb128 0xb
 1467 008c 0B       		.uleb128 0xb
 1468 008d 3A       		.uleb128 0x3a
 1469 008e 0B       		.uleb128 0xb
 1470 008f 3B       		.uleb128 0x3b
 1471 0090 05       		.uleb128 0x5
 1472 0091 01       		.uleb128 0x1
 1473 0092 13       		.uleb128 0x13
 1474 0093 00       		.byte	0
 1475 0094 00       		.byte	0
 1476 0095 0E       		.uleb128 0xe
 1477 0096 0D       		.uleb128 0xd
 1478 0097 00       		.byte	0
 1479 0098 03       		.uleb128 0x3
 1480 0099 0E       		.uleb128 0xe
 1481 009a 3A       		.uleb128 0x3a
 1482 009b 0B       		.uleb128 0xb
 1483 009c 3B       		.uleb128 0x3b
ARM GAS  C:\Users\seths\AppData\Local\Temp\ccj52PSo.s 			page 28


 1484 009d 05       		.uleb128 0x5
 1485 009e 49       		.uleb128 0x49
 1486 009f 13       		.uleb128 0x13
 1487 00a0 38       		.uleb128 0x38
 1488 00a1 0B       		.uleb128 0xb
 1489 00a2 00       		.byte	0
 1490 00a3 00       		.byte	0
 1491 00a4 0F       		.uleb128 0xf
 1492 00a5 13       		.uleb128 0x13
 1493 00a6 01       		.byte	0x1
 1494 00a7 03       		.uleb128 0x3
 1495 00a8 0E       		.uleb128 0xe
 1496 00a9 0B       		.uleb128 0xb
 1497 00aa 0B       		.uleb128 0xb
 1498 00ab 3A       		.uleb128 0x3a
 1499 00ac 0B       		.uleb128 0xb
 1500 00ad 3B       		.uleb128 0x3b
 1501 00ae 0B       		.uleb128 0xb
 1502 00af 01       		.uleb128 0x1
 1503 00b0 13       		.uleb128 0x13
 1504 00b1 00       		.byte	0
 1505 00b2 00       		.byte	0
 1506 00b3 10       		.uleb128 0x10
 1507 00b4 13       		.uleb128 0x13
 1508 00b5 01       		.byte	0x1
 1509 00b6 0B       		.uleb128 0xb
 1510 00b7 0B       		.uleb128 0xb
 1511 00b8 3A       		.uleb128 0x3a
 1512 00b9 0B       		.uleb128 0xb
 1513 00ba 3B       		.uleb128 0x3b
 1514 00bb 05       		.uleb128 0x5
 1515 00bc 01       		.uleb128 0x1
 1516 00bd 13       		.uleb128 0x13
 1517 00be 00       		.byte	0
 1518 00bf 00       		.byte	0
 1519 00c0 11       		.uleb128 0x11
 1520 00c1 2E       		.uleb128 0x2e
 1521 00c2 01       		.byte	0x1
 1522 00c3 3F       		.uleb128 0x3f
 1523 00c4 19       		.uleb128 0x19
 1524 00c5 03       		.uleb128 0x3
 1525 00c6 0E       		.uleb128 0xe
 1526 00c7 3A       		.uleb128 0x3a
 1527 00c8 0B       		.uleb128 0xb
 1528 00c9 3B       		.uleb128 0x3b
 1529 00ca 0B       		.uleb128 0xb
 1530 00cb 27       		.uleb128 0x27
 1531 00cc 19       		.uleb128 0x19
 1532 00cd 49       		.uleb128 0x49
 1533 00ce 13       		.uleb128 0x13
 1534 00cf 11       		.uleb128 0x11
 1535 00d0 01       		.uleb128 0x1
 1536 00d1 12       		.uleb128 0x12
 1537 00d2 06       		.uleb128 0x6
 1538 00d3 40       		.uleb128 0x40
 1539 00d4 18       		.uleb128 0x18
 1540 00d5 9742     		.uleb128 0x2117
ARM GAS  C:\Users\seths\AppData\Local\Temp\ccj52PSo.s 			page 29


 1541 00d7 19       		.uleb128 0x19
 1542 00d8 01       		.uleb128 0x1
 1543 00d9 13       		.uleb128 0x13
 1544 00da 00       		.byte	0
 1545 00db 00       		.byte	0
 1546 00dc 12       		.uleb128 0x12
 1547 00dd 898201   		.uleb128 0x4109
 1548 00e0 01       		.byte	0x1
 1549 00e1 11       		.uleb128 0x11
 1550 00e2 01       		.uleb128 0x1
 1551 00e3 31       		.uleb128 0x31
 1552 00e4 13       		.uleb128 0x13
 1553 00e5 00       		.byte	0
 1554 00e6 00       		.byte	0
 1555 00e7 13       		.uleb128 0x13
 1556 00e8 8A8201   		.uleb128 0x410a
 1557 00eb 00       		.byte	0
 1558 00ec 02       		.uleb128 0x2
 1559 00ed 18       		.uleb128 0x18
 1560 00ee 9142     		.uleb128 0x2111
 1561 00f0 18       		.uleb128 0x18
 1562 00f1 00       		.byte	0
 1563 00f2 00       		.byte	0
 1564 00f3 14       		.uleb128 0x14
 1565 00f4 2E       		.uleb128 0x2e
 1566 00f5 01       		.byte	0x1
 1567 00f6 3F       		.uleb128 0x3f
 1568 00f7 19       		.uleb128 0x19
 1569 00f8 03       		.uleb128 0x3
 1570 00f9 0E       		.uleb128 0xe
 1571 00fa 3A       		.uleb128 0x3a
 1572 00fb 0B       		.uleb128 0xb
 1573 00fc 3B       		.uleb128 0x3b
 1574 00fd 0B       		.uleb128 0xb
 1575 00fe 27       		.uleb128 0x27
 1576 00ff 19       		.uleb128 0x19
 1577 0100 11       		.uleb128 0x11
 1578 0101 01       		.uleb128 0x1
 1579 0102 12       		.uleb128 0x12
 1580 0103 06       		.uleb128 0x6
 1581 0104 40       		.uleb128 0x40
 1582 0105 18       		.uleb128 0x18
 1583 0106 9742     		.uleb128 0x2117
 1584 0108 19       		.uleb128 0x19
 1585 0109 01       		.uleb128 0x1
 1586 010a 13       		.uleb128 0x13
 1587 010b 00       		.byte	0
 1588 010c 00       		.byte	0
 1589 010d 15       		.uleb128 0x15
 1590 010e 05       		.uleb128 0x5
 1591 010f 00       		.byte	0
 1592 0110 03       		.uleb128 0x3
 1593 0111 0E       		.uleb128 0xe
 1594 0112 3A       		.uleb128 0x3a
 1595 0113 0B       		.uleb128 0xb
 1596 0114 3B       		.uleb128 0x3b
 1597 0115 0B       		.uleb128 0xb
ARM GAS  C:\Users\seths\AppData\Local\Temp\ccj52PSo.s 			page 30


 1598 0116 49       		.uleb128 0x49
 1599 0117 13       		.uleb128 0x13
 1600 0118 02       		.uleb128 0x2
 1601 0119 18       		.uleb128 0x18
 1602 011a 00       		.byte	0
 1603 011b 00       		.byte	0
 1604 011c 16       		.uleb128 0x16
 1605 011d 898201   		.uleb128 0x4109
 1606 0120 01       		.byte	0x1
 1607 0121 11       		.uleb128 0x11
 1608 0122 01       		.uleb128 0x1
 1609 0123 31       		.uleb128 0x31
 1610 0124 13       		.uleb128 0x13
 1611 0125 01       		.uleb128 0x1
 1612 0126 13       		.uleb128 0x13
 1613 0127 00       		.byte	0
 1614 0128 00       		.byte	0
 1615 0129 17       		.uleb128 0x17
 1616 012a 34       		.uleb128 0x34
 1617 012b 00       		.byte	0
 1618 012c 03       		.uleb128 0x3
 1619 012d 0E       		.uleb128 0xe
 1620 012e 3A       		.uleb128 0x3a
 1621 012f 0B       		.uleb128 0xb
 1622 0130 3B       		.uleb128 0x3b
 1623 0131 0B       		.uleb128 0xb
 1624 0132 49       		.uleb128 0x49
 1625 0133 13       		.uleb128 0x13
 1626 0134 3F       		.uleb128 0x3f
 1627 0135 19       		.uleb128 0x19
 1628 0136 3C       		.uleb128 0x3c
 1629 0137 19       		.uleb128 0x19
 1630 0138 00       		.byte	0
 1631 0139 00       		.byte	0
 1632 013a 18       		.uleb128 0x18
 1633 013b 26       		.uleb128 0x26
 1634 013c 00       		.byte	0
 1635 013d 49       		.uleb128 0x49
 1636 013e 13       		.uleb128 0x13
 1637 013f 00       		.byte	0
 1638 0140 00       		.byte	0
 1639 0141 19       		.uleb128 0x19
 1640 0142 34       		.uleb128 0x34
 1641 0143 00       		.byte	0
 1642 0144 03       		.uleb128 0x3
 1643 0145 0E       		.uleb128 0xe
 1644 0146 3A       		.uleb128 0x3a
 1645 0147 0B       		.uleb128 0xb
 1646 0148 3B       		.uleb128 0x3b
 1647 0149 0B       		.uleb128 0xb
 1648 014a 49       		.uleb128 0x49
 1649 014b 13       		.uleb128 0x13
 1650 014c 3F       		.uleb128 0x3f
 1651 014d 19       		.uleb128 0x19
 1652 014e 02       		.uleb128 0x2
 1653 014f 18       		.uleb128 0x18
 1654 0150 00       		.byte	0
ARM GAS  C:\Users\seths\AppData\Local\Temp\ccj52PSo.s 			page 31


 1655 0151 00       		.byte	0
 1656 0152 1A       		.uleb128 0x1a
 1657 0153 2E       		.uleb128 0x2e
 1658 0154 00       		.byte	0
 1659 0155 3F       		.uleb128 0x3f
 1660 0156 19       		.uleb128 0x19
 1661 0157 3C       		.uleb128 0x3c
 1662 0158 19       		.uleb128 0x19
 1663 0159 6E       		.uleb128 0x6e
 1664 015a 0E       		.uleb128 0xe
 1665 015b 03       		.uleb128 0x3
 1666 015c 0E       		.uleb128 0xe
 1667 015d 00       		.byte	0
 1668 015e 00       		.byte	0
 1669 015f 1B       		.uleb128 0x1b
 1670 0160 2E       		.uleb128 0x2e
 1671 0161 00       		.byte	0
 1672 0162 3F       		.uleb128 0x3f
 1673 0163 19       		.uleb128 0x19
 1674 0164 3C       		.uleb128 0x3c
 1675 0165 19       		.uleb128 0x19
 1676 0166 6E       		.uleb128 0x6e
 1677 0167 0E       		.uleb128 0xe
 1678 0168 03       		.uleb128 0x3
 1679 0169 0E       		.uleb128 0xe
 1680 016a 3A       		.uleb128 0x3a
 1681 016b 0B       		.uleb128 0xb
 1682 016c 3B       		.uleb128 0x3b
 1683 016d 0B       		.uleb128 0xb
 1684 016e 00       		.byte	0
 1685 016f 00       		.byte	0
 1686 0170 00       		.byte	0
 1687              		.section	.debug_aranges,"",%progbits
 1688 0000 24000000 		.4byte	0x24
 1689 0004 0200     		.2byte	0x2
 1690 0006 00000000 		.4byte	.Ldebug_info0
 1691 000a 04       		.byte	0x4
 1692 000b 00       		.byte	0
 1693 000c 0000     		.2byte	0
 1694 000e 0000     		.2byte	0
 1695 0010 00000000 		.4byte	.LFB522
 1696 0014 20000000 		.4byte	.LFE522-.LFB522
 1697 0018 00000000 		.4byte	.LFB523
 1698 001c 28000000 		.4byte	.LFE523-.LFB523
 1699 0020 00000000 		.4byte	0
 1700 0024 00000000 		.4byte	0
 1701              		.section	.debug_ranges,"",%progbits
 1702              	.Ldebug_ranges0:
 1703 0000 00000000 		.4byte	.LFB522
 1704 0004 20000000 		.4byte	.LFE522
 1705 0008 00000000 		.4byte	.LFB523
 1706 000c 28000000 		.4byte	.LFE523
 1707 0010 00000000 		.4byte	0
 1708 0014 00000000 		.4byte	0
 1709              		.section	.debug_line,"",%progbits
 1710              	.Ldebug_line0:
 1711 0000 3F030000 		.section	.debug_str,"MS",%progbits,1
ARM GAS  C:\Users\seths\AppData\Local\Temp\ccj52PSo.s 			page 32


 1711      02001603 
 1711      00000201 
 1711      FB0E0D00 
 1711      01010101 
 1712              	.LASF179:
 1713 0000 7072696E 		.ascii	"printf\000"
 1713      746600
 1714              	.LASF54:
 1715 0007 70726F74 		.ascii	"protBusMasterMask\000"
 1715      4275734D 
 1715      61737465 
 1715      724D6173 
 1715      6B00
 1716              	.LASF130:
 1717 0019 72756E4D 		.ascii	"runMode\000"
 1717      6F646500 
 1718              	.LASF118:
 1719 0021 72784275 		.ascii	"rxBufSize\000"
 1719      6653697A 
 1719      6500
 1720              	.LASF171:
 1721 002b 636F6E6E 		.ascii	"connHandle\000"
 1721      48616E64 
 1721      6C6500
 1722              	.LASF64:
 1723 0036 666C6173 		.ascii	"flashCtlMainWs3Freq\000"
 1723      6843746C 
 1723      4D61696E 
 1723      57733346 
 1723      72657100 
 1724              	.LASF86:
 1725 004a 6770696F 		.ascii	"gpioPrtCfgInOffset\000"
 1725      50727443 
 1725      6667496E 
 1725      4F666673 
 1725      657400
 1726              	.LASF161:
 1727 005d 6B696C6C 		.ascii	"killInput\000"
 1727      496E7075 
 1727      7400
 1728              	.LASF104:
 1729 0067 6970634C 		.ascii	"ipcLockStatusOffset\000"
 1729      6F636B53 
 1729      74617475 
 1729      734F6666 
 1729      73657400 
 1730              	.LASF30:
 1731 007b 63727970 		.ascii	"cryptoVersion\000"
 1731      746F5665 
 1731      7273696F 
 1731      6E00
 1732              	.LASF68:
 1733 0089 64774368 		.ascii	"dwChCtlPrioPos\000"
 1733      43746C50 
 1733      72696F50 
 1733      6F7300
 1734              	.LASF26:
ARM GAS  C:\Users\seths\AppData\Local\Temp\ccj52PSo.s 			page 33


 1735 0098 70617373 		.ascii	"passBase\000"
 1735      42617365 
 1735      00
 1736              	.LASF150:
 1737 00a1 70776D41 		.ascii	"pwmAlignment\000"
 1737      6C69676E 
 1737      6D656E74 
 1737      00
 1738              	.LASF39:
 1739 00ae 63707573 		.ascii	"cpussIpcIrqNr\000"
 1739      73497063 
 1739      4972714E 
 1739      7200
 1740              	.LASF3:
 1741 00bc 5F5F7569 		.ascii	"__uint8_t\000"
 1741      6E74385F 
 1741      7400
 1742              	.LASF83:
 1743 00c6 70657269 		.ascii	"periDiv24_5CtlOffset\000"
 1743      44697632 
 1743      345F3543 
 1743      746C4F66 
 1743      66736574 
 1744              	.LASF165:
 1745 00db 63795F73 		.ascii	"cy_stc_ble_conn_handle_t\000"
 1745      74635F62 
 1745      6C655F63 
 1745      6F6E6E5F 
 1745      68616E64 
 1746              	.LASF131:
 1747 00f4 636F756E 		.ascii	"countDirection\000"
 1747      74446972 
 1747      65637469 
 1747      6F6E00
 1748              	.LASF143:
 1749 0103 73746F70 		.ascii	"stopInputMode\000"
 1749      496E7075 
 1749      744D6F64 
 1749      6500
 1750              	.LASF19:
 1751 0111 63707573 		.ascii	"cpussBase\000"
 1751      73426173 
 1751      6500
 1752              	.LASF128:
 1753 011b 70657269 		.ascii	"period\000"
 1753      6F6400
 1754              	.LASF48:
 1755 0122 70657269 		.ascii	"periClockNr\000"
 1755      436C6F63 
 1755      6B4E7200 
 1756              	.LASF138:
 1757 012e 63617074 		.ascii	"captureInput\000"
 1757      75726549 
 1757      6E707574 
 1757      00
 1758              	.LASF11:
 1759 013b 6C6F6E67 		.ascii	"long long unsigned int\000"
ARM GAS  C:\Users\seths\AppData\Local\Temp\ccj52PSo.s 			page 34


 1759      206C6F6E 
 1759      6720756E 
 1759      7369676E 
 1759      65642069 
 1760              	.LASF129:
 1761 0152 636C6F63 		.ascii	"clockPrescaler\000"
 1761      6B507265 
 1761      7363616C 
 1761      657200
 1762              	.LASF72:
 1763 0161 70657269 		.ascii	"periTrCmdOffset\000"
 1763      5472436D 
 1763      644F6666 
 1763      73657400 
 1764              	.LASF113:
 1765 0171 72785269 		.ascii	"rxRingBuf\000"
 1765      6E674275 
 1765      6600
 1766              	.LASF96:
 1767 017b 63707573 		.ascii	"cpussSysTickCtlOffset\000"
 1767      73537973 
 1767      5469636B 
 1767      43746C4F 
 1767      66667365 
 1768              	.LASF159:
 1769 0191 73776170 		.ascii	"swapInput\000"
 1769      496E7075 
 1769      7400
 1770              	.LASF170:
 1771 019b 54696D65 		.ascii	"Timer_config\000"
 1771      725F636F 
 1771      6E666967 
 1771      00
 1772              	.LASF57:
 1773 01a8 666C6173 		.ascii	"flashPipeRequired\000"
 1773      68506970 
 1773      65526571 
 1773      75697265 
 1773      6400
 1774              	.LASF61:
 1775 01ba 666C6173 		.ascii	"flashCtlMainWs0Freq\000"
 1775      6843746C 
 1775      4D61696E 
 1775      57733046 
 1775      72657100 
 1776              	.LASF14:
 1777 01ce 696E7431 		.ascii	"int16_t\000"
 1777      365F7400 
 1778              	.LASF10:
 1779 01d6 6C6F6E67 		.ascii	"long long int\000"
 1779      206C6F6E 
 1779      6720696E 
 1779      7400
 1780              	.LASF147:
 1781 01e4 63795F73 		.ascii	"cy_stc_tcpwm_counter_config_t\000"
 1781      74635F74 
 1781      6370776D 
ARM GAS  C:\Users\seths\AppData\Local\Temp\ccj52PSo.s 			page 35


 1781      5F636F75 
 1781      6E746572 
 1782              	.LASF77:
 1783 0202 70657269 		.ascii	"periDivCmdTypeSelPos\000"
 1783      44697643 
 1783      6D645479 
 1783      70655365 
 1783      6C506F73 
 1784              	.LASF122:
 1785 0217 74784C65 		.ascii	"txLeftToTransmit\000"
 1785      6674546F 
 1785      5472616E 
 1785      736D6974 
 1785      00
 1786              	.LASF23:
 1787 0228 70726F74 		.ascii	"protBase\000"
 1787      42617365 
 1787      00
 1788              	.LASF35:
 1789 0231 69706356 		.ascii	"ipcVersion\000"
 1789      65727369 
 1789      6F6E00
 1790              	.LASF97:
 1791 023c 63707573 		.ascii	"cpussCm0NmiCtlOffset\000"
 1791      73436D30 
 1791      4E6D6943 
 1791      746C4F66 
 1791      66736574 
 1792              	.LASF45:
 1793 0251 73727373 		.ascii	"srssNumClkpath\000"
 1793      4E756D43 
 1793      6C6B7061 
 1793      746800
 1794              	.LASF24:
 1795 0260 6873696F 		.ascii	"hsiomBase\000"
 1795      6D426173 
 1795      6500
 1796              	.LASF148:
 1797 026a 63795F73 		.ascii	"cy_stc_tcpwm_pwm_config\000"
 1797      74635F74 
 1797      6370776D 
 1797      5F70776D 
 1797      5F636F6E 
 1798              	.LASF7:
 1799 0282 6C6F6E67 		.ascii	"long int\000"
 1799      20696E74 
 1799      00
 1800              	.LASF167:
 1801 028b 55415254 		.ascii	"UART_1_context\000"
 1801      5F315F63 
 1801      6F6E7465 
 1801      787400
 1802              	.LASF90:
 1803 029a 63707573 		.ascii	"cpussCm4ClockCtlOffset\000"
 1803      73436D34 
 1803      436C6F63 
 1803      6B43746C 
ARM GAS  C:\Users\seths\AppData\Local\Temp\ccj52PSo.s 			page 36


 1803      4F666673 
 1804              	.LASF55:
 1805 02b1 63727970 		.ascii	"cryptoMemSize\000"
 1805      746F4D65 
 1805      6D53697A 
 1805      6500
 1806              	.LASF21:
 1807 02bf 70657269 		.ascii	"periBase\000"
 1807      42617365 
 1807      00
 1808              	.LASF53:
 1809 02c8 73797350 		.ascii	"sysPmSimoPresent\000"
 1809      6D53696D 
 1809      6F507265 
 1809      73656E74 
 1809      00
 1810              	.LASF43:
 1811 02d9 63707573 		.ascii	"cpussFmIrq\000"
 1811      73466D49 
 1811      727100
 1812              	.LASF108:
 1813 02e4 646F7562 		.ascii	"double\000"
 1813      6C6500
 1814              	.LASF82:
 1815 02eb 70657269 		.ascii	"periDiv16_5CtlOffset\000"
 1815      44697631 
 1815      365F3543 
 1815      746C4F66 
 1815      66736574 
 1816              	.LASF46:
 1817 0300 73727373 		.ascii	"srssNumPll\000"
 1817      4E756D50 
 1817      6C6C00
 1818              	.LASF137:
 1819 030b 63617074 		.ascii	"captureInputMode\000"
 1819      75726549 
 1819      6E707574 
 1819      4D6F6465 
 1819      00
 1820              	.LASF80:
 1821 031c 70657269 		.ascii	"periDiv8CtlOffset\000"
 1821      44697638 
 1821      43746C4F 
 1821      66667365 
 1821      7400
 1822              	.LASF87:
 1823 032e 6770696F 		.ascii	"gpioPrtCfgOutOffset\000"
 1823      50727443 
 1823      66674F75 
 1823      744F6666 
 1823      73657400 
 1824              	.LASF177:
 1825 0342 6E657743 		.ascii	"newConnHandle\000"
 1825      6F6E6E48 
 1825      616E646C 
 1825      6500
 1826              	.LASF20:
ARM GAS  C:\Users\seths\AppData\Local\Temp\ccj52PSo.s 			page 37


 1827 0350 666C6173 		.ascii	"flashcBase\000"
 1827      68634261 
 1827      736500
 1828              	.LASF8:
 1829 035b 5F5F7569 		.ascii	"__uint32_t\000"
 1829      6E743332 
 1829      5F7400
 1830              	.LASF50:
 1831 0366 70617373 		.ascii	"passSarChannels\000"
 1831      53617243 
 1831      68616E6E 
 1831      656C7300 
 1832              	.LASF4:
 1833 0376 5F5F696E 		.ascii	"__int16_t\000"
 1833      7431365F 
 1833      7400
 1834              	.LASF119:
 1835 0380 72784275 		.ascii	"rxBufIdx\000"
 1835      66496478 
 1835      00
 1836              	.LASF93:
 1837 0389 63707573 		.ascii	"cpussCm4PwrCtlOffset\000"
 1837      73436D34 
 1837      50777243 
 1837      746C4F66 
 1837      66736574 
 1838              	.LASF121:
 1839 039e 74784275 		.ascii	"txBufSize\000"
 1839      6653697A 
 1839      6500
 1840              	.LASF136:
 1841 03a8 696E7465 		.ascii	"interruptSources\000"
 1841      72727570 
 1841      74536F75 
 1841      72636573 
 1841      00
 1842              	.LASF88:
 1843 03b9 6770696F 		.ascii	"gpioPrtCfgSioOffset\000"
 1843      50727443 
 1843      66675369 
 1843      6F4F6666 
 1843      73657400 
 1844              	.LASF40:
 1845 03cd 63707573 		.ascii	"cpussDwChNr\000"
 1845      73447743 
 1845      684E7200 
 1846              	.LASF12:
 1847 03d9 756E7369 		.ascii	"unsigned int\000"
 1847      676E6564 
 1847      20696E74 
 1847      00
 1848              	.LASF15:
 1849 03e6 75696E74 		.ascii	"uint16_t\000"
 1849      31365F74 
 1849      00
 1850              	.LASF73:
 1851 03ef 70657269 		.ascii	"periTrCmdGrSelMsk\000"
ARM GAS  C:\Users\seths\AppData\Local\Temp\ccj52PSo.s 			page 38


 1851      5472436D 
 1851      64477253 
 1851      656C4D73 
 1851      6B00
 1852              	.LASF62:
 1853 0401 666C6173 		.ascii	"flashCtlMainWs1Freq\000"
 1853      6843746C 
 1853      4D61696E 
 1853      57733146 
 1853      72657100 
 1854              	.LASF9:
 1855 0415 6C6F6E67 		.ascii	"long unsigned int\000"
 1855      20756E73 
 1855      69676E65 
 1855      6420696E 
 1855      7400
 1856              	.LASF135:
 1857 0427 656E6162 		.ascii	"enableCompareSwap\000"
 1857      6C65436F 
 1857      6D706172 
 1857      65537761 
 1857      7000
 1858              	.LASF110:
 1859 0439 63795F63 		.ascii	"cy_cb_scb_uart_handle_events_t\000"
 1859      625F7363 
 1859      625F7561 
 1859      72745F68 
 1859      616E646C 
 1860              	.LASF38:
 1861 0458 63707573 		.ascii	"cpussIpcNr\000"
 1861      73497063 
 1861      4E7200
 1862              	.LASF25:
 1863 0463 6770696F 		.ascii	"gpioBase\000"
 1863      42617365 
 1863      00
 1864              	.LASF51:
 1865 046c 65704D6F 		.ascii	"epMonitorNr\000"
 1865      6E69746F 
 1865      724E7200 
 1866              	.LASF111:
 1867 0478 74785374 		.ascii	"txStatus\000"
 1867      61747573 
 1867      00
 1868              	.LASF158:
 1869 0481 73776170 		.ascii	"swapInputMode\000"
 1869      496E7075 
 1869      744D6F64 
 1869      6500
 1870              	.LASF74:
 1871 048f 70657269 		.ascii	"periTrGrOffset\000"
 1871      54724772 
 1871      4F666673 
 1871      657400
 1872              	.LASF101:
 1873 049e 63707573 		.ascii	"cpussRam1Ctl0\000"
 1873      7352616D 
ARM GAS  C:\Users\seths\AppData\Local\Temp\ccj52PSo.s 			page 39


 1873      3143746C 
 1873      3000
 1874              	.LASF160:
 1875 04ac 6B696C6C 		.ascii	"killInputMode\000"
 1875      496E7075 
 1875      744D6F64 
 1875      6500
 1876              	.LASF123:
 1877 04ba 63624576 		.ascii	"cbEvents\000"
 1877      656E7473 
 1877      00
 1878              	.LASF178:
 1879 04c3 6D656D63 		.ascii	"memcpy\000"
 1879      707900
 1880              	.LASF75:
 1881 04ca 70657269 		.ascii	"periTrGrSize\000"
 1881      54724772 
 1881      53697A65 
 1881      00
 1882              	.LASF33:
 1883 04d7 6770696F 		.ascii	"gpioVersion\000"
 1883      56657273 
 1883      696F6E00 
 1884              	.LASF120:
 1885 04e3 74784275 		.ascii	"txBuf\000"
 1885      6600
 1886              	.LASF169:
 1887 04e9 50574D5F 		.ascii	"PWM_RED_BLINK_config\000"
 1887      5245445F 
 1887      424C494E 
 1887      4B5F636F 
 1887      6E666967 
 1888              	.LASF155:
 1889 04fe 696E7665 		.ascii	"invertPWMOut\000"
 1889      72745057 
 1889      4D4F7574 
 1889      00
 1890              	.LASF151:
 1891 050b 64656164 		.ascii	"deadTimeClocks\000"
 1891      54696D65 
 1891      436C6F63 
 1891      6B7300
 1892              	.LASF115:
 1893 051a 72785269 		.ascii	"rxRingBufHead\000"
 1893      6E674275 
 1893      66486561 
 1893      6400
 1894              	.LASF94:
 1895 0528 63707573 		.ascii	"cpussTrimRamCtlOffset\000"
 1895      73547269 
 1895      6D52616D 
 1895      43746C4F 
 1895      66667365 
 1896              	.LASF142:
 1897 053e 73746172 		.ascii	"startInput\000"
 1897      74496E70 
 1897      757400
ARM GAS  C:\Users\seths\AppData\Local\Temp\ccj52PSo.s 			page 40


 1898              	.LASF164:
 1899 0549 61747449 		.ascii	"attId\000"
 1899      6400
 1900              	.LASF29:
 1901 054f 63707573 		.ascii	"cpussVersion\000"
 1901      73566572 
 1901      73696F6E 
 1901      00
 1902              	.LASF36:
 1903 055c 70657269 		.ascii	"periVersion\000"
 1903      56657273 
 1903      696F6E00 
 1904              	.LASF92:
 1905 0568 63707573 		.ascii	"cpussCm0StatusOffset\000"
 1905      73436D30 
 1905      53746174 
 1905      75734F66 
 1905      66736574 
 1906              	.LASF127:
 1907 057d 63795F73 		.ascii	"cy_stc_tcpwm_counter_config\000"
 1907      74635F74 
 1907      6370776D 
 1907      5F636F75 
 1907      6E746572 
 1908              	.LASF17:
 1909 0599 73697A65 		.ascii	"sizetype\000"
 1909      74797065 
 1909      00
 1910              	.LASF66:
 1911 05a2 64774368 		.ascii	"dwChOffset\000"
 1911      4F666673 
 1911      657400
 1912              	.LASF105:
 1913 05ad 63795F73 		.ascii	"cy_stc_device_t\000"
 1913      74635F64 
 1913      65766963 
 1913      655F7400 
 1914              	.LASF41:
 1915 05bd 63707573 		.ascii	"cpussFlashPaSize\000"
 1915      73466C61 
 1915      73685061 
 1915      53697A65 
 1915      00
 1916              	.LASF79:
 1917 05ce 70657269 		.ascii	"periDivCmdPaTypeSelPos\000"
 1917      44697643 
 1917      6D645061 
 1917      54797065 
 1917      53656C50 
 1918              	.LASF102:
 1919 05e5 63707573 		.ascii	"cpussRam2Ctl0\000"
 1919      7352616D 
 1919      3243746C 
 1919      3000
 1920              	.LASF70:
 1921 05f3 64775374 		.ascii	"dwStatusChIdxPos\000"
 1921      61747573 
ARM GAS  C:\Users\seths\AppData\Local\Temp\ccj52PSo.s 			page 41


 1921      43684964 
 1921      78506F73 
 1921      00
 1922              	.LASF52:
 1923 0604 75646250 		.ascii	"udbPresent\000"
 1923      72657365 
 1923      6E7400
 1924              	.LASF112:
 1925 060f 72785374 		.ascii	"rxStatus\000"
 1925      61747573 
 1925      00
 1926              	.LASF32:
 1927 0618 666C6173 		.ascii	"flashcVersion\000"
 1927      68635665 
 1927      7273696F 
 1927      6E00
 1928              	.LASF28:
 1929 0626 63727970 		.ascii	"cryptoBase\000"
 1929      746F4261 
 1929      736500
 1930              	.LASF49:
 1931 0631 736D6966 		.ascii	"smifDeviceNr\000"
 1931      44657669 
 1931      63654E72 
 1931      00
 1932              	.LASF149:
 1933 063e 70776D4D 		.ascii	"pwmMode\000"
 1933      6F646500 
 1934              	.LASF107:
 1935 0646 666C6F61 		.ascii	"float\000"
 1935      7400
 1936              	.LASF71:
 1937 064c 64775374 		.ascii	"dwStatusChIdxMsk\000"
 1937      61747573 
 1937      43684964 
 1937      784D736B 
 1937      00
 1938              	.LASF166:
 1939 065d 63795F64 		.ascii	"cy_device\000"
 1939      65766963 
 1939      6500
 1940              	.LASF99:
 1941 0667 63707573 		.ascii	"cpussRomCtl\000"
 1941      73526F6D 
 1941      43746C00 
 1942              	.LASF69:
 1943 0673 64774368 		.ascii	"dwChCtlPreemptablePos\000"
 1943      43746C50 
 1943      7265656D 
 1943      70746162 
 1943      6C65506F 
 1944              	.LASF157:
 1945 0689 6B696C6C 		.ascii	"killMode\000"
 1945      4D6F6465 
 1945      00
 1946              	.LASF22:
 1947 0692 75646242 		.ascii	"udbBase\000"
ARM GAS  C:\Users\seths\AppData\Local\Temp\ccj52PSo.s 			page 42


 1947      61736500 
 1948              	.LASF109:
 1949 069a 5F426F6F 		.ascii	"_Bool\000"
 1949      6C00
 1950              	.LASF1:
 1951 06a0 756E7369 		.ascii	"unsigned char\000"
 1951      676E6564 
 1951      20636861 
 1951      7200
 1952              	.LASF175:
 1953 06ae 67657443 		.ascii	"getConnection\000"
 1953      6F6E6E65 
 1953      6374696F 
 1953      6E00
 1954              	.LASF65:
 1955 06bc 666C6173 		.ascii	"flashCtlMainWs4Freq\000"
 1955      6843746C 
 1955      4D61696E 
 1955      57733446 
 1955      72657100 
 1956              	.LASF0:
 1957 06d0 73686F72 		.ascii	"short int\000"
 1957      7420696E 
 1957      7400
 1958              	.LASF76:
 1959 06da 70657269 		.ascii	"periDivCmdDivSelMsk\000"
 1959      44697643 
 1959      6D644469 
 1959      7653656C 
 1959      4D736B00 
 1960              	.LASF63:
 1961 06ee 666C6173 		.ascii	"flashCtlMainWs2Freq\000"
 1961      6843746C 
 1961      4D61696E 
 1961      57733246 
 1961      72657100 
 1962              	.LASF154:
 1963 0702 656E6162 		.ascii	"enablePeriodSwap\000"
 1963      6C655065 
 1963      72696F64 
 1963      53776170 
 1963      00
 1964              	.LASF132:
 1965 0713 636F6D70 		.ascii	"compareOrCapture\000"
 1965      6172654F 
 1965      72436170 
 1965      74757265 
 1965      00
 1966              	.LASF47:
 1967 0724 73727373 		.ascii	"srssNumHfroot\000"
 1967      4E756D48 
 1967      66726F6F 
 1967      7400
 1968              	.LASF60:
 1969 0732 666C6173 		.ascii	"flashEraseDelay\000"
 1969      68457261 
 1969      73654465 
ARM GAS  C:\Users\seths\AppData\Local\Temp\ccj52PSo.s 			page 43


 1969      6C617900 
 1970              	.LASF16:
 1971 0742 75696E74 		.ascii	"uint32_t\000"
 1971      33325F74 
 1971      00
 1972              	.LASF98:
 1973 074b 63707573 		.ascii	"cpussCm4NmiCtlOffset\000"
 1973      73436D34 
 1973      4E6D6943 
 1973      746C4F66 
 1973      66736574 
 1974              	.LASF172:
 1975 0760 474E5520 		.ascii	"GNU C11 5.4.1 20160609 (release) [ARM/embedded-5-br"
 1975      43313120 
 1975      352E342E 
 1975      31203230 
 1975      31363036 
 1976 0793 616E6368 		.ascii	"anch revision 237715] -mcpu=cortex-m0plus -mthumb -"
 1976      20726576 
 1976      6973696F 
 1976      6E203233 
 1976      37373135 
 1977 07c6 67202D4F 		.ascii	"g -Og -ffunction-sections -ffat-lto-objects\000"
 1977      67202D66 
 1977      66756E63 
 1977      74696F6E 
 1977      2D736563 
 1978              	.LASF173:
 1979 07f2 636F6E6E 		.ascii	"connection_ble.c\000"
 1979      65637469 
 1979      6F6E5F62 
 1979      6C652E63 
 1979      00
 1980              	.LASF18:
 1981 0803 6C6F6E67 		.ascii	"long double\000"
 1981      20646F75 
 1981      626C6500 
 1982              	.LASF106:
 1983 080f 63686172 		.ascii	"char\000"
 1983      00
 1984              	.LASF146:
 1985 0814 636F756E 		.ascii	"countInput\000"
 1985      74496E70 
 1985      757400
 1986              	.LASF37:
 1987 081f 70726F74 		.ascii	"protVersion\000"
 1987      56657273 
 1987      696F6E00 
 1988              	.LASF100:
 1989 082b 63707573 		.ascii	"cpussRam0Ctl0\000"
 1989      7352616D 
 1989      3043746C 
 1989      3000
 1990              	.LASF5:
 1991 0839 5F5F7569 		.ascii	"__uint16_t\000"
 1991      6E743136 
 1991      5F7400
ARM GAS  C:\Users\seths\AppData\Local\Temp\ccj52PSo.s 			page 44


 1992              	.LASF81:
 1993 0844 70657269 		.ascii	"periDiv16CtlOffset\000"
 1993      44697631 
 1993      3643746C 
 1993      4F666673 
 1993      657400
 1994              	.LASF34:
 1995 0857 6873696F 		.ascii	"hsiomVersion\000"
 1995      6D566572 
 1995      73696F6E 
 1995      00
 1996              	.LASF59:
 1997 0864 666C6173 		.ascii	"flashProgramDelay\000"
 1997      6850726F 
 1997      6772616D 
 1997      44656C61 
 1997      7900
 1998              	.LASF114:
 1999 0876 72785269 		.ascii	"rxRingBufSize\000"
 1999      6E674275 
 1999      6653697A 
 1999      6500
 2000              	.LASF140:
 2001 0884 72656C6F 		.ascii	"reloadInput\000"
 2001      6164496E 
 2001      70757400 
 2002              	.LASF6:
 2003 0890 73686F72 		.ascii	"short unsigned int\000"
 2003      7420756E 
 2003      7369676E 
 2003      65642069 
 2003      6E7400
 2004              	.LASF67:
 2005 08a3 64774368 		.ascii	"dwChSize\000"
 2005      53697A65 
 2005      00
 2006              	.LASF176:
 2007 08ac 73657443 		.ascii	"setConnection\000"
 2007      6F6E6E65 
 2007      6374696F 
 2007      6E00
 2008              	.LASF144:
 2009 08ba 73746F70 		.ascii	"stopInput\000"
 2009      496E7075 
 2009      7400
 2010              	.LASF103:
 2011 08c4 69706353 		.ascii	"ipcStructSize\000"
 2011      74727563 
 2011      7453697A 
 2011      6500
 2012              	.LASF141:
 2013 08d2 73746172 		.ascii	"startInputMode\000"
 2013      74496E70 
 2013      75744D6F 
 2013      646500
 2014              	.LASF42:
 2015 08e1 63707573 		.ascii	"cpussIpc0Irq\000"
ARM GAS  C:\Users\seths\AppData\Local\Temp\ccj52PSo.s 			page 45


 2015      73497063 
 2015      30497271 
 2015      00
 2016              	.LASF152:
 2017 08ee 70657269 		.ascii	"period0\000"
 2017      6F643000 
 2018              	.LASF153:
 2019 08f6 70657269 		.ascii	"period1\000"
 2019      6F643100 
 2020              	.LASF134:
 2021 08fe 636F6D70 		.ascii	"compare1\000"
 2021      61726531 
 2021      00
 2022              	.LASF89:
 2023 0907 63707573 		.ascii	"cpussCm0ClockCtlOffset\000"
 2023      73436D30 
 2023      436C6F63 
 2023      6B43746C 
 2023      4F666673 
 2024              	.LASF85:
 2025 091e 6770696F 		.ascii	"gpioPrtCfgOffset\000"
 2025      50727443 
 2025      66674F66 
 2025      66736574 
 2025      00
 2026              	.LASF124:
 2027 092f 696E6974 		.ascii	"initKey\000"
 2027      4B657900 
 2028              	.LASF117:
 2029 0937 72784275 		.ascii	"rxBuf\000"
 2029      6600
 2030              	.LASF2:
 2031 093d 7369676E 		.ascii	"signed char\000"
 2031      65642063 
 2031      68617200 
 2032              	.LASF125:
 2033 0949 63795F73 		.ascii	"cy_stc_scb_uart_context_t\000"
 2033      74635F73 
 2033      63625F75 
 2033      6172745F 
 2033      636F6E74 
 2034              	.LASF44:
 2035 0963 63707573 		.ascii	"cpussNotConnectedIrq\000"
 2035      734E6F74 
 2035      436F6E6E 
 2035      65637465 
 2035      64497271 
 2036              	.LASF156:
 2037 0978 696E7665 		.ascii	"invertPWMOutN\000"
 2037      72745057 
 2037      4D4F7574 
 2037      4E00
 2038              	.LASF58:
 2039 0986 666C6173 		.ascii	"flashWriteDelay\000"
 2039      68577269 
 2039      74654465 
 2039      6C617900 
ARM GAS  C:\Users\seths\AppData\Local\Temp\ccj52PSo.s 			page 46


 2040              	.LASF13:
 2041 0996 75696E74 		.ascii	"uint8_t\000"
 2041      385F7400 
 2042              	.LASF168:
 2043 099e 50574D5F 		.ascii	"PWM_GREEN_BLINK_config\000"
 2043      47524545 
 2043      4E5F424C 
 2043      494E4B5F 
 2043      636F6E66 
 2044              	.LASF174:
 2045 09b5 433A5C50 		.ascii	"C:\\Projects\\ENGG4000\\software\\firmware\\ENGG400"
 2045      726F6A65 
 2045      6374735C 
 2045      454E4747 
 2045      34303030 
 2046 09e3 305C5765 		.ascii	"0\\Wearable_Firmware.cydsn\000"
 2046      61726162 
 2046      6C655F46 
 2046      69726D77 
 2046      6172652E 
 2047              	.LASF91:
 2048 09fd 63707573 		.ascii	"cpussCm4StatusOffset\000"
 2048      73436D34 
 2048      53746174 
 2048      75734F66 
 2048      66736574 
 2049              	.LASF84:
 2050 0a12 6770696F 		.ascii	"gpioPrtIntrCfgOffset\000"
 2050      50727449 
 2050      6E747243 
 2050      66674F66 
 2050      66736574 
 2051              	.LASF162:
 2052 0a27 63795F73 		.ascii	"cy_stc_tcpwm_pwm_config_t\000"
 2052      74635F74 
 2052      6370776D 
 2052      5F70776D 
 2052      5F636F6E 
 2053              	.LASF139:
 2054 0a41 72656C6F 		.ascii	"reloadInputMode\000"
 2054      6164496E 
 2054      7075744D 
 2054      6F646500 
 2055              	.LASF116:
 2056 0a51 72785269 		.ascii	"rxRingBufTail\000"
 2056      6E674275 
 2056      66546169 
 2056      6C00
 2057              	.LASF133:
 2058 0a5f 636F6D70 		.ascii	"compare0\000"
 2058      61726530 
 2058      00
 2059              	.LASF95:
 2060 0a68 63707573 		.ascii	"cpussTrimRomCtlOffset\000"
 2060      73547269 
 2060      6D526F6D 
 2060      43746C4F 
ARM GAS  C:\Users\seths\AppData\Local\Temp\ccj52PSo.s 			page 47


 2060      66667365 
 2061              	.LASF163:
 2062 0a7e 62644861 		.ascii	"bdHandle\000"
 2062      6E646C65 
 2062      00
 2063              	.LASF145:
 2064 0a87 636F756E 		.ascii	"countInputMode\000"
 2064      74496E70 
 2064      75744D6F 
 2064      646500
 2065              	.LASF31:
 2066 0a96 64775665 		.ascii	"dwVersion\000"
 2066      7273696F 
 2066      6E00
 2067              	.LASF27:
 2068 0aa0 69706342 		.ascii	"ipcBase\000"
 2068      61736500 
 2069              	.LASF78:
 2070 0aa8 70657269 		.ascii	"periDivCmdPaDivSelPos\000"
 2070      44697643 
 2070      6D645061 
 2070      44697653 
 2070      656C506F 
 2071              	.LASF126:
 2072 0abe 63795F73 		.ascii	"cy_stc_scb_uart_context\000"
 2072      74635F73 
 2072      63625F75 
 2072      6172745F 
 2072      636F6E74 
 2073              	.LASF56:
 2074 0ad6 666C6173 		.ascii	"flashRwwRequired\000"
 2074      68527777 
 2074      52657175 
 2074      69726564 
 2074      00
 2075              		.ident	"GCC: (GNU Tools for ARM Embedded Processors) 5.4.1 20160609 (release) [ARM/embedded-5-bran
