ARM GAS  C:\Users\seths\AppData\Local\Temp\ccjV0Cfp.s 			page 1


   1              		.syntax unified
   2              		.cpu cortex-m0plus
   3              		.fpu softvfp
   4              		.eabi_attribute 20, 1
   5              		.eabi_attribute 21, 1
   6              		.eabi_attribute 23, 3
   7              		.eabi_attribute 24, 1
   8              		.eabi_attribute 25, 1
   9              		.eabi_attribute 26, 1
  10              		.eabi_attribute 30, 1
  11              		.eabi_attribute 34, 0
  12              		.eabi_attribute 18, 4
  13              		.thumb
  14              		.syntax unified
  15              		.file	"main_cm0p.c"
  16              		.text
  17              	.Ltext0:
  18              		.cfi_sections	.debug_frame
  19              		.section	.text.main,"ax",%progbits
  20              		.align	2
  21              		.global	main
  22              		.code	16
  23              		.thumb_func
  24              		.type	main, %function
  25              	main:
  26              	.LFB521:
  27              		.file 1 "main_cm0p.c"
   1:main_cm0p.c   **** /* ========================================
   2:main_cm0p.c   ****  *
   3:main_cm0p.c   ****  * Copyright YOUR COMPANY, THE YEAR
   4:main_cm0p.c   ****  * All Rights Reserved
   5:main_cm0p.c   ****  * UNPUBLISHED, LICENSED SOFTWARE.
   6:main_cm0p.c   ****  *
   7:main_cm0p.c   ****  * CONFIDENTIAL AND PROPRIETARY INFORMATION
   8:main_cm0p.c   ****  * WHICH IS THE PROPERTY OF your company.
   9:main_cm0p.c   ****  *
  10:main_cm0p.c   ****  * ========================================
  11:main_cm0p.c   **** */
  12:main_cm0p.c   **** #include "project.h"
  13:main_cm0p.c   **** 
  14:main_cm0p.c   **** int main(void)
  15:main_cm0p.c   **** {
  28              		.loc 1 15 0
  29              		.cfi_startproc
  30              		@ Volatile: function does not return.
  31              		@ args = 0, pretend = 0, frame = 0
  32              		@ frame_needed = 0, uses_anonymous_args = 0
  33 0000 10B5     		push	{r4, lr}
  34              		.cfi_def_cfa_offset 8
  35              		.cfi_offset 4, -8
  36              		.cfi_offset 14, -4
  37              	.LBB4:
  38              	.LBB5:
  39              		.file 2 "Generated_Source\\PSoC6\\pdl\\cmsis/include/cmsis_gcc.h"
   1:Generated_Source\PSoC6\pdl\cmsis/include/cmsis_gcc.h **** /**************************************************************************//**
   2:Generated_Source\PSoC6\pdl\cmsis/include/cmsis_gcc.h ****  * @file     cmsis_gcc.h
   3:Generated_Source\PSoC6\pdl\cmsis/include/cmsis_gcc.h ****  * @brief    CMSIS compiler GCC header file
ARM GAS  C:\Users\seths\AppData\Local\Temp\ccjV0Cfp.s 			page 2


   4:Generated_Source\PSoC6\pdl\cmsis/include/cmsis_gcc.h ****  * @version  V5.0.3
   5:Generated_Source\PSoC6\pdl\cmsis/include/cmsis_gcc.h ****  * @date     16. January 2018
   6:Generated_Source\PSoC6\pdl\cmsis/include/cmsis_gcc.h ****  ******************************************************************************/
   7:Generated_Source\PSoC6\pdl\cmsis/include/cmsis_gcc.h **** /*
   8:Generated_Source\PSoC6\pdl\cmsis/include/cmsis_gcc.h ****  * Copyright (c) 2009-2017 ARM Limited. All rights reserved.
   9:Generated_Source\PSoC6\pdl\cmsis/include/cmsis_gcc.h ****  *
  10:Generated_Source\PSoC6\pdl\cmsis/include/cmsis_gcc.h ****  * SPDX-License-Identifier: Apache-2.0
  11:Generated_Source\PSoC6\pdl\cmsis/include/cmsis_gcc.h ****  *
  12:Generated_Source\PSoC6\pdl\cmsis/include/cmsis_gcc.h ****  * Licensed under the Apache License, Version 2.0 (the License); you may
  13:Generated_Source\PSoC6\pdl\cmsis/include/cmsis_gcc.h ****  * not use this file except in compliance with the License.
  14:Generated_Source\PSoC6\pdl\cmsis/include/cmsis_gcc.h ****  * You may obtain a copy of the License at
  15:Generated_Source\PSoC6\pdl\cmsis/include/cmsis_gcc.h ****  *
  16:Generated_Source\PSoC6\pdl\cmsis/include/cmsis_gcc.h ****  * www.apache.org/licenses/LICENSE-2.0
  17:Generated_Source\PSoC6\pdl\cmsis/include/cmsis_gcc.h ****  *
  18:Generated_Source\PSoC6\pdl\cmsis/include/cmsis_gcc.h ****  * Unless required by applicable law or agreed to in writing, software
  19:Generated_Source\PSoC6\pdl\cmsis/include/cmsis_gcc.h ****  * distributed under the License is distributed on an AS IS BASIS, WITHOUT
  20:Generated_Source\PSoC6\pdl\cmsis/include/cmsis_gcc.h ****  * WARRANTIES OR CONDITIONS OF ANY KIND, either express or implied.
  21:Generated_Source\PSoC6\pdl\cmsis/include/cmsis_gcc.h ****  * See the License for the specific language governing permissions and
  22:Generated_Source\PSoC6\pdl\cmsis/include/cmsis_gcc.h ****  * limitations under the License.
  23:Generated_Source\PSoC6\pdl\cmsis/include/cmsis_gcc.h ****  */
  24:Generated_Source\PSoC6\pdl\cmsis/include/cmsis_gcc.h **** 
  25:Generated_Source\PSoC6\pdl\cmsis/include/cmsis_gcc.h **** #ifndef __CMSIS_GCC_H
  26:Generated_Source\PSoC6\pdl\cmsis/include/cmsis_gcc.h **** #define __CMSIS_GCC_H
  27:Generated_Source\PSoC6\pdl\cmsis/include/cmsis_gcc.h **** 
  28:Generated_Source\PSoC6\pdl\cmsis/include/cmsis_gcc.h **** /* ignore some GCC warnings */
  29:Generated_Source\PSoC6\pdl\cmsis/include/cmsis_gcc.h **** #pragma GCC diagnostic push
  30:Generated_Source\PSoC6\pdl\cmsis/include/cmsis_gcc.h **** #pragma GCC diagnostic ignored "-Wsign-conversion"
  31:Generated_Source\PSoC6\pdl\cmsis/include/cmsis_gcc.h **** #pragma GCC diagnostic ignored "-Wconversion"
  32:Generated_Source\PSoC6\pdl\cmsis/include/cmsis_gcc.h **** #pragma GCC diagnostic ignored "-Wunused-parameter"
  33:Generated_Source\PSoC6\pdl\cmsis/include/cmsis_gcc.h **** 
  34:Generated_Source\PSoC6\pdl\cmsis/include/cmsis_gcc.h **** /* Fallback for __has_builtin */
  35:Generated_Source\PSoC6\pdl\cmsis/include/cmsis_gcc.h **** #ifndef __has_builtin
  36:Generated_Source\PSoC6\pdl\cmsis/include/cmsis_gcc.h ****   #define __has_builtin(x) (0)
  37:Generated_Source\PSoC6\pdl\cmsis/include/cmsis_gcc.h **** #endif
  38:Generated_Source\PSoC6\pdl\cmsis/include/cmsis_gcc.h **** 
  39:Generated_Source\PSoC6\pdl\cmsis/include/cmsis_gcc.h **** /* CMSIS compiler specific defines */
  40:Generated_Source\PSoC6\pdl\cmsis/include/cmsis_gcc.h **** #ifndef   __ASM
  41:Generated_Source\PSoC6\pdl\cmsis/include/cmsis_gcc.h ****   #define __ASM                                  __asm
  42:Generated_Source\PSoC6\pdl\cmsis/include/cmsis_gcc.h **** #endif
  43:Generated_Source\PSoC6\pdl\cmsis/include/cmsis_gcc.h **** #ifndef   __INLINE
  44:Generated_Source\PSoC6\pdl\cmsis/include/cmsis_gcc.h ****   #define __INLINE                               inline
  45:Generated_Source\PSoC6\pdl\cmsis/include/cmsis_gcc.h **** #endif
  46:Generated_Source\PSoC6\pdl\cmsis/include/cmsis_gcc.h **** #ifndef   __STATIC_INLINE
  47:Generated_Source\PSoC6\pdl\cmsis/include/cmsis_gcc.h ****   #define __STATIC_INLINE                        static inline
  48:Generated_Source\PSoC6\pdl\cmsis/include/cmsis_gcc.h **** #endif
  49:Generated_Source\PSoC6\pdl\cmsis/include/cmsis_gcc.h **** #ifndef   __STATIC_FORCEINLINE                 
  50:Generated_Source\PSoC6\pdl\cmsis/include/cmsis_gcc.h ****   #define __STATIC_FORCEINLINE                   __attribute__((always_inline)) static inline
  51:Generated_Source\PSoC6\pdl\cmsis/include/cmsis_gcc.h **** #endif                                           
  52:Generated_Source\PSoC6\pdl\cmsis/include/cmsis_gcc.h **** #ifndef   __NO_RETURN
  53:Generated_Source\PSoC6\pdl\cmsis/include/cmsis_gcc.h ****   #define __NO_RETURN                            __attribute__((__noreturn__))
  54:Generated_Source\PSoC6\pdl\cmsis/include/cmsis_gcc.h **** #endif
  55:Generated_Source\PSoC6\pdl\cmsis/include/cmsis_gcc.h **** #ifndef   __USED
  56:Generated_Source\PSoC6\pdl\cmsis/include/cmsis_gcc.h ****   #define __USED                                 __attribute__((used))
  57:Generated_Source\PSoC6\pdl\cmsis/include/cmsis_gcc.h **** #endif
  58:Generated_Source\PSoC6\pdl\cmsis/include/cmsis_gcc.h **** #ifndef   __WEAK
  59:Generated_Source\PSoC6\pdl\cmsis/include/cmsis_gcc.h ****   #define __WEAK                                 __attribute__((weak))
  60:Generated_Source\PSoC6\pdl\cmsis/include/cmsis_gcc.h **** #endif
ARM GAS  C:\Users\seths\AppData\Local\Temp\ccjV0Cfp.s 			page 3


  61:Generated_Source\PSoC6\pdl\cmsis/include/cmsis_gcc.h **** #ifndef   __PACKED
  62:Generated_Source\PSoC6\pdl\cmsis/include/cmsis_gcc.h ****   #define __PACKED                               __attribute__((packed, aligned(1)))
  63:Generated_Source\PSoC6\pdl\cmsis/include/cmsis_gcc.h **** #endif
  64:Generated_Source\PSoC6\pdl\cmsis/include/cmsis_gcc.h **** #ifndef   __PACKED_STRUCT
  65:Generated_Source\PSoC6\pdl\cmsis/include/cmsis_gcc.h ****   #define __PACKED_STRUCT                        struct __attribute__((packed, aligned(1)))
  66:Generated_Source\PSoC6\pdl\cmsis/include/cmsis_gcc.h **** #endif
  67:Generated_Source\PSoC6\pdl\cmsis/include/cmsis_gcc.h **** #ifndef   __PACKED_UNION
  68:Generated_Source\PSoC6\pdl\cmsis/include/cmsis_gcc.h ****   #define __PACKED_UNION                         union __attribute__((packed, aligned(1)))
  69:Generated_Source\PSoC6\pdl\cmsis/include/cmsis_gcc.h **** #endif
  70:Generated_Source\PSoC6\pdl\cmsis/include/cmsis_gcc.h **** #ifndef   __UNALIGNED_UINT32        /* deprecated */
  71:Generated_Source\PSoC6\pdl\cmsis/include/cmsis_gcc.h ****   #pragma GCC diagnostic push
  72:Generated_Source\PSoC6\pdl\cmsis/include/cmsis_gcc.h ****   #pragma GCC diagnostic ignored "-Wpacked"
  73:Generated_Source\PSoC6\pdl\cmsis/include/cmsis_gcc.h ****   #pragma GCC diagnostic ignored "-Wattributes"
  74:Generated_Source\PSoC6\pdl\cmsis/include/cmsis_gcc.h ****   struct __attribute__((packed)) T_UINT32 { uint32_t v; };
  75:Generated_Source\PSoC6\pdl\cmsis/include/cmsis_gcc.h ****   #pragma GCC diagnostic pop
  76:Generated_Source\PSoC6\pdl\cmsis/include/cmsis_gcc.h ****   #define __UNALIGNED_UINT32(x)                  (((struct T_UINT32 *)(x))->v)
  77:Generated_Source\PSoC6\pdl\cmsis/include/cmsis_gcc.h **** #endif
  78:Generated_Source\PSoC6\pdl\cmsis/include/cmsis_gcc.h **** #ifndef   __UNALIGNED_UINT16_WRITE
  79:Generated_Source\PSoC6\pdl\cmsis/include/cmsis_gcc.h ****   #pragma GCC diagnostic push
  80:Generated_Source\PSoC6\pdl\cmsis/include/cmsis_gcc.h ****   #pragma GCC diagnostic ignored "-Wpacked"
  81:Generated_Source\PSoC6\pdl\cmsis/include/cmsis_gcc.h ****   #pragma GCC diagnostic ignored "-Wattributes"
  82:Generated_Source\PSoC6\pdl\cmsis/include/cmsis_gcc.h ****   __PACKED_STRUCT T_UINT16_WRITE { uint16_t v; };
  83:Generated_Source\PSoC6\pdl\cmsis/include/cmsis_gcc.h ****   #pragma GCC diagnostic pop
  84:Generated_Source\PSoC6\pdl\cmsis/include/cmsis_gcc.h ****   #define __UNALIGNED_UINT16_WRITE(addr, val)    (void)((((struct T_UINT16_WRITE *)(void *)(addr))-
  85:Generated_Source\PSoC6\pdl\cmsis/include/cmsis_gcc.h **** #endif
  86:Generated_Source\PSoC6\pdl\cmsis/include/cmsis_gcc.h **** #ifndef   __UNALIGNED_UINT16_READ
  87:Generated_Source\PSoC6\pdl\cmsis/include/cmsis_gcc.h ****   #pragma GCC diagnostic push
  88:Generated_Source\PSoC6\pdl\cmsis/include/cmsis_gcc.h ****   #pragma GCC diagnostic ignored "-Wpacked"
  89:Generated_Source\PSoC6\pdl\cmsis/include/cmsis_gcc.h ****   #pragma GCC diagnostic ignored "-Wattributes"
  90:Generated_Source\PSoC6\pdl\cmsis/include/cmsis_gcc.h ****   __PACKED_STRUCT T_UINT16_READ { uint16_t v; };
  91:Generated_Source\PSoC6\pdl\cmsis/include/cmsis_gcc.h ****   #pragma GCC diagnostic pop
  92:Generated_Source\PSoC6\pdl\cmsis/include/cmsis_gcc.h ****   #define __UNALIGNED_UINT16_READ(addr)          (((const struct T_UINT16_READ *)(const void *)(add
  93:Generated_Source\PSoC6\pdl\cmsis/include/cmsis_gcc.h **** #endif
  94:Generated_Source\PSoC6\pdl\cmsis/include/cmsis_gcc.h **** #ifndef   __UNALIGNED_UINT32_WRITE
  95:Generated_Source\PSoC6\pdl\cmsis/include/cmsis_gcc.h ****   #pragma GCC diagnostic push
  96:Generated_Source\PSoC6\pdl\cmsis/include/cmsis_gcc.h ****   #pragma GCC diagnostic ignored "-Wpacked"
  97:Generated_Source\PSoC6\pdl\cmsis/include/cmsis_gcc.h ****   #pragma GCC diagnostic ignored "-Wattributes"
  98:Generated_Source\PSoC6\pdl\cmsis/include/cmsis_gcc.h ****   __PACKED_STRUCT T_UINT32_WRITE { uint32_t v; };
  99:Generated_Source\PSoC6\pdl\cmsis/include/cmsis_gcc.h ****   #pragma GCC diagnostic pop
 100:Generated_Source\PSoC6\pdl\cmsis/include/cmsis_gcc.h ****   #define __UNALIGNED_UINT32_WRITE(addr, val)    (void)((((struct T_UINT32_WRITE *)(void *)(addr))-
 101:Generated_Source\PSoC6\pdl\cmsis/include/cmsis_gcc.h **** #endif
 102:Generated_Source\PSoC6\pdl\cmsis/include/cmsis_gcc.h **** #ifndef   __UNALIGNED_UINT32_READ
 103:Generated_Source\PSoC6\pdl\cmsis/include/cmsis_gcc.h ****   #pragma GCC diagnostic push
 104:Generated_Source\PSoC6\pdl\cmsis/include/cmsis_gcc.h ****   #pragma GCC diagnostic ignored "-Wpacked"
 105:Generated_Source\PSoC6\pdl\cmsis/include/cmsis_gcc.h ****   #pragma GCC diagnostic ignored "-Wattributes"
 106:Generated_Source\PSoC6\pdl\cmsis/include/cmsis_gcc.h ****   __PACKED_STRUCT T_UINT32_READ { uint32_t v; };
 107:Generated_Source\PSoC6\pdl\cmsis/include/cmsis_gcc.h ****   #pragma GCC diagnostic pop
 108:Generated_Source\PSoC6\pdl\cmsis/include/cmsis_gcc.h ****   #define __UNALIGNED_UINT32_READ(addr)          (((const struct T_UINT32_READ *)(const void *)(add
 109:Generated_Source\PSoC6\pdl\cmsis/include/cmsis_gcc.h **** #endif
 110:Generated_Source\PSoC6\pdl\cmsis/include/cmsis_gcc.h **** #ifndef   __ALIGNED
 111:Generated_Source\PSoC6\pdl\cmsis/include/cmsis_gcc.h ****   #define __ALIGNED(x)                           __attribute__((aligned(x)))
 112:Generated_Source\PSoC6\pdl\cmsis/include/cmsis_gcc.h **** #endif
 113:Generated_Source\PSoC6\pdl\cmsis/include/cmsis_gcc.h **** #ifndef   __RESTRICT
 114:Generated_Source\PSoC6\pdl\cmsis/include/cmsis_gcc.h ****   #define __RESTRICT                             __restrict
 115:Generated_Source\PSoC6\pdl\cmsis/include/cmsis_gcc.h **** #endif
 116:Generated_Source\PSoC6\pdl\cmsis/include/cmsis_gcc.h **** 
 117:Generated_Source\PSoC6\pdl\cmsis/include/cmsis_gcc.h **** 
ARM GAS  C:\Users\seths\AppData\Local\Temp\ccjV0Cfp.s 			page 4


 118:Generated_Source\PSoC6\pdl\cmsis/include/cmsis_gcc.h **** /* ###########################  Core Function Access  ########################### */
 119:Generated_Source\PSoC6\pdl\cmsis/include/cmsis_gcc.h **** /** \ingroup  CMSIS_Core_FunctionInterface
 120:Generated_Source\PSoC6\pdl\cmsis/include/cmsis_gcc.h ****     \defgroup CMSIS_Core_RegAccFunctions CMSIS Core Register Access Functions
 121:Generated_Source\PSoC6\pdl\cmsis/include/cmsis_gcc.h ****   @{
 122:Generated_Source\PSoC6\pdl\cmsis/include/cmsis_gcc.h ****  */
 123:Generated_Source\PSoC6\pdl\cmsis/include/cmsis_gcc.h **** 
 124:Generated_Source\PSoC6\pdl\cmsis/include/cmsis_gcc.h **** /**
 125:Generated_Source\PSoC6\pdl\cmsis/include/cmsis_gcc.h ****   \brief   Enable IRQ Interrupts
 126:Generated_Source\PSoC6\pdl\cmsis/include/cmsis_gcc.h ****   \details Enables IRQ interrupts by clearing the I-bit in the CPSR.
 127:Generated_Source\PSoC6\pdl\cmsis/include/cmsis_gcc.h ****            Can only be executed in Privileged modes.
 128:Generated_Source\PSoC6\pdl\cmsis/include/cmsis_gcc.h ****  */
 129:Generated_Source\PSoC6\pdl\cmsis/include/cmsis_gcc.h **** __STATIC_FORCEINLINE void __enable_irq(void)
 130:Generated_Source\PSoC6\pdl\cmsis/include/cmsis_gcc.h **** {
 131:Generated_Source\PSoC6\pdl\cmsis/include/cmsis_gcc.h ****   __ASM volatile ("cpsie i" : : : "memory");
  40              		.loc 2 131 0
  41              		.syntax divided
  42              	@ 131 "Generated_Source\PSoC6\pdl\cmsis/include/cmsis_gcc.h" 1
  43 0002 62B6     		cpsie i
  44              	@ 0 "" 2
  45              		.thumb
  46              		.syntax unified
  47              	.LBE5:
  48              	.LBE4:
  16:main_cm0p.c   ****     __enable_irq(); /* Enable global interrupts. */
  17:main_cm0p.c   ****     
  18:main_cm0p.c   ****     Cy_BLE_Start(0);
  49              		.loc 1 18 0
  50 0004 0020     		movs	r0, #0
  51 0006 FFF7FEFF 		bl	Cy_BLE_Start
  52              	.LVL0:
  19:main_cm0p.c   ****     
  20:main_cm0p.c   ****     /* Enable CM4.  CY_CORTEX_M4_APPL_ADDR must be updated if CM4 memory layout is changed. */
  21:main_cm0p.c   ****     Cy_SysEnableCM4(CY_CORTEX_M4_APPL_ADDR); 
  53              		.loc 1 21 0
  54 000a 0348     		ldr	r0, .L3
  55 000c FFF7FEFF 		bl	Cy_SysEnableCM4
  56              	.LVL1:
  57              	.L2:
  22:main_cm0p.c   **** 
  23:main_cm0p.c   ****     /* Place your initialization/startup code here (e.g. MyInst_Start()) */
  24:main_cm0p.c   **** 
  25:main_cm0p.c   ****     for(;;)
  26:main_cm0p.c   ****     {
  27:main_cm0p.c   ****         Cy_BLE_ProcessEvents();
  58              		.loc 1 27 0 discriminator 1
  59 0010 FFF7FEFF 		bl	Cy_BLE_ProcessEvents
  60              	.LVL2:
  61 0014 FCE7     		b	.L2
  62              	.L4:
  63 0016 C046     		.align	2
  64              	.L3:
  65 0018 00000810 		.word	268959744
  66              		.cfi_endproc
  67              	.LFE521:
  68              		.size	main, .-main
  69              		.text
  70              	.Letext0:
ARM GAS  C:\Users\seths\AppData\Local\Temp\ccjV0Cfp.s 			page 5


  71              		.file 3 "c:\\program files (x86)\\cypress\\psoc creator\\4.2\\psoc creator\\import\\gnu\\arm\\5.4.
  72              		.file 4 "c:\\program files (x86)\\cypress\\psoc creator\\4.2\\psoc creator\\import\\gnu\\arm\\5.4.
  73              		.file 5 "Generated_Source\\PSoC6\\pdl\\drivers/peripheral/device/cy_device.h"
  74              		.file 6 "Generated_Source\\PSoC6\\pdl\\drivers/peripheral/scb/cy_scb_uart.h"
  75              		.file 7 "Generated_Source\\PSoC6\\pdl\\drivers/peripheral/tcpwm/cy_tcpwm_counter.h"
  76              		.file 8 "Generated_Source\\PSoC6\\pdl\\drivers/peripheral/tcpwm/cy_tcpwm_pwm.h"
  77              		.file 9 "Generated_Source\\PSoC6/UART_1.h"
  78              		.file 10 "Generated_Source\\PSoC6/PWM_GREEN_BLINK.h"
  79              		.file 11 "Generated_Source\\PSoC6/PWM_RED_BLINK.h"
  80              		.file 12 "Generated_Source\\PSoC6/Timer.h"
  81              		.file 13 "Generated_Source\\PSoC6/BLE.h"
  82              		.file 14 "./system_psoc6.h"
  83              		.file 15 "Generated_Source\\PSoC6\\pdl\\middleware/ble/cy_ble_stack.h"
  84              		.section	.debug_info,"",%progbits
  85              	.Ldebug_info0:
  86 0000 0D090000 		.4byte	0x90d
  87 0004 0400     		.2byte	0x4
  88 0006 00000000 		.4byte	.Ldebug_abbrev0
  89 000a 04       		.byte	0x4
  90 000b 01       		.uleb128 0x1
  91 000c 4F070000 		.4byte	.LASF171
  92 0010 0C       		.byte	0xc
  93 0011 A4000000 		.4byte	.LASF172
  94 0015 9B090000 		.4byte	.LASF173
  95 0019 00000000 		.4byte	.Ldebug_ranges0+0
  96 001d 00000000 		.4byte	0
  97 0021 00000000 		.4byte	.Ldebug_line0
  98 0025 02       		.uleb128 0x2
  99 0026 02       		.byte	0x2
 100 0027 05       		.byte	0x5
 101 0028 BF060000 		.4byte	.LASF0
 102 002c 02       		.uleb128 0x2
 103 002d 01       		.byte	0x1
 104 002e 08       		.byte	0x8
 105 002f 9D060000 		.4byte	.LASF1
 106 0033 02       		.uleb128 0x2
 107 0034 01       		.byte	0x1
 108 0035 06       		.byte	0x6
 109 0036 16090000 		.4byte	.LASF2
 110 003a 03       		.uleb128 0x3
 111 003b CB000000 		.4byte	.LASF3
 112 003f 03       		.byte	0x3
 113 0040 1D       		.byte	0x1d
 114 0041 2C000000 		.4byte	0x2c
 115 0045 03       		.uleb128 0x3
 116 0046 63030000 		.4byte	.LASF4
 117 004a 03       		.byte	0x3
 118 004b 29       		.byte	0x29
 119 004c 25000000 		.4byte	0x25
 120 0050 03       		.uleb128 0x3
 121 0051 20080000 		.4byte	.LASF5
 122 0055 03       		.byte	0x3
 123 0056 2B       		.byte	0x2b
 124 0057 5B000000 		.4byte	0x5b
 125 005b 02       		.uleb128 0x2
 126 005c 02       		.byte	0x2
 127 005d 07       		.byte	0x7
ARM GAS  C:\Users\seths\AppData\Local\Temp\ccjV0Cfp.s 			page 6


 128 005e 77080000 		.4byte	.LASF6
 129 0062 02       		.uleb128 0x2
 130 0063 04       		.byte	0x4
 131 0064 05       		.byte	0x5
 132 0065 8F020000 		.4byte	.LASF7
 133 0069 03       		.uleb128 0x3
 134 006a 48030000 		.4byte	.LASF8
 135 006e 03       		.byte	0x3
 136 006f 41       		.byte	0x41
 137 0070 74000000 		.4byte	0x74
 138 0074 02       		.uleb128 0x2
 139 0075 04       		.byte	0x4
 140 0076 07       		.byte	0x7
 141 0077 02040000 		.4byte	.LASF9
 142 007b 02       		.uleb128 0x2
 143 007c 08       		.byte	0x8
 144 007d 05       		.byte	0x5
 145 007e E3010000 		.4byte	.LASF10
 146 0082 02       		.uleb128 0x2
 147 0083 08       		.byte	0x8
 148 0084 07       		.byte	0x7
 149 0085 48010000 		.4byte	.LASF11
 150 0089 04       		.uleb128 0x4
 151 008a 04       		.byte	0x4
 152 008b 05       		.byte	0x5
 153 008c 696E7400 		.ascii	"int\000"
 154 0090 02       		.uleb128 0x2
 155 0091 04       		.byte	0x4
 156 0092 07       		.byte	0x7
 157 0093 C6030000 		.4byte	.LASF12
 158 0097 03       		.uleb128 0x3
 159 0098 7C090000 		.4byte	.LASF13
 160 009c 04       		.byte	0x4
 161 009d 18       		.byte	0x18
 162 009e 3A000000 		.4byte	0x3a
 163 00a2 03       		.uleb128 0x3
 164 00a3 DB010000 		.4byte	.LASF14
 165 00a7 04       		.byte	0x4
 166 00a8 20       		.byte	0x20
 167 00a9 45000000 		.4byte	0x45
 168 00ad 03       		.uleb128 0x3
 169 00ae D3030000 		.4byte	.LASF15
 170 00b2 04       		.byte	0x4
 171 00b3 24       		.byte	0x24
 172 00b4 50000000 		.4byte	0x50
 173 00b8 03       		.uleb128 0x3
 174 00b9 31070000 		.4byte	.LASF16
 175 00bd 04       		.byte	0x4
 176 00be 30       		.byte	0x30
 177 00bf 69000000 		.4byte	0x69
 178 00c3 02       		.uleb128 0x2
 179 00c4 04       		.byte	0x4
 180 00c5 07       		.byte	0x7
 181 00c6 89050000 		.4byte	.LASF17
 182 00ca 05       		.uleb128 0x5
 183 00cb B8000000 		.4byte	0xb8
 184 00cf 02       		.uleb128 0x2
ARM GAS  C:\Users\seths\AppData\Local\Temp\ccjV0Cfp.s 			page 7


 185 00d0 08       		.byte	0x8
 186 00d1 04       		.byte	0x4
 187 00d2 EA070000 		.4byte	.LASF18
 188 00d6 06       		.uleb128 0x6
 189 00d7 B8       		.byte	0xb8
 190 00d8 05       		.byte	0x5
 191 00d9 34       		.byte	0x34
 192 00da E7040000 		.4byte	0x4e7
 193 00de 07       		.uleb128 0x7
 194 00df 1E010000 		.4byte	.LASF19
 195 00e3 05       		.byte	0x5
 196 00e4 37       		.byte	0x37
 197 00e5 B8000000 		.4byte	0xb8
 198 00e9 00       		.byte	0
 199 00ea 07       		.uleb128 0x7
 200 00eb 3D030000 		.4byte	.LASF20
 201 00ef 05       		.byte	0x5
 202 00f0 38       		.byte	0x38
 203 00f1 B8000000 		.4byte	0xb8
 204 00f5 04       		.byte	0x4
 205 00f6 07       		.uleb128 0x7
 206 00f7 B5020000 		.4byte	.LASF21
 207 00fb 05       		.byte	0x5
 208 00fc 39       		.byte	0x39
 209 00fd B8000000 		.4byte	0xb8
 210 0101 08       		.byte	0x8
 211 0102 07       		.uleb128 0x7
 212 0103 8F060000 		.4byte	.LASF22
 213 0107 05       		.byte	0x5
 214 0108 3A       		.byte	0x3a
 215 0109 B8000000 		.4byte	0xb8
 216 010d 0C       		.byte	0xc
 217 010e 07       		.uleb128 0x7
 218 010f 35020000 		.4byte	.LASF23
 219 0113 05       		.byte	0x5
 220 0114 3B       		.byte	0x3b
 221 0115 B8000000 		.4byte	0xb8
 222 0119 10       		.byte	0x10
 223 011a 07       		.uleb128 0x7
 224 011b 6D020000 		.4byte	.LASF24
 225 011f 05       		.byte	0x5
 226 0120 3C       		.byte	0x3c
 227 0121 B8000000 		.4byte	0xb8
 228 0125 14       		.byte	0x14
 229 0126 07       		.uleb128 0x7
 230 0127 50040000 		.4byte	.LASF25
 231 012b 05       		.byte	0x5
 232 012c 3D       		.byte	0x3d
 233 012d B8000000 		.4byte	0xb8
 234 0131 18       		.byte	0x18
 235 0132 07       		.uleb128 0x7
 236 0133 9B000000 		.4byte	.LASF26
 237 0137 05       		.byte	0x5
 238 0138 3E       		.byte	0x3e
 239 0139 B8000000 		.4byte	0xb8
 240 013d 1C       		.byte	0x1c
 241 013e 07       		.uleb128 0x7
ARM GAS  C:\Users\seths\AppData\Local\Temp\ccjV0Cfp.s 			page 8


 242 013f 740A0000 		.4byte	.LASF27
 243 0143 05       		.byte	0x5
 244 0144 3F       		.byte	0x3f
 245 0145 B8000000 		.4byte	0xb8
 246 0149 20       		.byte	0x20
 247 014a 07       		.uleb128 0x7
 248 014b 16060000 		.4byte	.LASF28
 249 014f 05       		.byte	0x5
 250 0150 40       		.byte	0x40
 251 0151 B8000000 		.4byte	0xb8
 252 0155 24       		.byte	0x24
 253 0156 07       		.uleb128 0x7
 254 0157 3F050000 		.4byte	.LASF29
 255 015b 05       		.byte	0x5
 256 015c 43       		.byte	0x43
 257 015d 97000000 		.4byte	0x97
 258 0161 28       		.byte	0x28
 259 0162 07       		.uleb128 0x7
 260 0163 7E000000 		.4byte	.LASF30
 261 0167 05       		.byte	0x5
 262 0168 44       		.byte	0x44
 263 0169 97000000 		.4byte	0x97
 264 016d 29       		.byte	0x29
 265 016e 07       		.uleb128 0x7
 266 016f 6A0A0000 		.4byte	.LASF31
 267 0173 05       		.byte	0x5
 268 0174 45       		.byte	0x45
 269 0175 97000000 		.4byte	0x97
 270 0179 2A       		.byte	0x2a
 271 017a 07       		.uleb128 0x7
 272 017b 08060000 		.4byte	.LASF32
 273 017f 05       		.byte	0x5
 274 0180 46       		.byte	0x46
 275 0181 97000000 		.4byte	0x97
 276 0185 2B       		.byte	0x2b
 277 0186 07       		.uleb128 0x7
 278 0187 CD040000 		.4byte	.LASF33
 279 018b 05       		.byte	0x5
 280 018c 47       		.byte	0x47
 281 018d 97000000 		.4byte	0x97
 282 0191 2C       		.byte	0x2c
 283 0192 07       		.uleb128 0x7
 284 0193 3E080000 		.4byte	.LASF34
 285 0197 05       		.byte	0x5
 286 0198 48       		.byte	0x48
 287 0199 97000000 		.4byte	0x97
 288 019d 2D       		.byte	0x2d
 289 019e 07       		.uleb128 0x7
 290 019f 3E020000 		.4byte	.LASF35
 291 01a3 05       		.byte	0x5
 292 01a4 49       		.byte	0x49
 293 01a5 97000000 		.4byte	0x97
 294 01a9 2E       		.byte	0x2e
 295 01aa 07       		.uleb128 0x7
 296 01ab 4C050000 		.4byte	.LASF36
 297 01af 05       		.byte	0x5
 298 01b0 4A       		.byte	0x4a
ARM GAS  C:\Users\seths\AppData\Local\Temp\ccjV0Cfp.s 			page 9


 299 01b1 97000000 		.4byte	0x97
 300 01b5 2F       		.byte	0x2f
 301 01b6 07       		.uleb128 0x7
 302 01b7 06080000 		.4byte	.LASF37
 303 01bb 05       		.byte	0x5
 304 01bc 4B       		.byte	0x4b
 305 01bd 97000000 		.4byte	0x97
 306 01c1 30       		.byte	0x30
 307 01c2 07       		.uleb128 0x7
 308 01c3 45040000 		.4byte	.LASF38
 309 01c7 05       		.byte	0x5
 310 01c8 4E       		.byte	0x4e
 311 01c9 97000000 		.4byte	0x97
 312 01cd 31       		.byte	0x31
 313 01ce 07       		.uleb128 0x7
 314 01cf BD000000 		.4byte	.LASF39
 315 01d3 05       		.byte	0x5
 316 01d4 4F       		.byte	0x4f
 317 01d5 97000000 		.4byte	0x97
 318 01d9 32       		.byte	0x32
 319 01da 07       		.uleb128 0x7
 320 01db BA030000 		.4byte	.LASF40
 321 01df 05       		.byte	0x5
 322 01e0 50       		.byte	0x50
 323 01e1 97000000 		.4byte	0x97
 324 01e5 33       		.byte	0x33
 325 01e6 07       		.uleb128 0x7
 326 01e7 AD050000 		.4byte	.LASF41
 327 01eb 05       		.byte	0x5
 328 01ec 51       		.byte	0x51
 329 01ed 97000000 		.4byte	0x97
 330 01f1 34       		.byte	0x34
 331 01f2 07       		.uleb128 0x7
 332 01f3 BA080000 		.4byte	.LASF42
 333 01f7 05       		.byte	0x5
 334 01f8 52       		.byte	0x52
 335 01f9 A2000000 		.4byte	0xa2
 336 01fd 36       		.byte	0x36
 337 01fe 07       		.uleb128 0x7
 338 01ff CF020000 		.4byte	.LASF43
 339 0203 05       		.byte	0x5
 340 0204 53       		.byte	0x53
 341 0205 A2000000 		.4byte	0xa2
 342 0209 38       		.byte	0x38
 343 020a 07       		.uleb128 0x7
 344 020b 49090000 		.4byte	.LASF44
 345 020f 05       		.byte	0x5
 346 0210 54       		.byte	0x54
 347 0211 A2000000 		.4byte	0xa2
 348 0215 3A       		.byte	0x3a
 349 0216 07       		.uleb128 0x7
 350 0217 5E020000 		.4byte	.LASF45
 351 021b 05       		.byte	0x5
 352 021c 55       		.byte	0x55
 353 021d 97000000 		.4byte	0x97
 354 0221 3C       		.byte	0x3c
 355 0222 07       		.uleb128 0x7
ARM GAS  C:\Users\seths\AppData\Local\Temp\ccjV0Cfp.s 			page 10


 356 0223 F6020000 		.4byte	.LASF46
 357 0227 05       		.byte	0x5
 358 0228 56       		.byte	0x56
 359 0229 97000000 		.4byte	0x97
 360 022d 3D       		.byte	0x3d
 361 022e 07       		.uleb128 0x7
 362 022f 13070000 		.4byte	.LASF47
 363 0233 05       		.byte	0x5
 364 0234 57       		.byte	0x57
 365 0235 97000000 		.4byte	0x97
 366 0239 3E       		.byte	0x3e
 367 023a 07       		.uleb128 0x7
 368 023b 2F010000 		.4byte	.LASF48
 369 023f 05       		.byte	0x5
 370 0240 58       		.byte	0x58
 371 0241 97000000 		.4byte	0x97
 372 0245 3F       		.byte	0x3f
 373 0246 07       		.uleb128 0x7
 374 0247 21060000 		.4byte	.LASF49
 375 024b 05       		.byte	0x5
 376 024c 59       		.byte	0x59
 377 024d 97000000 		.4byte	0x97
 378 0251 40       		.byte	0x40
 379 0252 07       		.uleb128 0x7
 380 0253 53030000 		.4byte	.LASF50
 381 0257 05       		.byte	0x5
 382 0258 5A       		.byte	0x5a
 383 0259 97000000 		.4byte	0x97
 384 025d 41       		.byte	0x41
 385 025e 07       		.uleb128 0x7
 386 025f 59040000 		.4byte	.LASF51
 387 0263 05       		.byte	0x5
 388 0264 5B       		.byte	0x5b
 389 0265 97000000 		.4byte	0x97
 390 0269 42       		.byte	0x42
 391 026a 07       		.uleb128 0x7
 392 026b F4050000 		.4byte	.LASF52
 393 026f 05       		.byte	0x5
 394 0270 5C       		.byte	0x5c
 395 0271 97000000 		.4byte	0x97
 396 0275 43       		.byte	0x43
 397 0276 07       		.uleb128 0x7
 398 0277 BE020000 		.4byte	.LASF53
 399 027b 05       		.byte	0x5
 400 027c 5D       		.byte	0x5d
 401 027d 97000000 		.4byte	0x97
 402 0281 44       		.byte	0x44
 403 0282 07       		.uleb128 0x7
 404 0283 00000000 		.4byte	.LASF54
 405 0287 05       		.byte	0x5
 406 0288 5E       		.byte	0x5e
 407 0289 B8000000 		.4byte	0xb8
 408 028d 48       		.byte	0x48
 409 028e 07       		.uleb128 0x7
 410 028f A7020000 		.4byte	.LASF55
 411 0293 05       		.byte	0x5
 412 0294 5F       		.byte	0x5f
ARM GAS  C:\Users\seths\AppData\Local\Temp\ccjV0Cfp.s 			page 11


 413 0295 B8000000 		.4byte	0xb8
 414 0299 4C       		.byte	0x4c
 415 029a 07       		.uleb128 0x7
 416 029b AA0A0000 		.4byte	.LASF56
 417 029f 05       		.byte	0x5
 418 02a0 60       		.byte	0x60
 419 02a1 97000000 		.4byte	0x97
 420 02a5 50       		.byte	0x50
 421 02a6 07       		.uleb128 0x7
 422 02a7 B5010000 		.4byte	.LASF57
 423 02ab 05       		.byte	0x5
 424 02ac 61       		.byte	0x61
 425 02ad 97000000 		.4byte	0x97
 426 02b1 51       		.byte	0x51
 427 02b2 07       		.uleb128 0x7
 428 02b3 6C090000 		.4byte	.LASF58
 429 02b7 05       		.byte	0x5
 430 02b8 62       		.byte	0x62
 431 02b9 97000000 		.4byte	0x97
 432 02bd 52       		.byte	0x52
 433 02be 07       		.uleb128 0x7
 434 02bf 4B080000 		.4byte	.LASF59
 435 02c3 05       		.byte	0x5
 436 02c4 63       		.byte	0x63
 437 02c5 97000000 		.4byte	0x97
 438 02c9 53       		.byte	0x53
 439 02ca 07       		.uleb128 0x7
 440 02cb 21070000 		.4byte	.LASF60
 441 02cf 05       		.byte	0x5
 442 02d0 64       		.byte	0x64
 443 02d1 97000000 		.4byte	0x97
 444 02d5 54       		.byte	0x54
 445 02d6 07       		.uleb128 0x7
 446 02d7 C7010000 		.4byte	.LASF61
 447 02db 05       		.byte	0x5
 448 02dc 65       		.byte	0x65
 449 02dd 97000000 		.4byte	0x97
 450 02e1 55       		.byte	0x55
 451 02e2 07       		.uleb128 0x7
 452 02e3 EE030000 		.4byte	.LASF62
 453 02e7 05       		.byte	0x5
 454 02e8 66       		.byte	0x66
 455 02e9 97000000 		.4byte	0x97
 456 02ed 56       		.byte	0x56
 457 02ee 07       		.uleb128 0x7
 458 02ef DD060000 		.4byte	.LASF63
 459 02f3 05       		.byte	0x5
 460 02f4 67       		.byte	0x67
 461 02f5 97000000 		.4byte	0x97
 462 02f9 57       		.byte	0x57
 463 02fa 07       		.uleb128 0x7
 464 02fb 39000000 		.4byte	.LASF64
 465 02ff 05       		.byte	0x5
 466 0300 68       		.byte	0x68
 467 0301 97000000 		.4byte	0x97
 468 0305 58       		.byte	0x58
 469 0306 07       		.uleb128 0x7
ARM GAS  C:\Users\seths\AppData\Local\Temp\ccjV0Cfp.s 			page 12


 470 0307 AB060000 		.4byte	.LASF65
 471 030b 05       		.byte	0x5
 472 030c 69       		.byte	0x69
 473 030d 97000000 		.4byte	0x97
 474 0311 59       		.byte	0x59
 475 0312 07       		.uleb128 0x7
 476 0313 92050000 		.4byte	.LASF66
 477 0317 05       		.byte	0x5
 478 0318 6E       		.byte	0x6e
 479 0319 AD000000 		.4byte	0xad
 480 031d 5A       		.byte	0x5a
 481 031e 07       		.uleb128 0x7
 482 031f 8A080000 		.4byte	.LASF67
 483 0323 05       		.byte	0x5
 484 0324 6F       		.byte	0x6f
 485 0325 AD000000 		.4byte	0xad
 486 0329 5C       		.byte	0x5c
 487 032a 07       		.uleb128 0x7
 488 032b 8C000000 		.4byte	.LASF68
 489 032f 05       		.byte	0x5
 490 0330 70       		.byte	0x70
 491 0331 97000000 		.4byte	0x97
 492 0335 5E       		.byte	0x5e
 493 0336 07       		.uleb128 0x7
 494 0337 70060000 		.4byte	.LASF69
 495 033b 05       		.byte	0x5
 496 033c 71       		.byte	0x71
 497 033d 97000000 		.4byte	0x97
 498 0341 5F       		.byte	0x5f
 499 0342 07       		.uleb128 0x7
 500 0343 E3050000 		.4byte	.LASF70
 501 0347 05       		.byte	0x5
 502 0348 72       		.byte	0x72
 503 0349 97000000 		.4byte	0x97
 504 034d 60       		.byte	0x60
 505 034e 07       		.uleb128 0x7
 506 034f 49060000 		.4byte	.LASF71
 507 0353 05       		.byte	0x5
 508 0354 73       		.byte	0x73
 509 0355 B8000000 		.4byte	0xb8
 510 0359 64       		.byte	0x64
 511 035a 07       		.uleb128 0x7
 512 035b 6E010000 		.4byte	.LASF72
 513 035f 05       		.byte	0x5
 514 0360 76       		.byte	0x76
 515 0361 AD000000 		.4byte	0xad
 516 0365 68       		.byte	0x68
 517 0366 07       		.uleb128 0x7
 518 0367 DC030000 		.4byte	.LASF73
 519 036b 05       		.byte	0x5
 520 036c 77       		.byte	0x77
 521 036d AD000000 		.4byte	0xad
 522 0371 6A       		.byte	0x6a
 523 0372 07       		.uleb128 0x7
 524 0373 7C040000 		.4byte	.LASF74
 525 0377 05       		.byte	0x5
 526 0378 78       		.byte	0x78
ARM GAS  C:\Users\seths\AppData\Local\Temp\ccjV0Cfp.s 			page 13


 527 0379 AD000000 		.4byte	0xad
 528 037d 6C       		.byte	0x6c
 529 037e 07       		.uleb128 0x7
 530 037f B0040000 		.4byte	.LASF75
 531 0383 05       		.byte	0x5
 532 0384 79       		.byte	0x79
 533 0385 AD000000 		.4byte	0xad
 534 0389 6E       		.byte	0x6e
 535 038a 07       		.uleb128 0x7
 536 038b C9060000 		.4byte	.LASF76
 537 038f 05       		.byte	0x5
 538 0390 7B       		.byte	0x7b
 539 0391 97000000 		.4byte	0x97
 540 0395 70       		.byte	0x70
 541 0396 07       		.uleb128 0x7
 542 0397 0F020000 		.4byte	.LASF77
 543 039b 05       		.byte	0x5
 544 039c 7C       		.byte	0x7c
 545 039d 97000000 		.4byte	0x97
 546 03a1 71       		.byte	0x71
 547 03a2 07       		.uleb128 0x7
 548 03a3 7C0A0000 		.4byte	.LASF78
 549 03a7 05       		.byte	0x5
 550 03a8 7D       		.byte	0x7d
 551 03a9 97000000 		.4byte	0x97
 552 03ad 72       		.byte	0x72
 553 03ae 07       		.uleb128 0x7
 554 03af BE050000 		.4byte	.LASF79
 555 03b3 05       		.byte	0x5
 556 03b4 7E       		.byte	0x7e
 557 03b5 97000000 		.4byte	0x97
 558 03b9 73       		.byte	0x73
 559 03ba 07       		.uleb128 0x7
 560 03bb 17030000 		.4byte	.LASF80
 561 03bf 05       		.byte	0x5
 562 03c0 80       		.byte	0x80
 563 03c1 AD000000 		.4byte	0xad
 564 03c5 74       		.byte	0x74
 565 03c6 07       		.uleb128 0x7
 566 03c7 2B080000 		.4byte	.LASF81
 567 03cb 05       		.byte	0x5
 568 03cc 81       		.byte	0x81
 569 03cd AD000000 		.4byte	0xad
 570 03d1 76       		.byte	0x76
 571 03d2 07       		.uleb128 0x7
 572 03d3 E1020000 		.4byte	.LASF82
 573 03d7 05       		.byte	0x5
 574 03d8 82       		.byte	0x82
 575 03d9 AD000000 		.4byte	0xad
 576 03dd 78       		.byte	0x78
 577 03de 07       		.uleb128 0x7
 578 03df D5000000 		.4byte	.LASF83
 579 03e3 05       		.byte	0x5
 580 03e4 83       		.byte	0x83
 581 03e5 AD000000 		.4byte	0xad
 582 03e9 7A       		.byte	0x7a
 583 03ea 07       		.uleb128 0x7
ARM GAS  C:\Users\seths\AppData\Local\Temp\ccjV0Cfp.s 			page 14


 584 03eb F8090000 		.4byte	.LASF84
 585 03ef 05       		.byte	0x5
 586 03f0 86       		.byte	0x86
 587 03f1 97000000 		.4byte	0x97
 588 03f5 7C       		.byte	0x7c
 589 03f6 07       		.uleb128 0x7
 590 03f7 F7080000 		.4byte	.LASF85
 591 03fb 05       		.byte	0x5
 592 03fc 87       		.byte	0x87
 593 03fd 97000000 		.4byte	0x97
 594 0401 7D       		.byte	0x7d
 595 0402 07       		.uleb128 0x7
 596 0403 4D000000 		.4byte	.LASF86
 597 0407 05       		.byte	0x5
 598 0408 88       		.byte	0x88
 599 0409 97000000 		.4byte	0x97
 600 040d 7E       		.byte	0x7e
 601 040e 07       		.uleb128 0x7
 602 040f 29030000 		.4byte	.LASF87
 603 0413 05       		.byte	0x5
 604 0414 89       		.byte	0x89
 605 0415 97000000 		.4byte	0x97
 606 0419 7F       		.byte	0x7f
 607 041a 07       		.uleb128 0x7
 608 041b A6030000 		.4byte	.LASF88
 609 041f 05       		.byte	0x5
 610 0420 8A       		.byte	0x8a
 611 0421 97000000 		.4byte	0x97
 612 0425 80       		.byte	0x80
 613 0426 07       		.uleb128 0x7
 614 0427 E0080000 		.4byte	.LASF89
 615 042b 05       		.byte	0x5
 616 042c 8D       		.byte	0x8d
 617 042d B8000000 		.4byte	0xb8
 618 0431 84       		.byte	0x84
 619 0432 07       		.uleb128 0x7
 620 0433 EA000000 		.4byte	.LASF90
 621 0437 05       		.byte	0x5
 622 0438 8E       		.byte	0x8e
 623 0439 B8000000 		.4byte	0xb8
 624 043d 88       		.byte	0x88
 625 043e 07       		.uleb128 0x7
 626 043f E3090000 		.4byte	.LASF91
 627 0443 05       		.byte	0x5
 628 0444 8F       		.byte	0x8f
 629 0445 B8000000 		.4byte	0xb8
 630 0449 8C       		.byte	0x8c
 631 044a 07       		.uleb128 0x7
 632 044b 58050000 		.4byte	.LASF92
 633 044f 05       		.byte	0x5
 634 0450 90       		.byte	0x90
 635 0451 B8000000 		.4byte	0xb8
 636 0455 90       		.byte	0x90
 637 0456 07       		.uleb128 0x7
 638 0457 76030000 		.4byte	.LASF93
 639 045b 05       		.byte	0x5
 640 045c 91       		.byte	0x91
ARM GAS  C:\Users\seths\AppData\Local\Temp\ccjV0Cfp.s 			page 15


 641 045d B8000000 		.4byte	0xb8
 642 0461 94       		.byte	0x94
 643 0462 07       		.uleb128 0x7
 644 0463 1E050000 		.4byte	.LASF94
 645 0467 05       		.byte	0x5
 646 0468 92       		.byte	0x92
 647 0469 B8000000 		.4byte	0xb8
 648 046d 98       		.byte	0x98
 649 046e 07       		.uleb128 0x7
 650 046f 450A0000 		.4byte	.LASF95
 651 0473 05       		.byte	0x5
 652 0474 93       		.byte	0x93
 653 0475 B8000000 		.4byte	0xb8
 654 0479 9C       		.byte	0x9c
 655 047a 07       		.uleb128 0x7
 656 047b 88010000 		.4byte	.LASF96
 657 047f 05       		.byte	0x5
 658 0480 94       		.byte	0x94
 659 0481 B8000000 		.4byte	0xb8
 660 0485 A0       		.byte	0xa0
 661 0486 07       		.uleb128 0x7
 662 0487 49020000 		.4byte	.LASF97
 663 048b 05       		.byte	0x5
 664 048c 95       		.byte	0x95
 665 048d AD000000 		.4byte	0xad
 666 0491 A4       		.byte	0xa4
 667 0492 07       		.uleb128 0x7
 668 0493 3A070000 		.4byte	.LASF98
 669 0497 05       		.byte	0x5
 670 0498 96       		.byte	0x96
 671 0499 AD000000 		.4byte	0xad
 672 049d A6       		.byte	0xa6
 673 049e 07       		.uleb128 0x7
 674 049f 64060000 		.4byte	.LASF99
 675 04a3 05       		.byte	0x5
 676 04a4 97       		.byte	0x97
 677 04a5 AD000000 		.4byte	0xad
 678 04a9 A8       		.byte	0xa8
 679 04aa 07       		.uleb128 0x7
 680 04ab 12080000 		.4byte	.LASF100
 681 04af 05       		.byte	0x5
 682 04b0 98       		.byte	0x98
 683 04b1 AD000000 		.4byte	0xad
 684 04b5 AA       		.byte	0xaa
 685 04b6 07       		.uleb128 0x7
 686 04b7 8B040000 		.4byte	.LASF101
 687 04bb 05       		.byte	0x5
 688 04bc 99       		.byte	0x99
 689 04bd AD000000 		.4byte	0xad
 690 04c1 AC       		.byte	0xac
 691 04c2 07       		.uleb128 0x7
 692 04c3 D5050000 		.4byte	.LASF102
 693 04c7 05       		.byte	0x5
 694 04c8 9A       		.byte	0x9a
 695 04c9 AD000000 		.4byte	0xad
 696 04cd AE       		.byte	0xae
 697 04ce 07       		.uleb128 0x7
ARM GAS  C:\Users\seths\AppData\Local\Temp\ccjV0Cfp.s 			page 16


 698 04cf 9D080000 		.4byte	.LASF103
 699 04d3 05       		.byte	0x5
 700 04d4 9D       		.byte	0x9d
 701 04d5 AD000000 		.4byte	0xad
 702 04d9 B0       		.byte	0xb0
 703 04da 07       		.uleb128 0x7
 704 04db 6A000000 		.4byte	.LASF104
 705 04df 05       		.byte	0x5
 706 04e0 9E       		.byte	0x9e
 707 04e1 B8000000 		.4byte	0xb8
 708 04e5 B4       		.byte	0xb4
 709 04e6 00       		.byte	0
 710 04e7 03       		.uleb128 0x3
 711 04e8 9D050000 		.4byte	.LASF105
 712 04ec 05       		.byte	0x5
 713 04ed 9F       		.byte	0x9f
 714 04ee D6000000 		.4byte	0xd6
 715 04f2 02       		.uleb128 0x2
 716 04f3 01       		.byte	0x1
 717 04f4 08       		.byte	0x8
 718 04f5 F6070000 		.4byte	.LASF106
 719 04f9 02       		.uleb128 0x2
 720 04fa 04       		.byte	0x4
 721 04fb 04       		.byte	0x4
 722 04fc 43060000 		.4byte	.LASF107
 723 0500 02       		.uleb128 0x2
 724 0501 08       		.byte	0x8
 725 0502 04       		.byte	0x4
 726 0503 DA020000 		.4byte	.LASF108
 727 0507 08       		.uleb128 0x8
 728 0508 04       		.byte	0x4
 729 0509 02       		.uleb128 0x2
 730 050a 01       		.byte	0x1
 731 050b 02       		.byte	0x2
 732 050c 97060000 		.4byte	.LASF109
 733 0510 09       		.uleb128 0x9
 734 0511 04       		.byte	0x4
 735 0512 16050000 		.4byte	0x516
 736 0516 0A       		.uleb128 0xa
 737 0517 21050000 		.4byte	0x521
 738 051b 0B       		.uleb128 0xb
 739 051c B8000000 		.4byte	0xb8
 740 0520 00       		.byte	0
 741 0521 0C       		.uleb128 0xc
 742 0522 26040000 		.4byte	.LASF110
 743 0526 06       		.byte	0x6
 744 0527 D901     		.2byte	0x1d9
 745 0529 10050000 		.4byte	0x510
 746 052d 0D       		.uleb128 0xd
 747 052e 920A0000 		.4byte	.LASF126
 748 0532 38       		.byte	0x38
 749 0533 06       		.byte	0x6
 750 0534 7502     		.2byte	0x275
 751 0536 F1050000 		.4byte	0x5f1
 752 053a 0E       		.uleb128 0xe
 753 053b 65040000 		.4byte	.LASF111
 754 053f 06       		.byte	0x6
ARM GAS  C:\Users\seths\AppData\Local\Temp\ccjV0Cfp.s 			page 17


 755 0540 7802     		.2byte	0x278
 756 0542 CA000000 		.4byte	0xca
 757 0546 00       		.byte	0
 758 0547 0E       		.uleb128 0xe
 759 0548 FF050000 		.4byte	.LASF112
 760 054c 06       		.byte	0x6
 761 054d 7902     		.2byte	0x279
 762 054f CA000000 		.4byte	0xca
 763 0553 04       		.byte	0x4
 764 0554 0E       		.uleb128 0xe
 765 0555 7E010000 		.4byte	.LASF113
 766 0559 06       		.byte	0x6
 767 055a 7B02     		.2byte	0x27b
 768 055c 07050000 		.4byte	0x507
 769 0560 08       		.byte	0x8
 770 0561 0E       		.uleb128 0xe
 771 0562 5D080000 		.4byte	.LASF114
 772 0566 06       		.byte	0x6
 773 0567 7C02     		.2byte	0x27c
 774 0569 B8000000 		.4byte	0xb8
 775 056d 0C       		.byte	0xc
 776 056e 0E       		.uleb128 0xe
 777 056f 10050000 		.4byte	.LASF115
 778 0573 06       		.byte	0x6
 779 0574 7D02     		.2byte	0x27d
 780 0576 CA000000 		.4byte	0xca
 781 057a 10       		.byte	0x10
 782 057b 0E       		.uleb128 0xe
 783 057c 370A0000 		.4byte	.LASF116
 784 0580 06       		.byte	0x6
 785 0581 7E02     		.2byte	0x27e
 786 0583 CA000000 		.4byte	0xca
 787 0587 14       		.byte	0x14
 788 0588 0E       		.uleb128 0xe
 789 0589 10090000 		.4byte	.LASF117
 790 058d 06       		.byte	0x6
 791 058e 8002     		.2byte	0x280
 792 0590 07050000 		.4byte	0x507
 793 0594 18       		.byte	0x18
 794 0595 0E       		.uleb128 0xe
 795 0596 2F000000 		.4byte	.LASF118
 796 059a 06       		.byte	0x6
 797 059b 8102     		.2byte	0x281
 798 059d B8000000 		.4byte	0xb8
 799 05a1 1C       		.byte	0x1c
 800 05a2 0E       		.uleb128 0xe
 801 05a3 6D030000 		.4byte	.LASF119
 802 05a7 06       		.byte	0x6
 803 05a8 8202     		.2byte	0x282
 804 05aa CA000000 		.4byte	0xca
 805 05ae 20       		.byte	0x20
 806 05af 0E       		.uleb128 0xe
 807 05b0 D9040000 		.4byte	.LASF120
 808 05b4 06       		.byte	0x6
 809 05b5 8402     		.2byte	0x284
 810 05b7 07050000 		.4byte	0x507
 811 05bb 24       		.byte	0x24
ARM GAS  C:\Users\seths\AppData\Local\Temp\ccjV0Cfp.s 			page 18


 812 05bc 0E       		.uleb128 0xe
 813 05bd 8B030000 		.4byte	.LASF121
 814 05c1 06       		.byte	0x6
 815 05c2 8502     		.2byte	0x285
 816 05c4 B8000000 		.4byte	0xb8
 817 05c8 28       		.byte	0x28
 818 05c9 0E       		.uleb128 0xe
 819 05ca 24020000 		.4byte	.LASF122
 820 05ce 06       		.byte	0x6
 821 05cf 8602     		.2byte	0x286
 822 05d1 CA000000 		.4byte	0xca
 823 05d5 2C       		.byte	0x2c
 824 05d6 0E       		.uleb128 0xe
 825 05d7 A7040000 		.4byte	.LASF123
 826 05db 06       		.byte	0x6
 827 05dc 8B02     		.2byte	0x28b
 828 05de 21050000 		.4byte	0x521
 829 05e2 30       		.byte	0x30
 830 05e3 0E       		.uleb128 0xe
 831 05e4 08090000 		.4byte	.LASF124
 832 05e8 06       		.byte	0x6
 833 05e9 8E02     		.2byte	0x28e
 834 05eb B8000000 		.4byte	0xb8
 835 05ef 34       		.byte	0x34
 836 05f0 00       		.byte	0
 837 05f1 0C       		.uleb128 0xc
 838 05f2 22090000 		.4byte	.LASF125
 839 05f6 06       		.byte	0x6
 840 05f7 9102     		.2byte	0x291
 841 05f9 2D050000 		.4byte	0x52d
 842 05fd 0F       		.uleb128 0xf
 843 05fe 6D050000 		.4byte	.LASF127
 844 0602 4C       		.byte	0x4c
 845 0603 07       		.byte	0x7
 846 0604 2F       		.byte	0x2f
 847 0605 EE060000 		.4byte	0x6ee
 848 0609 07       		.uleb128 0x7
 849 060a 28010000 		.4byte	.LASF128
 850 060e 07       		.byte	0x7
 851 060f 31       		.byte	0x31
 852 0610 B8000000 		.4byte	0xb8
 853 0614 00       		.byte	0
 854 0615 07       		.uleb128 0x7
 855 0616 5F010000 		.4byte	.LASF129
 856 061a 07       		.byte	0x7
 857 061b 33       		.byte	0x33
 858 061c B8000000 		.4byte	0xb8
 859 0620 04       		.byte	0x4
 860 0621 07       		.uleb128 0x7
 861 0622 12000000 		.4byte	.LASF130
 862 0626 07       		.byte	0x7
 863 0627 34       		.byte	0x34
 864 0628 B8000000 		.4byte	0xb8
 865 062c 08       		.byte	0x8
 866 062d 07       		.uleb128 0x7
 867 062e 01010000 		.4byte	.LASF131
 868 0632 07       		.byte	0x7
ARM GAS  C:\Users\seths\AppData\Local\Temp\ccjV0Cfp.s 			page 19


 869 0633 35       		.byte	0x35
 870 0634 B8000000 		.4byte	0xb8
 871 0638 0C       		.byte	0xc
 872 0639 07       		.uleb128 0x7
 873 063a 02070000 		.4byte	.LASF132
 874 063e 07       		.byte	0x7
 875 063f 37       		.byte	0x37
 876 0640 B8000000 		.4byte	0xb8
 877 0644 10       		.byte	0x10
 878 0645 07       		.uleb128 0x7
 879 0646 E1070000 		.4byte	.LASF133
 880 064a 07       		.byte	0x7
 881 064b 38       		.byte	0x38
 882 064c B8000000 		.4byte	0xb8
 883 0650 14       		.byte	0x14
 884 0651 07       		.uleb128 0x7
 885 0652 D7080000 		.4byte	.LASF134
 886 0656 07       		.byte	0x7
 887 0657 39       		.byte	0x39
 888 0658 B8000000 		.4byte	0xb8
 889 065c 18       		.byte	0x18
 890 065d 07       		.uleb128 0x7
 891 065e 14040000 		.4byte	.LASF135
 892 0662 07       		.byte	0x7
 893 0663 3A       		.byte	0x3a
 894 0664 09050000 		.4byte	0x509
 895 0668 1C       		.byte	0x1c
 896 0669 07       		.uleb128 0x7
 897 066a 95030000 		.4byte	.LASF136
 898 066e 07       		.byte	0x7
 899 066f 3C       		.byte	0x3c
 900 0670 B8000000 		.4byte	0xb8
 901 0674 20       		.byte	0x20
 902 0675 07       		.uleb128 0x7
 903 0676 06030000 		.4byte	.LASF137
 904 067a 07       		.byte	0x7
 905 067b 3D       		.byte	0x3d
 906 067c B8000000 		.4byte	0xb8
 907 0680 24       		.byte	0x24
 908 0681 07       		.uleb128 0x7
 909 0682 3B010000 		.4byte	.LASF138
 910 0686 07       		.byte	0x7
 911 0687 3F       		.byte	0x3f
 912 0688 B8000000 		.4byte	0xb8
 913 068c 28       		.byte	0x28
 914 068d 07       		.uleb128 0x7
 915 068e 270A0000 		.4byte	.LASF139
 916 0692 07       		.byte	0x7
 917 0693 40       		.byte	0x40
 918 0694 B8000000 		.4byte	0xb8
 919 0698 2C       		.byte	0x2c
 920 0699 07       		.uleb128 0x7
 921 069a 6B080000 		.4byte	.LASF140
 922 069e 07       		.byte	0x7
 923 069f 42       		.byte	0x42
 924 06a0 B8000000 		.4byte	0xb8
 925 06a4 30       		.byte	0x30
ARM GAS  C:\Users\seths\AppData\Local\Temp\ccjV0Cfp.s 			page 20


 926 06a5 07       		.uleb128 0x7
 927 06a6 AB080000 		.4byte	.LASF141
 928 06aa 07       		.byte	0x7
 929 06ab 43       		.byte	0x43
 930 06ac B8000000 		.4byte	0xb8
 931 06b0 34       		.byte	0x34
 932 06b1 07       		.uleb128 0x7
 933 06b2 34050000 		.4byte	.LASF142
 934 06b6 07       		.byte	0x7
 935 06b7 45       		.byte	0x45
 936 06b8 B8000000 		.4byte	0xb8
 937 06bc 38       		.byte	0x38
 938 06bd 07       		.uleb128 0x7
 939 06be 10010000 		.4byte	.LASF143
 940 06c2 07       		.byte	0x7
 941 06c3 46       		.byte	0x46
 942 06c4 B8000000 		.4byte	0xb8
 943 06c8 3C       		.byte	0x3c
 944 06c9 07       		.uleb128 0x7
 945 06ca 93080000 		.4byte	.LASF144
 946 06ce 07       		.byte	0x7
 947 06cf 48       		.byte	0x48
 948 06d0 B8000000 		.4byte	0xb8
 949 06d4 40       		.byte	0x40
 950 06d5 07       		.uleb128 0x7
 951 06d6 5B0A0000 		.4byte	.LASF145
 952 06da 07       		.byte	0x7
 953 06db 49       		.byte	0x49
 954 06dc B8000000 		.4byte	0xb8
 955 06e0 44       		.byte	0x44
 956 06e1 07       		.uleb128 0x7
 957 06e2 FB070000 		.4byte	.LASF146
 958 06e6 07       		.byte	0x7
 959 06e7 4B       		.byte	0x4b
 960 06e8 B8000000 		.4byte	0xb8
 961 06ec 48       		.byte	0x48
 962 06ed 00       		.byte	0
 963 06ee 03       		.uleb128 0x3
 964 06ef F1010000 		.4byte	.LASF147
 965 06f3 07       		.byte	0x7
 966 06f4 4C       		.byte	0x4c
 967 06f5 FD050000 		.4byte	0x5fd
 968 06f9 0F       		.uleb128 0xf
 969 06fa 77020000 		.4byte	.LASF148
 970 06fe 64       		.byte	0x64
 971 06ff 08       		.byte	0x8
 972 0700 2F       		.byte	0x2f
 973 0701 32080000 		.4byte	0x832
 974 0705 07       		.uleb128 0x7
 975 0706 3B060000 		.4byte	.LASF149
 976 070a 08       		.byte	0x8
 977 070b 31       		.byte	0x31
 978 070c B8000000 		.4byte	0xb8
 979 0710 00       		.byte	0
 980 0711 07       		.uleb128 0x7
 981 0712 5F010000 		.4byte	.LASF129
 982 0716 08       		.byte	0x8
ARM GAS  C:\Users\seths\AppData\Local\Temp\ccjV0Cfp.s 			page 21


 983 0717 33       		.byte	0x33
 984 0718 B8000000 		.4byte	0xb8
 985 071c 04       		.byte	0x4
 986 071d 07       		.uleb128 0x7
 987 071e B0000000 		.4byte	.LASF150
 988 0722 08       		.byte	0x8
 989 0723 34       		.byte	0x34
 990 0724 B8000000 		.4byte	0xb8
 991 0728 08       		.byte	0x8
 992 0729 07       		.uleb128 0x7
 993 072a 01050000 		.4byte	.LASF151
 994 072e 08       		.byte	0x8
 995 072f 35       		.byte	0x35
 996 0730 B8000000 		.4byte	0xb8
 997 0734 0C       		.byte	0xc
 998 0735 07       		.uleb128 0x7
 999 0736 12000000 		.4byte	.LASF130
 1000 073a 08       		.byte	0x8
 1001 073b 36       		.byte	0x36
 1002 073c B8000000 		.4byte	0xb8
 1003 0740 10       		.byte	0x10
 1004 0741 07       		.uleb128 0x7
 1005 0742 C7080000 		.4byte	.LASF152
 1006 0746 08       		.byte	0x8
 1007 0747 37       		.byte	0x37
 1008 0748 B8000000 		.4byte	0xb8
 1009 074c 14       		.byte	0x14
 1010 074d 07       		.uleb128 0x7
 1011 074e CF080000 		.4byte	.LASF153
 1012 0752 08       		.byte	0x8
 1013 0753 38       		.byte	0x38
 1014 0754 B8000000 		.4byte	0xb8
 1015 0758 18       		.byte	0x18
 1016 0759 07       		.uleb128 0x7
 1017 075a F1060000 		.4byte	.LASF154
 1018 075e 08       		.byte	0x8
 1019 075f 39       		.byte	0x39
 1020 0760 09050000 		.4byte	0x509
 1021 0764 1C       		.byte	0x1c
 1022 0765 07       		.uleb128 0x7
 1023 0766 E1070000 		.4byte	.LASF133
 1024 076a 08       		.byte	0x8
 1025 076b 3A       		.byte	0x3a
 1026 076c B8000000 		.4byte	0xb8
 1027 0770 20       		.byte	0x20
 1028 0771 07       		.uleb128 0x7
 1029 0772 D7080000 		.4byte	.LASF134
 1030 0776 08       		.byte	0x8
 1031 0777 3B       		.byte	0x3b
 1032 0778 B8000000 		.4byte	0xb8
 1033 077c 24       		.byte	0x24
 1034 077d 07       		.uleb128 0x7
 1035 077e 14040000 		.4byte	.LASF135
 1036 0782 08       		.byte	0x8
 1037 0783 3C       		.byte	0x3c
 1038 0784 09050000 		.4byte	0x509
 1039 0788 28       		.byte	0x28
ARM GAS  C:\Users\seths\AppData\Local\Temp\ccjV0Cfp.s 			page 22


 1040 0789 07       		.uleb128 0x7
 1041 078a 95030000 		.4byte	.LASF136
 1042 078e 08       		.byte	0x8
 1043 078f 3E       		.byte	0x3e
 1044 0790 B8000000 		.4byte	0xb8
 1045 0794 2C       		.byte	0x2c
 1046 0795 07       		.uleb128 0x7
 1047 0796 F4040000 		.4byte	.LASF155
 1048 079a 08       		.byte	0x8
 1049 079b 3F       		.byte	0x3f
 1050 079c B8000000 		.4byte	0xb8
 1051 07a0 30       		.byte	0x30
 1052 07a1 07       		.uleb128 0x7
 1053 07a2 5E090000 		.4byte	.LASF156
 1054 07a6 08       		.byte	0x8
 1055 07a7 40       		.byte	0x40
 1056 07a8 B8000000 		.4byte	0xb8
 1057 07ac 34       		.byte	0x34
 1058 07ad 07       		.uleb128 0x7
 1059 07ae 86060000 		.4byte	.LASF157
 1060 07b2 08       		.byte	0x8
 1061 07b3 41       		.byte	0x41
 1062 07b4 B8000000 		.4byte	0xb8
 1063 07b8 38       		.byte	0x38
 1064 07b9 07       		.uleb128 0x7
 1065 07ba 6E040000 		.4byte	.LASF158
 1066 07be 08       		.byte	0x8
 1067 07bf 42       		.byte	0x42
 1068 07c0 B8000000 		.4byte	0xb8
 1069 07c4 3C       		.byte	0x3c
 1070 07c5 07       		.uleb128 0x7
 1071 07c6 9E010000 		.4byte	.LASF159
 1072 07ca 08       		.byte	0x8
 1073 07cb 44       		.byte	0x44
 1074 07cc B8000000 		.4byte	0xb8
 1075 07d0 40       		.byte	0x40
 1076 07d1 07       		.uleb128 0x7
 1077 07d2 270A0000 		.4byte	.LASF139
 1078 07d6 08       		.byte	0x8
 1079 07d7 45       		.byte	0x45
 1080 07d8 B8000000 		.4byte	0xb8
 1081 07dc 44       		.byte	0x44
 1082 07dd 07       		.uleb128 0x7
 1083 07de 6B080000 		.4byte	.LASF140
 1084 07e2 08       		.byte	0x8
 1085 07e3 47       		.byte	0x47
 1086 07e4 B8000000 		.4byte	0xb8
 1087 07e8 48       		.byte	0x48
 1088 07e9 07       		.uleb128 0x7
 1089 07ea AB080000 		.4byte	.LASF141
 1090 07ee 08       		.byte	0x8
 1091 07ef 48       		.byte	0x48
 1092 07f0 B8000000 		.4byte	0xb8
 1093 07f4 4C       		.byte	0x4c
 1094 07f5 07       		.uleb128 0x7
 1095 07f6 34050000 		.4byte	.LASF142
 1096 07fa 08       		.byte	0x8
ARM GAS  C:\Users\seths\AppData\Local\Temp\ccjV0Cfp.s 			page 23


 1097 07fb 4A       		.byte	0x4a
 1098 07fc B8000000 		.4byte	0xb8
 1099 0800 50       		.byte	0x50
 1100 0801 07       		.uleb128 0x7
 1101 0802 99040000 		.4byte	.LASF160
 1102 0806 08       		.byte	0x8
 1103 0807 4B       		.byte	0x4b
 1104 0808 B8000000 		.4byte	0xb8
 1105 080c 54       		.byte	0x54
 1106 080d 07       		.uleb128 0x7
 1107 080e 60000000 		.4byte	.LASF161
 1108 0812 08       		.byte	0x8
 1109 0813 4D       		.byte	0x4d
 1110 0814 B8000000 		.4byte	0xb8
 1111 0818 58       		.byte	0x58
 1112 0819 07       		.uleb128 0x7
 1113 081a 5B0A0000 		.4byte	.LASF145
 1114 081e 08       		.byte	0x8
 1115 081f 4E       		.byte	0x4e
 1116 0820 B8000000 		.4byte	0xb8
 1117 0824 5C       		.byte	0x5c
 1118 0825 07       		.uleb128 0x7
 1119 0826 FB070000 		.4byte	.LASF146
 1120 082a 08       		.byte	0x8
 1121 082b 50       		.byte	0x50
 1122 082c B8000000 		.4byte	0xb8
 1123 0830 60       		.byte	0x60
 1124 0831 00       		.byte	0
 1125 0832 03       		.uleb128 0x3
 1126 0833 0D0A0000 		.4byte	.LASF162
 1127 0837 08       		.byte	0x8
 1128 0838 51       		.byte	0x51
 1129 0839 F9060000 		.4byte	0x6f9
 1130 083d 10       		.uleb128 0x10
 1131 083e 2E060000 		.4byte	.LASF174
 1132 0842 02       		.byte	0x2
 1133 0843 81       		.byte	0x81
 1134 0844 03       		.byte	0x3
 1135 0845 11       		.uleb128 0x11
 1136 0846 01030000 		.4byte	.LASF175
 1137 084a 01       		.byte	0x1
 1138 084b 0E       		.byte	0xe
 1139 084c 89000000 		.4byte	0x89
 1140 0850 00000000 		.4byte	.LFB521
 1141 0854 1C000000 		.4byte	.LFE521-.LFB521
 1142 0858 01       		.uleb128 0x1
 1143 0859 9C       		.byte	0x9c
 1144 085a A1080000 		.4byte	0x8a1
 1145 085e 12       		.uleb128 0x12
 1146 085f 3D080000 		.4byte	0x83d
 1147 0863 02000000 		.4byte	.LBB4
 1148 0867 02000000 		.4byte	.LBE4-.LBB4
 1149 086b 01       		.byte	0x1
 1150 086c 10       		.byte	0x10
 1151 086d 13       		.uleb128 0x13
 1152 086e 0A000000 		.4byte	.LVL0
 1153 0872 ED080000 		.4byte	0x8ed
ARM GAS  C:\Users\seths\AppData\Local\Temp\ccjV0Cfp.s 			page 24


 1154 0876 80080000 		.4byte	0x880
 1155 087a 14       		.uleb128 0x14
 1156 087b 01       		.uleb128 0x1
 1157 087c 50       		.byte	0x50
 1158 087d 01       		.uleb128 0x1
 1159 087e 30       		.byte	0x30
 1160 087f 00       		.byte	0
 1161 0880 13       		.uleb128 0x13
 1162 0881 10000000 		.4byte	.LVL1
 1163 0885 F8080000 		.4byte	0x8f8
 1164 0889 97080000 		.4byte	0x897
 1165 088d 14       		.uleb128 0x14
 1166 088e 01       		.uleb128 0x1
 1167 088f 50       		.byte	0x50
 1168 0890 05       		.uleb128 0x5
 1169 0891 0C       		.byte	0xc
 1170 0892 00000810 		.4byte	0x10080000
 1171 0896 00       		.byte	0
 1172 0897 15       		.uleb128 0x15
 1173 0898 14000000 		.4byte	.LVL2
 1174 089c 04090000 		.4byte	0x904
 1175 08a0 00       		.byte	0
 1176 08a1 16       		.uleb128 0x16
 1177 08a2 5A060000 		.4byte	.LASF163
 1178 08a6 05       		.byte	0x5
 1179 08a7 A7       		.byte	0xa7
 1180 08a8 AC080000 		.4byte	0x8ac
 1181 08ac 09       		.uleb128 0x9
 1182 08ad 04       		.byte	0x4
 1183 08ae B2080000 		.4byte	0x8b2
 1184 08b2 17       		.uleb128 0x17
 1185 08b3 E7040000 		.4byte	0x4e7
 1186 08b7 16       		.uleb128 0x16
 1187 08b8 98020000 		.4byte	.LASF164
 1188 08bc 09       		.byte	0x9
 1189 08bd 87       		.byte	0x87
 1190 08be F1050000 		.4byte	0x5f1
 1191 08c2 16       		.uleb128 0x16
 1192 08c3 84090000 		.4byte	.LASF165
 1193 08c7 0A       		.byte	0xa
 1194 08c8 1F       		.byte	0x1f
 1195 08c9 CD080000 		.4byte	0x8cd
 1196 08cd 17       		.uleb128 0x17
 1197 08ce 32080000 		.4byte	0x832
 1198 08d2 16       		.uleb128 0x16
 1199 08d3 DF040000 		.4byte	.LASF166
 1200 08d7 0B       		.byte	0xb
 1201 08d8 1F       		.byte	0x1f
 1202 08d9 CD080000 		.4byte	0x8cd
 1203 08dd 16       		.uleb128 0x16
 1204 08de A8010000 		.4byte	.LASF167
 1205 08e2 0C       		.byte	0xc
 1206 08e3 1F       		.byte	0x1f
 1207 08e4 E8080000 		.4byte	0x8e8
 1208 08e8 17       		.uleb128 0x17
 1209 08e9 EE060000 		.4byte	0x6ee
 1210 08ed 18       		.uleb128 0x18
ARM GAS  C:\Users\seths\AppData\Local\Temp\ccjV0Cfp.s 			page 25


 1211 08ee 3C090000 		.4byte	.LASF168
 1212 08f2 3C090000 		.4byte	.LASF168
 1213 08f6 0D       		.byte	0xd
 1214 08f7 24       		.byte	0x24
 1215 08f8 19       		.uleb128 0x19
 1216 08f9 BD040000 		.4byte	.LASF169
 1217 08fd BD040000 		.4byte	.LASF169
 1218 0901 0E       		.byte	0xe
 1219 0902 1802     		.2byte	0x218
 1220 0904 19       		.uleb128 0x19
 1221 0905 1A000000 		.4byte	.LASF170
 1222 0909 1A000000 		.4byte	.LASF170
 1223 090d 0F       		.byte	0xf
 1224 090e F207     		.2byte	0x7f2
 1225 0910 00       		.byte	0
 1226              		.section	.debug_abbrev,"",%progbits
 1227              	.Ldebug_abbrev0:
 1228 0000 01       		.uleb128 0x1
 1229 0001 11       		.uleb128 0x11
 1230 0002 01       		.byte	0x1
 1231 0003 25       		.uleb128 0x25
 1232 0004 0E       		.uleb128 0xe
 1233 0005 13       		.uleb128 0x13
 1234 0006 0B       		.uleb128 0xb
 1235 0007 03       		.uleb128 0x3
 1236 0008 0E       		.uleb128 0xe
 1237 0009 1B       		.uleb128 0x1b
 1238 000a 0E       		.uleb128 0xe
 1239 000b 55       		.uleb128 0x55
 1240 000c 17       		.uleb128 0x17
 1241 000d 11       		.uleb128 0x11
 1242 000e 01       		.uleb128 0x1
 1243 000f 10       		.uleb128 0x10
 1244 0010 17       		.uleb128 0x17
 1245 0011 00       		.byte	0
 1246 0012 00       		.byte	0
 1247 0013 02       		.uleb128 0x2
 1248 0014 24       		.uleb128 0x24
 1249 0015 00       		.byte	0
 1250 0016 0B       		.uleb128 0xb
 1251 0017 0B       		.uleb128 0xb
 1252 0018 3E       		.uleb128 0x3e
 1253 0019 0B       		.uleb128 0xb
 1254 001a 03       		.uleb128 0x3
 1255 001b 0E       		.uleb128 0xe
 1256 001c 00       		.byte	0
 1257 001d 00       		.byte	0
 1258 001e 03       		.uleb128 0x3
 1259 001f 16       		.uleb128 0x16
 1260 0020 00       		.byte	0
 1261 0021 03       		.uleb128 0x3
 1262 0022 0E       		.uleb128 0xe
 1263 0023 3A       		.uleb128 0x3a
 1264 0024 0B       		.uleb128 0xb
 1265 0025 3B       		.uleb128 0x3b
 1266 0026 0B       		.uleb128 0xb
 1267 0027 49       		.uleb128 0x49
ARM GAS  C:\Users\seths\AppData\Local\Temp\ccjV0Cfp.s 			page 26


 1268 0028 13       		.uleb128 0x13
 1269 0029 00       		.byte	0
 1270 002a 00       		.byte	0
 1271 002b 04       		.uleb128 0x4
 1272 002c 24       		.uleb128 0x24
 1273 002d 00       		.byte	0
 1274 002e 0B       		.uleb128 0xb
 1275 002f 0B       		.uleb128 0xb
 1276 0030 3E       		.uleb128 0x3e
 1277 0031 0B       		.uleb128 0xb
 1278 0032 03       		.uleb128 0x3
 1279 0033 08       		.uleb128 0x8
 1280 0034 00       		.byte	0
 1281 0035 00       		.byte	0
 1282 0036 05       		.uleb128 0x5
 1283 0037 35       		.uleb128 0x35
 1284 0038 00       		.byte	0
 1285 0039 49       		.uleb128 0x49
 1286 003a 13       		.uleb128 0x13
 1287 003b 00       		.byte	0
 1288 003c 00       		.byte	0
 1289 003d 06       		.uleb128 0x6
 1290 003e 13       		.uleb128 0x13
 1291 003f 01       		.byte	0x1
 1292 0040 0B       		.uleb128 0xb
 1293 0041 0B       		.uleb128 0xb
 1294 0042 3A       		.uleb128 0x3a
 1295 0043 0B       		.uleb128 0xb
 1296 0044 3B       		.uleb128 0x3b
 1297 0045 0B       		.uleb128 0xb
 1298 0046 01       		.uleb128 0x1
 1299 0047 13       		.uleb128 0x13
 1300 0048 00       		.byte	0
 1301 0049 00       		.byte	0
 1302 004a 07       		.uleb128 0x7
 1303 004b 0D       		.uleb128 0xd
 1304 004c 00       		.byte	0
 1305 004d 03       		.uleb128 0x3
 1306 004e 0E       		.uleb128 0xe
 1307 004f 3A       		.uleb128 0x3a
 1308 0050 0B       		.uleb128 0xb
 1309 0051 3B       		.uleb128 0x3b
 1310 0052 0B       		.uleb128 0xb
 1311 0053 49       		.uleb128 0x49
 1312 0054 13       		.uleb128 0x13
 1313 0055 38       		.uleb128 0x38
 1314 0056 0B       		.uleb128 0xb
 1315 0057 00       		.byte	0
 1316 0058 00       		.byte	0
 1317 0059 08       		.uleb128 0x8
 1318 005a 0F       		.uleb128 0xf
 1319 005b 00       		.byte	0
 1320 005c 0B       		.uleb128 0xb
 1321 005d 0B       		.uleb128 0xb
 1322 005e 00       		.byte	0
 1323 005f 00       		.byte	0
 1324 0060 09       		.uleb128 0x9
ARM GAS  C:\Users\seths\AppData\Local\Temp\ccjV0Cfp.s 			page 27


 1325 0061 0F       		.uleb128 0xf
 1326 0062 00       		.byte	0
 1327 0063 0B       		.uleb128 0xb
 1328 0064 0B       		.uleb128 0xb
 1329 0065 49       		.uleb128 0x49
 1330 0066 13       		.uleb128 0x13
 1331 0067 00       		.byte	0
 1332 0068 00       		.byte	0
 1333 0069 0A       		.uleb128 0xa
 1334 006a 15       		.uleb128 0x15
 1335 006b 01       		.byte	0x1
 1336 006c 27       		.uleb128 0x27
 1337 006d 19       		.uleb128 0x19
 1338 006e 01       		.uleb128 0x1
 1339 006f 13       		.uleb128 0x13
 1340 0070 00       		.byte	0
 1341 0071 00       		.byte	0
 1342 0072 0B       		.uleb128 0xb
 1343 0073 05       		.uleb128 0x5
 1344 0074 00       		.byte	0
 1345 0075 49       		.uleb128 0x49
 1346 0076 13       		.uleb128 0x13
 1347 0077 00       		.byte	0
 1348 0078 00       		.byte	0
 1349 0079 0C       		.uleb128 0xc
 1350 007a 16       		.uleb128 0x16
 1351 007b 00       		.byte	0
 1352 007c 03       		.uleb128 0x3
 1353 007d 0E       		.uleb128 0xe
 1354 007e 3A       		.uleb128 0x3a
 1355 007f 0B       		.uleb128 0xb
 1356 0080 3B       		.uleb128 0x3b
 1357 0081 05       		.uleb128 0x5
 1358 0082 49       		.uleb128 0x49
 1359 0083 13       		.uleb128 0x13
 1360 0084 00       		.byte	0
 1361 0085 00       		.byte	0
 1362 0086 0D       		.uleb128 0xd
 1363 0087 13       		.uleb128 0x13
 1364 0088 01       		.byte	0x1
 1365 0089 03       		.uleb128 0x3
 1366 008a 0E       		.uleb128 0xe
 1367 008b 0B       		.uleb128 0xb
 1368 008c 0B       		.uleb128 0xb
 1369 008d 3A       		.uleb128 0x3a
 1370 008e 0B       		.uleb128 0xb
 1371 008f 3B       		.uleb128 0x3b
 1372 0090 05       		.uleb128 0x5
 1373 0091 01       		.uleb128 0x1
 1374 0092 13       		.uleb128 0x13
 1375 0093 00       		.byte	0
 1376 0094 00       		.byte	0
 1377 0095 0E       		.uleb128 0xe
 1378 0096 0D       		.uleb128 0xd
 1379 0097 00       		.byte	0
 1380 0098 03       		.uleb128 0x3
 1381 0099 0E       		.uleb128 0xe
ARM GAS  C:\Users\seths\AppData\Local\Temp\ccjV0Cfp.s 			page 28


 1382 009a 3A       		.uleb128 0x3a
 1383 009b 0B       		.uleb128 0xb
 1384 009c 3B       		.uleb128 0x3b
 1385 009d 05       		.uleb128 0x5
 1386 009e 49       		.uleb128 0x49
 1387 009f 13       		.uleb128 0x13
 1388 00a0 38       		.uleb128 0x38
 1389 00a1 0B       		.uleb128 0xb
 1390 00a2 00       		.byte	0
 1391 00a3 00       		.byte	0
 1392 00a4 0F       		.uleb128 0xf
 1393 00a5 13       		.uleb128 0x13
 1394 00a6 01       		.byte	0x1
 1395 00a7 03       		.uleb128 0x3
 1396 00a8 0E       		.uleb128 0xe
 1397 00a9 0B       		.uleb128 0xb
 1398 00aa 0B       		.uleb128 0xb
 1399 00ab 3A       		.uleb128 0x3a
 1400 00ac 0B       		.uleb128 0xb
 1401 00ad 3B       		.uleb128 0x3b
 1402 00ae 0B       		.uleb128 0xb
 1403 00af 01       		.uleb128 0x1
 1404 00b0 13       		.uleb128 0x13
 1405 00b1 00       		.byte	0
 1406 00b2 00       		.byte	0
 1407 00b3 10       		.uleb128 0x10
 1408 00b4 2E       		.uleb128 0x2e
 1409 00b5 00       		.byte	0
 1410 00b6 03       		.uleb128 0x3
 1411 00b7 0E       		.uleb128 0xe
 1412 00b8 3A       		.uleb128 0x3a
 1413 00b9 0B       		.uleb128 0xb
 1414 00ba 3B       		.uleb128 0x3b
 1415 00bb 0B       		.uleb128 0xb
 1416 00bc 27       		.uleb128 0x27
 1417 00bd 19       		.uleb128 0x19
 1418 00be 20       		.uleb128 0x20
 1419 00bf 0B       		.uleb128 0xb
 1420 00c0 00       		.byte	0
 1421 00c1 00       		.byte	0
 1422 00c2 11       		.uleb128 0x11
 1423 00c3 2E       		.uleb128 0x2e
 1424 00c4 01       		.byte	0x1
 1425 00c5 3F       		.uleb128 0x3f
 1426 00c6 19       		.uleb128 0x19
 1427 00c7 03       		.uleb128 0x3
 1428 00c8 0E       		.uleb128 0xe
 1429 00c9 3A       		.uleb128 0x3a
 1430 00ca 0B       		.uleb128 0xb
 1431 00cb 3B       		.uleb128 0x3b
 1432 00cc 0B       		.uleb128 0xb
 1433 00cd 27       		.uleb128 0x27
 1434 00ce 19       		.uleb128 0x19
 1435 00cf 49       		.uleb128 0x49
 1436 00d0 13       		.uleb128 0x13
 1437 00d1 8701     		.uleb128 0x87
 1438 00d3 19       		.uleb128 0x19
ARM GAS  C:\Users\seths\AppData\Local\Temp\ccjV0Cfp.s 			page 29


 1439 00d4 11       		.uleb128 0x11
 1440 00d5 01       		.uleb128 0x1
 1441 00d6 12       		.uleb128 0x12
 1442 00d7 06       		.uleb128 0x6
 1443 00d8 40       		.uleb128 0x40
 1444 00d9 18       		.uleb128 0x18
 1445 00da 9742     		.uleb128 0x2117
 1446 00dc 19       		.uleb128 0x19
 1447 00dd 01       		.uleb128 0x1
 1448 00de 13       		.uleb128 0x13
 1449 00df 00       		.byte	0
 1450 00e0 00       		.byte	0
 1451 00e1 12       		.uleb128 0x12
 1452 00e2 1D       		.uleb128 0x1d
 1453 00e3 00       		.byte	0
 1454 00e4 31       		.uleb128 0x31
 1455 00e5 13       		.uleb128 0x13
 1456 00e6 11       		.uleb128 0x11
 1457 00e7 01       		.uleb128 0x1
 1458 00e8 12       		.uleb128 0x12
 1459 00e9 06       		.uleb128 0x6
 1460 00ea 58       		.uleb128 0x58
 1461 00eb 0B       		.uleb128 0xb
 1462 00ec 59       		.uleb128 0x59
 1463 00ed 0B       		.uleb128 0xb
 1464 00ee 00       		.byte	0
 1465 00ef 00       		.byte	0
 1466 00f0 13       		.uleb128 0x13
 1467 00f1 898201   		.uleb128 0x4109
 1468 00f4 01       		.byte	0x1
 1469 00f5 11       		.uleb128 0x11
 1470 00f6 01       		.uleb128 0x1
 1471 00f7 31       		.uleb128 0x31
 1472 00f8 13       		.uleb128 0x13
 1473 00f9 01       		.uleb128 0x1
 1474 00fa 13       		.uleb128 0x13
 1475 00fb 00       		.byte	0
 1476 00fc 00       		.byte	0
 1477 00fd 14       		.uleb128 0x14
 1478 00fe 8A8201   		.uleb128 0x410a
 1479 0101 00       		.byte	0
 1480 0102 02       		.uleb128 0x2
 1481 0103 18       		.uleb128 0x18
 1482 0104 9142     		.uleb128 0x2111
 1483 0106 18       		.uleb128 0x18
 1484 0107 00       		.byte	0
 1485 0108 00       		.byte	0
 1486 0109 15       		.uleb128 0x15
 1487 010a 898201   		.uleb128 0x4109
 1488 010d 00       		.byte	0
 1489 010e 11       		.uleb128 0x11
 1490 010f 01       		.uleb128 0x1
 1491 0110 31       		.uleb128 0x31
 1492 0111 13       		.uleb128 0x13
 1493 0112 00       		.byte	0
 1494 0113 00       		.byte	0
 1495 0114 16       		.uleb128 0x16
ARM GAS  C:\Users\seths\AppData\Local\Temp\ccjV0Cfp.s 			page 30


 1496 0115 34       		.uleb128 0x34
 1497 0116 00       		.byte	0
 1498 0117 03       		.uleb128 0x3
 1499 0118 0E       		.uleb128 0xe
 1500 0119 3A       		.uleb128 0x3a
 1501 011a 0B       		.uleb128 0xb
 1502 011b 3B       		.uleb128 0x3b
 1503 011c 0B       		.uleb128 0xb
 1504 011d 49       		.uleb128 0x49
 1505 011e 13       		.uleb128 0x13
 1506 011f 3F       		.uleb128 0x3f
 1507 0120 19       		.uleb128 0x19
 1508 0121 3C       		.uleb128 0x3c
 1509 0122 19       		.uleb128 0x19
 1510 0123 00       		.byte	0
 1511 0124 00       		.byte	0
 1512 0125 17       		.uleb128 0x17
 1513 0126 26       		.uleb128 0x26
 1514 0127 00       		.byte	0
 1515 0128 49       		.uleb128 0x49
 1516 0129 13       		.uleb128 0x13
 1517 012a 00       		.byte	0
 1518 012b 00       		.byte	0
 1519 012c 18       		.uleb128 0x18
 1520 012d 2E       		.uleb128 0x2e
 1521 012e 00       		.byte	0
 1522 012f 3F       		.uleb128 0x3f
 1523 0130 19       		.uleb128 0x19
 1524 0131 3C       		.uleb128 0x3c
 1525 0132 19       		.uleb128 0x19
 1526 0133 6E       		.uleb128 0x6e
 1527 0134 0E       		.uleb128 0xe
 1528 0135 03       		.uleb128 0x3
 1529 0136 0E       		.uleb128 0xe
 1530 0137 3A       		.uleb128 0x3a
 1531 0138 0B       		.uleb128 0xb
 1532 0139 3B       		.uleb128 0x3b
 1533 013a 0B       		.uleb128 0xb
 1534 013b 00       		.byte	0
 1535 013c 00       		.byte	0
 1536 013d 19       		.uleb128 0x19
 1537 013e 2E       		.uleb128 0x2e
 1538 013f 00       		.byte	0
 1539 0140 3F       		.uleb128 0x3f
 1540 0141 19       		.uleb128 0x19
 1541 0142 3C       		.uleb128 0x3c
 1542 0143 19       		.uleb128 0x19
 1543 0144 6E       		.uleb128 0x6e
 1544 0145 0E       		.uleb128 0xe
 1545 0146 03       		.uleb128 0x3
 1546 0147 0E       		.uleb128 0xe
 1547 0148 3A       		.uleb128 0x3a
 1548 0149 0B       		.uleb128 0xb
 1549 014a 3B       		.uleb128 0x3b
 1550 014b 05       		.uleb128 0x5
 1551 014c 00       		.byte	0
 1552 014d 00       		.byte	0
ARM GAS  C:\Users\seths\AppData\Local\Temp\ccjV0Cfp.s 			page 31


 1553 014e 00       		.byte	0
 1554              		.section	.debug_aranges,"",%progbits
 1555 0000 1C000000 		.4byte	0x1c
 1556 0004 0200     		.2byte	0x2
 1557 0006 00000000 		.4byte	.Ldebug_info0
 1558 000a 04       		.byte	0x4
 1559 000b 00       		.byte	0
 1560 000c 0000     		.2byte	0
 1561 000e 0000     		.2byte	0
 1562 0010 00000000 		.4byte	.LFB521
 1563 0014 1C000000 		.4byte	.LFE521-.LFB521
 1564 0018 00000000 		.4byte	0
 1565 001c 00000000 		.4byte	0
 1566              		.section	.debug_ranges,"",%progbits
 1567              	.Ldebug_ranges0:
 1568 0000 00000000 		.4byte	.LFB521
 1569 0004 1C000000 		.4byte	.LFE521
 1570 0008 00000000 		.4byte	0
 1571 000c 00000000 		.4byte	0
 1572              		.section	.debug_line,"",%progbits
 1573              	.Ldebug_line0:
 1574 0000 10030000 		.section	.debug_str,"MS",%progbits,1
 1574      0200E902 
 1574      00000201 
 1574      FB0E0D00 
 1574      01010101 
 1575              	.LASF54:
 1576 0000 70726F74 		.ascii	"protBusMasterMask\000"
 1576      4275734D 
 1576      61737465 
 1576      724D6173 
 1576      6B00
 1577              	.LASF130:
 1578 0012 72756E4D 		.ascii	"runMode\000"
 1578      6F646500 
 1579              	.LASF170:
 1580 001a 43795F42 		.ascii	"Cy_BLE_ProcessEvents\000"
 1580      4C455F50 
 1580      726F6365 
 1580      73734576 
 1580      656E7473 
 1581              	.LASF118:
 1582 002f 72784275 		.ascii	"rxBufSize\000"
 1582      6653697A 
 1582      6500
 1583              	.LASF64:
 1584 0039 666C6173 		.ascii	"flashCtlMainWs3Freq\000"
 1584      6843746C 
 1584      4D61696E 
 1584      57733346 
 1584      72657100 
 1585              	.LASF86:
 1586 004d 6770696F 		.ascii	"gpioPrtCfgInOffset\000"
 1586      50727443 
 1586      6667496E 
 1586      4F666673 
 1586      657400
ARM GAS  C:\Users\seths\AppData\Local\Temp\ccjV0Cfp.s 			page 32


 1587              	.LASF161:
 1588 0060 6B696C6C 		.ascii	"killInput\000"
 1588      496E7075 
 1588      7400
 1589              	.LASF104:
 1590 006a 6970634C 		.ascii	"ipcLockStatusOffset\000"
 1590      6F636B53 
 1590      74617475 
 1590      734F6666 
 1590      73657400 
 1591              	.LASF30:
 1592 007e 63727970 		.ascii	"cryptoVersion\000"
 1592      746F5665 
 1592      7273696F 
 1592      6E00
 1593              	.LASF68:
 1594 008c 64774368 		.ascii	"dwChCtlPrioPos\000"
 1594      43746C50 
 1594      72696F50 
 1594      6F7300
 1595              	.LASF26:
 1596 009b 70617373 		.ascii	"passBase\000"
 1596      42617365 
 1596      00
 1597              	.LASF172:
 1598 00a4 6D61696E 		.ascii	"main_cm0p.c\000"
 1598      5F636D30 
 1598      702E6300 
 1599              	.LASF150:
 1600 00b0 70776D41 		.ascii	"pwmAlignment\000"
 1600      6C69676E 
 1600      6D656E74 
 1600      00
 1601              	.LASF39:
 1602 00bd 63707573 		.ascii	"cpussIpcIrqNr\000"
 1602      73497063 
 1602      4972714E 
 1602      7200
 1603              	.LASF3:
 1604 00cb 5F5F7569 		.ascii	"__uint8_t\000"
 1604      6E74385F 
 1604      7400
 1605              	.LASF83:
 1606 00d5 70657269 		.ascii	"periDiv24_5CtlOffset\000"
 1606      44697632 
 1606      345F3543 
 1606      746C4F66 
 1606      66736574 
 1607              	.LASF90:
 1608 00ea 63707573 		.ascii	"cpussCm4ClockCtlOffset\000"
 1608      73436D34 
 1608      436C6F63 
 1608      6B43746C 
 1608      4F666673 
 1609              	.LASF131:
 1610 0101 636F756E 		.ascii	"countDirection\000"
 1610      74446972 
ARM GAS  C:\Users\seths\AppData\Local\Temp\ccjV0Cfp.s 			page 33


 1610      65637469 
 1610      6F6E00
 1611              	.LASF143:
 1612 0110 73746F70 		.ascii	"stopInputMode\000"
 1612      496E7075 
 1612      744D6F64 
 1612      6500
 1613              	.LASF19:
 1614 011e 63707573 		.ascii	"cpussBase\000"
 1614      73426173 
 1614      6500
 1615              	.LASF128:
 1616 0128 70657269 		.ascii	"period\000"
 1616      6F6400
 1617              	.LASF48:
 1618 012f 70657269 		.ascii	"periClockNr\000"
 1618      436C6F63 
 1618      6B4E7200 
 1619              	.LASF138:
 1620 013b 63617074 		.ascii	"captureInput\000"
 1620      75726549 
 1620      6E707574 
 1620      00
 1621              	.LASF11:
 1622 0148 6C6F6E67 		.ascii	"long long unsigned int\000"
 1622      206C6F6E 
 1622      6720756E 
 1622      7369676E 
 1622      65642069 
 1623              	.LASF129:
 1624 015f 636C6F63 		.ascii	"clockPrescaler\000"
 1624      6B507265 
 1624      7363616C 
 1624      657200
 1625              	.LASF72:
 1626 016e 70657269 		.ascii	"periTrCmdOffset\000"
 1626      5472436D 
 1626      644F6666 
 1626      73657400 
 1627              	.LASF113:
 1628 017e 72785269 		.ascii	"rxRingBuf\000"
 1628      6E674275 
 1628      6600
 1629              	.LASF96:
 1630 0188 63707573 		.ascii	"cpussSysTickCtlOffset\000"
 1630      73537973 
 1630      5469636B 
 1630      43746C4F 
 1630      66667365 
 1631              	.LASF159:
 1632 019e 73776170 		.ascii	"swapInput\000"
 1632      496E7075 
 1632      7400
 1633              	.LASF167:
 1634 01a8 54696D65 		.ascii	"Timer_config\000"
 1634      725F636F 
 1634      6E666967 
ARM GAS  C:\Users\seths\AppData\Local\Temp\ccjV0Cfp.s 			page 34


 1634      00
 1635              	.LASF57:
 1636 01b5 666C6173 		.ascii	"flashPipeRequired\000"
 1636      68506970 
 1636      65526571 
 1636      75697265 
 1636      6400
 1637              	.LASF61:
 1638 01c7 666C6173 		.ascii	"flashCtlMainWs0Freq\000"
 1638      6843746C 
 1638      4D61696E 
 1638      57733046 
 1638      72657100 
 1639              	.LASF14:
 1640 01db 696E7431 		.ascii	"int16_t\000"
 1640      365F7400 
 1641              	.LASF10:
 1642 01e3 6C6F6E67 		.ascii	"long long int\000"
 1642      206C6F6E 
 1642      6720696E 
 1642      7400
 1643              	.LASF147:
 1644 01f1 63795F73 		.ascii	"cy_stc_tcpwm_counter_config_t\000"
 1644      74635F74 
 1644      6370776D 
 1644      5F636F75 
 1644      6E746572 
 1645              	.LASF77:
 1646 020f 70657269 		.ascii	"periDivCmdTypeSelPos\000"
 1646      44697643 
 1646      6D645479 
 1646      70655365 
 1646      6C506F73 
 1647              	.LASF122:
 1648 0224 74784C65 		.ascii	"txLeftToTransmit\000"
 1648      6674546F 
 1648      5472616E 
 1648      736D6974 
 1648      00
 1649              	.LASF23:
 1650 0235 70726F74 		.ascii	"protBase\000"
 1650      42617365 
 1650      00
 1651              	.LASF35:
 1652 023e 69706356 		.ascii	"ipcVersion\000"
 1652      65727369 
 1652      6F6E00
 1653              	.LASF97:
 1654 0249 63707573 		.ascii	"cpussCm0NmiCtlOffset\000"
 1654      73436D30 
 1654      4E6D6943 
 1654      746C4F66 
 1654      66736574 
 1655              	.LASF45:
 1656 025e 73727373 		.ascii	"srssNumClkpath\000"
 1656      4E756D43 
 1656      6C6B7061 
ARM GAS  C:\Users\seths\AppData\Local\Temp\ccjV0Cfp.s 			page 35


 1656      746800
 1657              	.LASF24:
 1658 026d 6873696F 		.ascii	"hsiomBase\000"
 1658      6D426173 
 1658      6500
 1659              	.LASF148:
 1660 0277 63795F73 		.ascii	"cy_stc_tcpwm_pwm_config\000"
 1660      74635F74 
 1660      6370776D 
 1660      5F70776D 
 1660      5F636F6E 
 1661              	.LASF7:
 1662 028f 6C6F6E67 		.ascii	"long int\000"
 1662      20696E74 
 1662      00
 1663              	.LASF164:
 1664 0298 55415254 		.ascii	"UART_1_context\000"
 1664      5F315F63 
 1664      6F6E7465 
 1664      787400
 1665              	.LASF55:
 1666 02a7 63727970 		.ascii	"cryptoMemSize\000"
 1666      746F4D65 
 1666      6D53697A 
 1666      6500
 1667              	.LASF21:
 1668 02b5 70657269 		.ascii	"periBase\000"
 1668      42617365 
 1668      00
 1669              	.LASF53:
 1670 02be 73797350 		.ascii	"sysPmSimoPresent\000"
 1670      6D53696D 
 1670      6F507265 
 1670      73656E74 
 1670      00
 1671              	.LASF43:
 1672 02cf 63707573 		.ascii	"cpussFmIrq\000"
 1672      73466D49 
 1672      727100
 1673              	.LASF108:
 1674 02da 646F7562 		.ascii	"double\000"
 1674      6C6500
 1675              	.LASF82:
 1676 02e1 70657269 		.ascii	"periDiv16_5CtlOffset\000"
 1676      44697631 
 1676      365F3543 
 1676      746C4F66 
 1676      66736574 
 1677              	.LASF46:
 1678 02f6 73727373 		.ascii	"srssNumPll\000"
 1678      4E756D50 
 1678      6C6C00
 1679              	.LASF175:
 1680 0301 6D61696E 		.ascii	"main\000"
 1680      00
 1681              	.LASF137:
 1682 0306 63617074 		.ascii	"captureInputMode\000"
ARM GAS  C:\Users\seths\AppData\Local\Temp\ccjV0Cfp.s 			page 36


 1682      75726549 
 1682      6E707574 
 1682      4D6F6465 
 1682      00
 1683              	.LASF80:
 1684 0317 70657269 		.ascii	"periDiv8CtlOffset\000"
 1684      44697638 
 1684      43746C4F 
 1684      66667365 
 1684      7400
 1685              	.LASF87:
 1686 0329 6770696F 		.ascii	"gpioPrtCfgOutOffset\000"
 1686      50727443 
 1686      66674F75 
 1686      744F6666 
 1686      73657400 
 1687              	.LASF20:
 1688 033d 666C6173 		.ascii	"flashcBase\000"
 1688      68634261 
 1688      736500
 1689              	.LASF8:
 1690 0348 5F5F7569 		.ascii	"__uint32_t\000"
 1690      6E743332 
 1690      5F7400
 1691              	.LASF50:
 1692 0353 70617373 		.ascii	"passSarChannels\000"
 1692      53617243 
 1692      68616E6E 
 1692      656C7300 
 1693              	.LASF4:
 1694 0363 5F5F696E 		.ascii	"__int16_t\000"
 1694      7431365F 
 1694      7400
 1695              	.LASF119:
 1696 036d 72784275 		.ascii	"rxBufIdx\000"
 1696      66496478 
 1696      00
 1697              	.LASF93:
 1698 0376 63707573 		.ascii	"cpussCm4PwrCtlOffset\000"
 1698      73436D34 
 1698      50777243 
 1698      746C4F66 
 1698      66736574 
 1699              	.LASF121:
 1700 038b 74784275 		.ascii	"txBufSize\000"
 1700      6653697A 
 1700      6500
 1701              	.LASF136:
 1702 0395 696E7465 		.ascii	"interruptSources\000"
 1702      72727570 
 1702      74536F75 
 1702      72636573 
 1702      00
 1703              	.LASF88:
 1704 03a6 6770696F 		.ascii	"gpioPrtCfgSioOffset\000"
 1704      50727443 
 1704      66675369 
ARM GAS  C:\Users\seths\AppData\Local\Temp\ccjV0Cfp.s 			page 37


 1704      6F4F6666 
 1704      73657400 
 1705              	.LASF40:
 1706 03ba 63707573 		.ascii	"cpussDwChNr\000"
 1706      73447743 
 1706      684E7200 
 1707              	.LASF12:
 1708 03c6 756E7369 		.ascii	"unsigned int\000"
 1708      676E6564 
 1708      20696E74 
 1708      00
 1709              	.LASF15:
 1710 03d3 75696E74 		.ascii	"uint16_t\000"
 1710      31365F74 
 1710      00
 1711              	.LASF73:
 1712 03dc 70657269 		.ascii	"periTrCmdGrSelMsk\000"
 1712      5472436D 
 1712      64477253 
 1712      656C4D73 
 1712      6B00
 1713              	.LASF62:
 1714 03ee 666C6173 		.ascii	"flashCtlMainWs1Freq\000"
 1714      6843746C 
 1714      4D61696E 
 1714      57733146 
 1714      72657100 
 1715              	.LASF9:
 1716 0402 6C6F6E67 		.ascii	"long unsigned int\000"
 1716      20756E73 
 1716      69676E65 
 1716      6420696E 
 1716      7400
 1717              	.LASF135:
 1718 0414 656E6162 		.ascii	"enableCompareSwap\000"
 1718      6C65436F 
 1718      6D706172 
 1718      65537761 
 1718      7000
 1719              	.LASF110:
 1720 0426 63795F63 		.ascii	"cy_cb_scb_uart_handle_events_t\000"
 1720      625F7363 
 1720      625F7561 
 1720      72745F68 
 1720      616E646C 
 1721              	.LASF38:
 1722 0445 63707573 		.ascii	"cpussIpcNr\000"
 1722      73497063 
 1722      4E7200
 1723              	.LASF25:
 1724 0450 6770696F 		.ascii	"gpioBase\000"
 1724      42617365 
 1724      00
 1725              	.LASF51:
 1726 0459 65704D6F 		.ascii	"epMonitorNr\000"
 1726      6E69746F 
 1726      724E7200 
ARM GAS  C:\Users\seths\AppData\Local\Temp\ccjV0Cfp.s 			page 38


 1727              	.LASF111:
 1728 0465 74785374 		.ascii	"txStatus\000"
 1728      61747573 
 1728      00
 1729              	.LASF158:
 1730 046e 73776170 		.ascii	"swapInputMode\000"
 1730      496E7075 
 1730      744D6F64 
 1730      6500
 1731              	.LASF74:
 1732 047c 70657269 		.ascii	"periTrGrOffset\000"
 1732      54724772 
 1732      4F666673 
 1732      657400
 1733              	.LASF101:
 1734 048b 63707573 		.ascii	"cpussRam1Ctl0\000"
 1734      7352616D 
 1734      3143746C 
 1734      3000
 1735              	.LASF160:
 1736 0499 6B696C6C 		.ascii	"killInputMode\000"
 1736      496E7075 
 1736      744D6F64 
 1736      6500
 1737              	.LASF123:
 1738 04a7 63624576 		.ascii	"cbEvents\000"
 1738      656E7473 
 1738      00
 1739              	.LASF75:
 1740 04b0 70657269 		.ascii	"periTrGrSize\000"
 1740      54724772 
 1740      53697A65 
 1740      00
 1741              	.LASF169:
 1742 04bd 43795F53 		.ascii	"Cy_SysEnableCM4\000"
 1742      7973456E 
 1742      61626C65 
 1742      434D3400 
 1743              	.LASF33:
 1744 04cd 6770696F 		.ascii	"gpioVersion\000"
 1744      56657273 
 1744      696F6E00 
 1745              	.LASF120:
 1746 04d9 74784275 		.ascii	"txBuf\000"
 1746      6600
 1747              	.LASF166:
 1748 04df 50574D5F 		.ascii	"PWM_RED_BLINK_config\000"
 1748      5245445F 
 1748      424C494E 
 1748      4B5F636F 
 1748      6E666967 
 1749              	.LASF155:
 1750 04f4 696E7665 		.ascii	"invertPWMOut\000"
 1750      72745057 
 1750      4D4F7574 
 1750      00
 1751              	.LASF151:
ARM GAS  C:\Users\seths\AppData\Local\Temp\ccjV0Cfp.s 			page 39


 1752 0501 64656164 		.ascii	"deadTimeClocks\000"
 1752      54696D65 
 1752      436C6F63 
 1752      6B7300
 1753              	.LASF115:
 1754 0510 72785269 		.ascii	"rxRingBufHead\000"
 1754      6E674275 
 1754      66486561 
 1754      6400
 1755              	.LASF94:
 1756 051e 63707573 		.ascii	"cpussTrimRamCtlOffset\000"
 1756      73547269 
 1756      6D52616D 
 1756      43746C4F 
 1756      66667365 
 1757              	.LASF142:
 1758 0534 73746172 		.ascii	"startInput\000"
 1758      74496E70 
 1758      757400
 1759              	.LASF29:
 1760 053f 63707573 		.ascii	"cpussVersion\000"
 1760      73566572 
 1760      73696F6E 
 1760      00
 1761              	.LASF36:
 1762 054c 70657269 		.ascii	"periVersion\000"
 1762      56657273 
 1762      696F6E00 
 1763              	.LASF92:
 1764 0558 63707573 		.ascii	"cpussCm0StatusOffset\000"
 1764      73436D30 
 1764      53746174 
 1764      75734F66 
 1764      66736574 
 1765              	.LASF127:
 1766 056d 63795F73 		.ascii	"cy_stc_tcpwm_counter_config\000"
 1766      74635F74 
 1766      6370776D 
 1766      5F636F75 
 1766      6E746572 
 1767              	.LASF17:
 1768 0589 73697A65 		.ascii	"sizetype\000"
 1768      74797065 
 1768      00
 1769              	.LASF66:
 1770 0592 64774368 		.ascii	"dwChOffset\000"
 1770      4F666673 
 1770      657400
 1771              	.LASF105:
 1772 059d 63795F73 		.ascii	"cy_stc_device_t\000"
 1772      74635F64 
 1772      65766963 
 1772      655F7400 
 1773              	.LASF41:
 1774 05ad 63707573 		.ascii	"cpussFlashPaSize\000"
 1774      73466C61 
 1774      73685061 
ARM GAS  C:\Users\seths\AppData\Local\Temp\ccjV0Cfp.s 			page 40


 1774      53697A65 
 1774      00
 1775              	.LASF79:
 1776 05be 70657269 		.ascii	"periDivCmdPaTypeSelPos\000"
 1776      44697643 
 1776      6D645061 
 1776      54797065 
 1776      53656C50 
 1777              	.LASF102:
 1778 05d5 63707573 		.ascii	"cpussRam2Ctl0\000"
 1778      7352616D 
 1778      3243746C 
 1778      3000
 1779              	.LASF70:
 1780 05e3 64775374 		.ascii	"dwStatusChIdxPos\000"
 1780      61747573 
 1780      43684964 
 1780      78506F73 
 1780      00
 1781              	.LASF52:
 1782 05f4 75646250 		.ascii	"udbPresent\000"
 1782      72657365 
 1782      6E7400
 1783              	.LASF112:
 1784 05ff 72785374 		.ascii	"rxStatus\000"
 1784      61747573 
 1784      00
 1785              	.LASF32:
 1786 0608 666C6173 		.ascii	"flashcVersion\000"
 1786      68635665 
 1786      7273696F 
 1786      6E00
 1787              	.LASF28:
 1788 0616 63727970 		.ascii	"cryptoBase\000"
 1788      746F4261 
 1788      736500
 1789              	.LASF49:
 1790 0621 736D6966 		.ascii	"smifDeviceNr\000"
 1790      44657669 
 1790      63654E72 
 1790      00
 1791              	.LASF174:
 1792 062e 5F5F656E 		.ascii	"__enable_irq\000"
 1792      61626C65 
 1792      5F697271 
 1792      00
 1793              	.LASF149:
 1794 063b 70776D4D 		.ascii	"pwmMode\000"
 1794      6F646500 
 1795              	.LASF107:
 1796 0643 666C6F61 		.ascii	"float\000"
 1796      7400
 1797              	.LASF71:
 1798 0649 64775374 		.ascii	"dwStatusChIdxMsk\000"
 1798      61747573 
 1798      43684964 
 1798      784D736B 
ARM GAS  C:\Users\seths\AppData\Local\Temp\ccjV0Cfp.s 			page 41


 1798      00
 1799              	.LASF163:
 1800 065a 63795F64 		.ascii	"cy_device\000"
 1800      65766963 
 1800      6500
 1801              	.LASF99:
 1802 0664 63707573 		.ascii	"cpussRomCtl\000"
 1802      73526F6D 
 1802      43746C00 
 1803              	.LASF69:
 1804 0670 64774368 		.ascii	"dwChCtlPreemptablePos\000"
 1804      43746C50 
 1804      7265656D 
 1804      70746162 
 1804      6C65506F 
 1805              	.LASF157:
 1806 0686 6B696C6C 		.ascii	"killMode\000"
 1806      4D6F6465 
 1806      00
 1807              	.LASF22:
 1808 068f 75646242 		.ascii	"udbBase\000"
 1808      61736500 
 1809              	.LASF109:
 1810 0697 5F426F6F 		.ascii	"_Bool\000"
 1810      6C00
 1811              	.LASF1:
 1812 069d 756E7369 		.ascii	"unsigned char\000"
 1812      676E6564 
 1812      20636861 
 1812      7200
 1813              	.LASF65:
 1814 06ab 666C6173 		.ascii	"flashCtlMainWs4Freq\000"
 1814      6843746C 
 1814      4D61696E 
 1814      57733446 
 1814      72657100 
 1815              	.LASF0:
 1816 06bf 73686F72 		.ascii	"short int\000"
 1816      7420696E 
 1816      7400
 1817              	.LASF76:
 1818 06c9 70657269 		.ascii	"periDivCmdDivSelMsk\000"
 1818      44697643 
 1818      6D644469 
 1818      7653656C 
 1818      4D736B00 
 1819              	.LASF63:
 1820 06dd 666C6173 		.ascii	"flashCtlMainWs2Freq\000"
 1820      6843746C 
 1820      4D61696E 
 1820      57733246 
 1820      72657100 
 1821              	.LASF154:
 1822 06f1 656E6162 		.ascii	"enablePeriodSwap\000"
 1822      6C655065 
 1822      72696F64 
 1822      53776170 
ARM GAS  C:\Users\seths\AppData\Local\Temp\ccjV0Cfp.s 			page 42


 1822      00
 1823              	.LASF132:
 1824 0702 636F6D70 		.ascii	"compareOrCapture\000"
 1824      6172654F 
 1824      72436170 
 1824      74757265 
 1824      00
 1825              	.LASF47:
 1826 0713 73727373 		.ascii	"srssNumHfroot\000"
 1826      4E756D48 
 1826      66726F6F 
 1826      7400
 1827              	.LASF60:
 1828 0721 666C6173 		.ascii	"flashEraseDelay\000"
 1828      68457261 
 1828      73654465 
 1828      6C617900 
 1829              	.LASF16:
 1830 0731 75696E74 		.ascii	"uint32_t\000"
 1830      33325F74 
 1830      00
 1831              	.LASF98:
 1832 073a 63707573 		.ascii	"cpussCm4NmiCtlOffset\000"
 1832      73436D34 
 1832      4E6D6943 
 1832      746C4F66 
 1832      66736574 
 1833              	.LASF171:
 1834 074f 474E5520 		.ascii	"GNU C11 5.4.1 20160609 (release) [ARM/embedded-5-br"
 1834      43313120 
 1834      352E342E 
 1834      31203230 
 1834      31363036 
 1835 0782 616E6368 		.ascii	"anch revision 237715] -mcpu=cortex-m0plus -mthumb -"
 1835      20726576 
 1835      6973696F 
 1835      6E203233 
 1835      37373135 
 1836 07b5 67202D4F 		.ascii	"g -Og -ffunction-sections -ffat-lto-objects\000"
 1836      67202D66 
 1836      66756E63 
 1836      74696F6E 
 1836      2D736563 
 1837              	.LASF133:
 1838 07e1 636F6D70 		.ascii	"compare0\000"
 1838      61726530 
 1838      00
 1839              	.LASF18:
 1840 07ea 6C6F6E67 		.ascii	"long double\000"
 1840      20646F75 
 1840      626C6500 
 1841              	.LASF106:
 1842 07f6 63686172 		.ascii	"char\000"
 1842      00
 1843              	.LASF146:
 1844 07fb 636F756E 		.ascii	"countInput\000"
 1844      74496E70 
ARM GAS  C:\Users\seths\AppData\Local\Temp\ccjV0Cfp.s 			page 43


 1844      757400
 1845              	.LASF37:
 1846 0806 70726F74 		.ascii	"protVersion\000"
 1846      56657273 
 1846      696F6E00 
 1847              	.LASF100:
 1848 0812 63707573 		.ascii	"cpussRam0Ctl0\000"
 1848      7352616D 
 1848      3043746C 
 1848      3000
 1849              	.LASF5:
 1850 0820 5F5F7569 		.ascii	"__uint16_t\000"
 1850      6E743136 
 1850      5F7400
 1851              	.LASF81:
 1852 082b 70657269 		.ascii	"periDiv16CtlOffset\000"
 1852      44697631 
 1852      3643746C 
 1852      4F666673 
 1852      657400
 1853              	.LASF34:
 1854 083e 6873696F 		.ascii	"hsiomVersion\000"
 1854      6D566572 
 1854      73696F6E 
 1854      00
 1855              	.LASF59:
 1856 084b 666C6173 		.ascii	"flashProgramDelay\000"
 1856      6850726F 
 1856      6772616D 
 1856      44656C61 
 1856      7900
 1857              	.LASF114:
 1858 085d 72785269 		.ascii	"rxRingBufSize\000"
 1858      6E674275 
 1858      6653697A 
 1858      6500
 1859              	.LASF140:
 1860 086b 72656C6F 		.ascii	"reloadInput\000"
 1860      6164496E 
 1860      70757400 
 1861              	.LASF6:
 1862 0877 73686F72 		.ascii	"short unsigned int\000"
 1862      7420756E 
 1862      7369676E 
 1862      65642069 
 1862      6E7400
 1863              	.LASF67:
 1864 088a 64774368 		.ascii	"dwChSize\000"
 1864      53697A65 
 1864      00
 1865              	.LASF144:
 1866 0893 73746F70 		.ascii	"stopInput\000"
 1866      496E7075 
 1866      7400
 1867              	.LASF103:
 1868 089d 69706353 		.ascii	"ipcStructSize\000"
 1868      74727563 
ARM GAS  C:\Users\seths\AppData\Local\Temp\ccjV0Cfp.s 			page 44


 1868      7453697A 
 1868      6500
 1869              	.LASF141:
 1870 08ab 73746172 		.ascii	"startInputMode\000"
 1870      74496E70 
 1870      75744D6F 
 1870      646500
 1871              	.LASF42:
 1872 08ba 63707573 		.ascii	"cpussIpc0Irq\000"
 1872      73497063 
 1872      30497271 
 1872      00
 1873              	.LASF152:
 1874 08c7 70657269 		.ascii	"period0\000"
 1874      6F643000 
 1875              	.LASF153:
 1876 08cf 70657269 		.ascii	"period1\000"
 1876      6F643100 
 1877              	.LASF134:
 1878 08d7 636F6D70 		.ascii	"compare1\000"
 1878      61726531 
 1878      00
 1879              	.LASF89:
 1880 08e0 63707573 		.ascii	"cpussCm0ClockCtlOffset\000"
 1880      73436D30 
 1880      436C6F63 
 1880      6B43746C 
 1880      4F666673 
 1881              	.LASF85:
 1882 08f7 6770696F 		.ascii	"gpioPrtCfgOffset\000"
 1882      50727443 
 1882      66674F66 
 1882      66736574 
 1882      00
 1883              	.LASF124:
 1884 0908 696E6974 		.ascii	"initKey\000"
 1884      4B657900 
 1885              	.LASF117:
 1886 0910 72784275 		.ascii	"rxBuf\000"
 1886      6600
 1887              	.LASF2:
 1888 0916 7369676E 		.ascii	"signed char\000"
 1888      65642063 
 1888      68617200 
 1889              	.LASF125:
 1890 0922 63795F73 		.ascii	"cy_stc_scb_uart_context_t\000"
 1890      74635F73 
 1890      63625F75 
 1890      6172745F 
 1890      636F6E74 
 1891              	.LASF168:
 1892 093c 43795F42 		.ascii	"Cy_BLE_Start\000"
 1892      4C455F53 
 1892      74617274 
 1892      00
 1893              	.LASF44:
 1894 0949 63707573 		.ascii	"cpussNotConnectedIrq\000"
ARM GAS  C:\Users\seths\AppData\Local\Temp\ccjV0Cfp.s 			page 45


 1894      734E6F74 
 1894      436F6E6E 
 1894      65637465 
 1894      64497271 
 1895              	.LASF156:
 1896 095e 696E7665 		.ascii	"invertPWMOutN\000"
 1896      72745057 
 1896      4D4F7574 
 1896      4E00
 1897              	.LASF58:
 1898 096c 666C6173 		.ascii	"flashWriteDelay\000"
 1898      68577269 
 1898      74654465 
 1898      6C617900 
 1899              	.LASF13:
 1900 097c 75696E74 		.ascii	"uint8_t\000"
 1900      385F7400 
 1901              	.LASF165:
 1902 0984 50574D5F 		.ascii	"PWM_GREEN_BLINK_config\000"
 1902      47524545 
 1902      4E5F424C 
 1902      494E4B5F 
 1902      636F6E66 
 1903              	.LASF173:
 1904 099b 433A5C50 		.ascii	"C:\\Projects\\ENGG4000\\software\\firmware\\ENGG400"
 1904      726F6A65 
 1904      6374735C 
 1904      454E4747 
 1904      34303030 
 1905 09c9 305C5765 		.ascii	"0\\Wearable_Firmware.cydsn\000"
 1905      61726162 
 1905      6C655F46 
 1905      69726D77 
 1905      6172652E 
 1906              	.LASF91:
 1907 09e3 63707573 		.ascii	"cpussCm4StatusOffset\000"
 1907      73436D34 
 1907      53746174 
 1907      75734F66 
 1907      66736574 
 1908              	.LASF84:
 1909 09f8 6770696F 		.ascii	"gpioPrtIntrCfgOffset\000"
 1909      50727449 
 1909      6E747243 
 1909      66674F66 
 1909      66736574 
 1910              	.LASF162:
 1911 0a0d 63795F73 		.ascii	"cy_stc_tcpwm_pwm_config_t\000"
 1911      74635F74 
 1911      6370776D 
 1911      5F70776D 
 1911      5F636F6E 
 1912              	.LASF139:
 1913 0a27 72656C6F 		.ascii	"reloadInputMode\000"
 1913      6164496E 
 1913      7075744D 
 1913      6F646500 
ARM GAS  C:\Users\seths\AppData\Local\Temp\ccjV0Cfp.s 			page 46


 1914              	.LASF116:
 1915 0a37 72785269 		.ascii	"rxRingBufTail\000"
 1915      6E674275 
 1915      66546169 
 1915      6C00
 1916              	.LASF95:
 1917 0a45 63707573 		.ascii	"cpussTrimRomCtlOffset\000"
 1917      73547269 
 1917      6D526F6D 
 1917      43746C4F 
 1917      66667365 
 1918              	.LASF145:
 1919 0a5b 636F756E 		.ascii	"countInputMode\000"
 1919      74496E70 
 1919      75744D6F 
 1919      646500
 1920              	.LASF31:
 1921 0a6a 64775665 		.ascii	"dwVersion\000"
 1921      7273696F 
 1921      6E00
 1922              	.LASF27:
 1923 0a74 69706342 		.ascii	"ipcBase\000"
 1923      61736500 
 1924              	.LASF78:
 1925 0a7c 70657269 		.ascii	"periDivCmdPaDivSelPos\000"
 1925      44697643 
 1925      6D645061 
 1925      44697653 
 1925      656C506F 
 1926              	.LASF126:
 1927 0a92 63795F73 		.ascii	"cy_stc_scb_uart_context\000"
 1927      74635F73 
 1927      63625F75 
 1927      6172745F 
 1927      636F6E74 
 1928              	.LASF56:
 1929 0aaa 666C6173 		.ascii	"flashRwwRequired\000"
 1929      68527777 
 1929      52657175 
 1929      69726564 
 1929      00
 1930              		.ident	"GCC: (GNU Tools for ARM Embedded Processors) 5.4.1 20160609 (release) [ARM/embedded-5-bran
