ARM GAS  C:\Users\seths\AppData\Local\Temp\ccvIHQCq.s 			page 1


   1              		.syntax unified
   2              		.cpu cortex-m4
   3              		.eabi_attribute 27, 1
   4              		.fpu fpv4-sp-d16
   5              		.eabi_attribute 20, 1
   6              		.eabi_attribute 21, 1
   7              		.eabi_attribute 23, 3
   8              		.eabi_attribute 24, 1
   9              		.eabi_attribute 25, 1
  10              		.eabi_attribute 26, 1
  11              		.eabi_attribute 30, 1
  12              		.eabi_attribute 34, 1
  13              		.eabi_attribute 18, 4
  14              		.thumb
  15              		.syntax unified
  16              		.file	"BLE_custom_config.c"
  17              		.text
  18              	.Ltext0:
  19              		.cfi_sections	.debug_frame
  20              		.global	cy_ble_customConfig
  21              		.section	.rodata
  22              		.align	2
  23              		.type	cy_ble_customs, %object
  24              		.size	cy_ble_customs, 28
  25              	cy_ble_customs:
  26 0000 1000     		.short	16
  27 0002 1200     		.short	18
  28 0004 1300     		.short	19
  29 0006 1400     		.short	20
  30 0008 1600     		.short	22
  31 000a 1700     		.short	23
  32 000c 1800     		.short	24
  33 000e 1900     		.short	25
  34 0010 1B00     		.short	27
  35 0012 1C00     		.short	28
  36 0014 1D00     		.short	29
  37 0016 0000     		.short	0
  38 0018 0000     		.short	0
  39 001a 0000     		.short	0
  40              		.data
  41              		.align	2
  42              		.type	cy_ble_customConfig, %object
  43              		.size	cy_ble_customConfig, 4
  44              	cy_ble_customConfig:
  45 0000 00000000 		.word	cy_ble_customs
  46              		.text
  47              	.Letext0:
  48              		.file 1 "c:\\program files (x86)\\cypress\\psoc creator\\4.2\\psoc creator\\import\\gnu\\arm\\5.4.
  49              		.file 2 "c:\\program files (x86)\\cypress\\psoc creator\\4.2\\psoc creator\\import\\gnu\\arm\\5.4.
  50              		.file 3 "Generated_Source\\PSoC6\\pdl\\drivers/peripheral/device/cy_device.h"
  51              		.file 4 "Generated_Source\\PSoC6\\pdl\\middleware/ble/cy_ble_stack_host_main.h"
  52              		.file 5 "Generated_Source\\PSoC6\\pdl\\middleware/ble/cy_ble_stack_gatt.h"
  53              		.file 6 "Generated_Source\\PSoC6\\pdl\\middleware/ble/cy_ble_gap.h"
  54              		.file 7 "Generated_Source\\PSoC6\\pdl\\middleware/ble/cy_ble_custom.h"
  55              		.file 8 "Generated_Source\\PSoC6\\pdl\\cmsis/include/core_cm4.h"
  56              		.file 9 "Generated_Source\\PSoC6\\BLE_custom_config.c"
  57              		.section	.debug_info,"",%progbits
ARM GAS  C:\Users\seths\AppData\Local\Temp\ccvIHQCq.s 			page 2


  58              	.Ldebug_info0:
  59 0000 0D070000 		.4byte	0x70d
  60 0004 0400     		.2byte	0x4
  61 0006 00000000 		.4byte	.Ldebug_abbrev0
  62 000a 04       		.byte	0x4
  63 000b 01       		.uleb128 0x1
  64 000c FB050000 		.4byte	.LASF144
  65 0010 0C       		.byte	0xc
  66 0011 F5030000 		.4byte	.LASF145
  67 0015 7A090000 		.4byte	.LASF146
  68 0019 00000000 		.4byte	.Ldebug_line0
  69 001d 02       		.uleb128 0x2
  70 001e 04       		.byte	0x4
  71 001f 05       		.byte	0x5
  72 0020 696E7400 		.ascii	"int\000"
  73 0024 03       		.uleb128 0x3
  74 0025 04       		.byte	0x4
  75 0026 07       		.byte	0x7
  76 0027 60030000 		.4byte	.LASF0
  77 002b 03       		.uleb128 0x3
  78 002c 08       		.byte	0x8
  79 002d 05       		.byte	0x5
  80 002e 60010000 		.4byte	.LASF1
  81 0032 03       		.uleb128 0x3
  82 0033 08       		.byte	0x8
  83 0034 04       		.byte	0x4
  84 0035 2A080000 		.4byte	.LASF2
  85 0039 03       		.uleb128 0x3
  86 003a 01       		.byte	0x1
  87 003b 06       		.byte	0x6
  88 003c 6E010000 		.4byte	.LASF3
  89 0040 04       		.uleb128 0x4
  90 0041 86000000 		.4byte	.LASF5
  91 0045 01       		.byte	0x1
  92 0046 1D       		.byte	0x1d
  93 0047 4B000000 		.4byte	0x4b
  94 004b 03       		.uleb128 0x3
  95 004c 01       		.byte	0x1
  96 004d 08       		.byte	0x8
  97 004e 65070000 		.4byte	.LASF4
  98 0052 04       		.uleb128 0x4
  99 0053 F7020000 		.4byte	.LASF6
 100 0057 01       		.byte	0x1
 101 0058 29       		.byte	0x29
 102 0059 5D000000 		.4byte	0x5d
 103 005d 03       		.uleb128 0x3
 104 005e 02       		.byte	0x2
 105 005f 05       		.byte	0x5
 106 0060 87070000 		.4byte	.LASF7
 107 0064 04       		.uleb128 0x4
 108 0065 55080000 		.4byte	.LASF8
 109 0069 01       		.byte	0x1
 110 006a 2B       		.byte	0x2b
 111 006b 6F000000 		.4byte	0x6f
 112 006f 03       		.uleb128 0x3
 113 0070 02       		.byte	0x2
 114 0071 07       		.byte	0x7
ARM GAS  C:\Users\seths\AppData\Local\Temp\ccvIHQCq.s 			page 3


 115 0072 AE080000 		.4byte	.LASF9
 116 0076 04       		.uleb128 0x4
 117 0077 73080000 		.4byte	.LASF10
 118 007b 01       		.byte	0x1
 119 007c 3F       		.byte	0x3f
 120 007d 81000000 		.4byte	0x81
 121 0081 03       		.uleb128 0x3
 122 0082 04       		.byte	0x4
 123 0083 05       		.byte	0x5
 124 0084 E2010000 		.4byte	.LASF11
 125 0088 04       		.uleb128 0x4
 126 0089 CD020000 		.4byte	.LASF12
 127 008d 01       		.byte	0x1
 128 008e 41       		.byte	0x41
 129 008f 93000000 		.4byte	0x93
 130 0093 03       		.uleb128 0x3
 131 0094 04       		.byte	0x4
 132 0095 07       		.byte	0x7
 133 0096 CF030000 		.4byte	.LASF13
 134 009a 03       		.uleb128 0x3
 135 009b 08       		.byte	0x8
 136 009c 07       		.byte	0x7
 137 009d E8000000 		.4byte	.LASF14
 138 00a1 03       		.uleb128 0x3
 139 00a2 04       		.byte	0x4
 140 00a3 07       		.byte	0x7
 141 00a4 25050000 		.4byte	.LASF15
 142 00a8 03       		.uleb128 0x3
 143 00a9 01       		.byte	0x1
 144 00aa 08       		.byte	0x8
 145 00ab 36080000 		.4byte	.LASF16
 146 00af 04       		.uleb128 0x4
 147 00b0 72090000 		.4byte	.LASF17
 148 00b4 02       		.byte	0x2
 149 00b5 18       		.byte	0x18
 150 00b6 40000000 		.4byte	0x40
 151 00ba 04       		.uleb128 0x4
 152 00bb 58010000 		.4byte	.LASF18
 153 00bf 02       		.byte	0x2
 154 00c0 20       		.byte	0x20
 155 00c1 52000000 		.4byte	0x52
 156 00c5 04       		.uleb128 0x4
 157 00c6 B4030000 		.4byte	.LASF19
 158 00ca 02       		.byte	0x2
 159 00cb 24       		.byte	0x24
 160 00cc 64000000 		.4byte	0x64
 161 00d0 04       		.uleb128 0x4
 162 00d1 5D070000 		.4byte	.LASF20
 163 00d5 02       		.byte	0x2
 164 00d6 2C       		.byte	0x2c
 165 00d7 76000000 		.4byte	0x76
 166 00db 04       		.uleb128 0x4
 167 00dc 21080000 		.4byte	.LASF21
 168 00e0 02       		.byte	0x2
 169 00e1 30       		.byte	0x30
 170 00e2 88000000 		.4byte	0x88
 171 00e6 05       		.uleb128 0x5
ARM GAS  C:\Users\seths\AppData\Local\Temp\ccvIHQCq.s 			page 4


 172 00e7 B8       		.byte	0xb8
 173 00e8 03       		.byte	0x3
 174 00e9 34       		.byte	0x34
 175 00ea F7040000 		.4byte	0x4f7
 176 00ee 06       		.uleb128 0x6
 177 00ef CF000000 		.4byte	.LASF22
 178 00f3 03       		.byte	0x3
 179 00f4 37       		.byte	0x37
 180 00f5 DB000000 		.4byte	0xdb
 181 00f9 00       		.byte	0
 182 00fa 06       		.uleb128 0x6
 183 00fb C2020000 		.4byte	.LASF23
 184 00ff 03       		.byte	0x3
 185 0100 38       		.byte	0x38
 186 0101 DB000000 		.4byte	0xdb
 187 0105 04       		.byte	0x4
 188 0106 06       		.uleb128 0x6
 189 0107 26020000 		.4byte	.LASF24
 190 010b 03       		.byte	0x3
 191 010c 39       		.byte	0x39
 192 010d DB000000 		.4byte	0xdb
 193 0111 08       		.byte	0x8
 194 0112 06       		.uleb128 0x6
 195 0113 25070000 		.4byte	.LASF25
 196 0117 03       		.byte	0x3
 197 0118 3A       		.byte	0x3a
 198 0119 DB000000 		.4byte	0xdb
 199 011d 0C       		.byte	0xc
 200 011e 06       		.uleb128 0x6
 201 011f 8F010000 		.4byte	.LASF26
 202 0123 03       		.byte	0x3
 203 0124 3B       		.byte	0x3b
 204 0125 DB000000 		.4byte	0xdb
 205 0129 10       		.byte	0x10
 206 012a 06       		.uleb128 0x6
 207 012b D8010000 		.4byte	.LASF27
 208 012f 03       		.byte	0x3
 209 0130 3C       		.byte	0x3c
 210 0131 DB000000 		.4byte	0xdb
 211 0135 14       		.byte	0x14
 212 0136 06       		.uleb128 0x6
 213 0137 EC030000 		.4byte	.LASF28
 214 013b 03       		.byte	0x3
 215 013c 3D       		.byte	0x3d
 216 013d DB000000 		.4byte	0xdb
 217 0141 18       		.byte	0x18
 218 0142 06       		.uleb128 0x6
 219 0143 67000000 		.4byte	.LASF29
 220 0147 03       		.byte	0x3
 221 0148 3E       		.byte	0x3e
 222 0149 DB000000 		.4byte	0xdb
 223 014d 1C       		.byte	0x1c
 224 014e 06       		.uleb128 0x6
 225 014f 240A0000 		.4byte	.LASF30
 226 0153 03       		.byte	0x3
 227 0154 3F       		.byte	0x3f
 228 0155 DB000000 		.4byte	0xdb
ARM GAS  C:\Users\seths\AppData\Local\Temp\ccvIHQCq.s 			page 5


 229 0159 20       		.byte	0x20
 230 015a 06       		.uleb128 0x6
 231 015b E3050000 		.4byte	.LASF31
 232 015f 03       		.byte	0x3
 233 0160 40       		.byte	0x40
 234 0161 DB000000 		.4byte	0xdb
 235 0165 24       		.byte	0x24
 236 0166 06       		.uleb128 0x6
 237 0167 DA040000 		.4byte	.LASF32
 238 016b 03       		.byte	0x3
 239 016c 43       		.byte	0x43
 240 016d AF000000 		.4byte	0xaf
 241 0171 28       		.byte	0x28
 242 0172 06       		.uleb128 0x6
 243 0173 4D000000 		.4byte	.LASF33
 244 0177 03       		.byte	0x3
 245 0178 44       		.byte	0x44
 246 0179 AF000000 		.4byte	0xaf
 247 017d 29       		.byte	0x29
 248 017e 06       		.uleb128 0x6
 249 017f 1A0A0000 		.4byte	.LASF34
 250 0183 03       		.byte	0x3
 251 0184 45       		.byte	0x45
 252 0185 AF000000 		.4byte	0xaf
 253 0189 2A       		.byte	0x2a
 254 018a 06       		.uleb128 0x6
 255 018b D5050000 		.4byte	.LASF35
 256 018f 03       		.byte	0x3
 257 0190 46       		.byte	0x46
 258 0191 AF000000 		.4byte	0xaf
 259 0195 2B       		.byte	0x2b
 260 0196 06       		.uleb128 0x6
 261 0197 6A040000 		.4byte	.LASF36
 262 019b 03       		.byte	0x3
 263 019c 47       		.byte	0x47
 264 019d AF000000 		.4byte	0xaf
 265 01a1 2C       		.byte	0x2c
 266 01a2 06       		.uleb128 0x6
 267 01a3 8D080000 		.4byte	.LASF37
 268 01a7 03       		.byte	0x3
 269 01a8 48       		.byte	0x48
 270 01a9 AF000000 		.4byte	0xaf
 271 01ad 2D       		.byte	0x2d
 272 01ae 06       		.uleb128 0x6
 273 01af 98010000 		.4byte	.LASF38
 274 01b3 03       		.byte	0x3
 275 01b4 49       		.byte	0x49
 276 01b5 AF000000 		.4byte	0xaf
 277 01b9 2E       		.byte	0x2e
 278 01ba 06       		.uleb128 0x6
 279 01bb 04050000 		.4byte	.LASF39
 280 01bf 03       		.byte	0x3
 281 01c0 4A       		.byte	0x4a
 282 01c1 AF000000 		.4byte	0xaf
 283 01c5 2F       		.byte	0x2f
 284 01c6 06       		.uleb128 0x6
 285 01c7 3B080000 		.4byte	.LASF40
ARM GAS  C:\Users\seths\AppData\Local\Temp\ccvIHQCq.s 			page 6


 286 01cb 03       		.byte	0x3
 287 01cc 4B       		.byte	0x4b
 288 01cd AF000000 		.4byte	0xaf
 289 01d1 30       		.byte	0x30
 290 01d2 06       		.uleb128 0x6
 291 01d3 E1030000 		.4byte	.LASF41
 292 01d7 03       		.byte	0x3
 293 01d8 4E       		.byte	0x4e
 294 01d9 AF000000 		.4byte	0xaf
 295 01dd 31       		.byte	0x31
 296 01de 06       		.uleb128 0x6
 297 01df 78000000 		.4byte	.LASF42
 298 01e3 03       		.byte	0x3
 299 01e4 4F       		.byte	0x4f
 300 01e5 AF000000 		.4byte	0xaf
 301 01e9 32       		.byte	0x32
 302 01ea 06       		.uleb128 0x6
 303 01eb 54030000 		.4byte	.LASF43
 304 01ef 03       		.byte	0x3
 305 01f0 50       		.byte	0x50
 306 01f1 AF000000 		.4byte	0xaf
 307 01f5 33       		.byte	0x33
 308 01f6 06       		.uleb128 0x6
 309 01f7 39050000 		.4byte	.LASF44
 310 01fb 03       		.byte	0x3
 311 01fc 51       		.byte	0x51
 312 01fd AF000000 		.4byte	0xaf
 313 0201 34       		.byte	0x34
 314 0202 06       		.uleb128 0x6
 315 0203 D8080000 		.4byte	.LASF45
 316 0207 03       		.byte	0x3
 317 0208 52       		.byte	0x52
 318 0209 BA000000 		.4byte	0xba
 319 020d 36       		.byte	0x36
 320 020e 06       		.uleb128 0x6
 321 020f 40020000 		.4byte	.LASF46
 322 0213 03       		.byte	0x3
 323 0214 53       		.byte	0x53
 324 0215 BA000000 		.4byte	0xba
 325 0219 38       		.byte	0x38
 326 021a 06       		.uleb128 0x6
 327 021b 27090000 		.4byte	.LASF47
 328 021f 03       		.byte	0x3
 329 0220 54       		.byte	0x54
 330 0221 BA000000 		.4byte	0xba
 331 0225 3A       		.byte	0x3a
 332 0226 06       		.uleb128 0x6
 333 0227 0B0A0000 		.4byte	.LASF48
 334 022b 03       		.byte	0x3
 335 022c 55       		.byte	0x55
 336 022d AF000000 		.4byte	0xaf
 337 0231 3C       		.byte	0x3c
 338 0232 06       		.uleb128 0x6
 339 0233 67020000 		.4byte	.LASF49
 340 0237 03       		.byte	0x3
 341 0238 56       		.byte	0x56
 342 0239 AF000000 		.4byte	0xaf
ARM GAS  C:\Users\seths\AppData\Local\Temp\ccvIHQCq.s 			page 7


 343 023d 3D       		.byte	0x3d
 344 023e 06       		.uleb128 0x6
 345 023f 03080000 		.4byte	.LASF50
 346 0243 03       		.byte	0x3
 347 0244 57       		.byte	0x57
 348 0245 AF000000 		.4byte	0xaf
 349 0249 3E       		.byte	0x3e
 350 024a 06       		.uleb128 0x6
 351 024b 5B000000 		.4byte	.LASF51
 352 024f 03       		.byte	0x3
 353 0250 58       		.byte	0x58
 354 0251 AF000000 		.4byte	0xaf
 355 0255 3F       		.byte	0x3f
 356 0256 06       		.uleb128 0x6
 357 0257 EE050000 		.4byte	.LASF52
 358 025b 03       		.byte	0x3
 359 025c 59       		.byte	0x59
 360 025d AF000000 		.4byte	0xaf
 361 0261 40       		.byte	0x40
 362 0262 06       		.uleb128 0x6
 363 0263 E7020000 		.4byte	.LASF53
 364 0267 03       		.byte	0x3
 365 0268 5A       		.byte	0x5a
 366 0269 AF000000 		.4byte	0xaf
 367 026d 41       		.byte	0x41
 368 026e 06       		.uleb128 0x6
 369 026f 86040000 		.4byte	.LASF54
 370 0273 03       		.byte	0x3
 371 0274 5B       		.byte	0x5b
 372 0275 AF000000 		.4byte	0xaf
 373 0279 42       		.byte	0x42
 374 027a 06       		.uleb128 0x6
 375 027b B3050000 		.4byte	.LASF55
 376 027f 03       		.byte	0x3
 377 0280 5C       		.byte	0x5c
 378 0281 AF000000 		.4byte	0xaf
 379 0285 43       		.byte	0x43
 380 0286 06       		.uleb128 0x6
 381 0287 2F020000 		.4byte	.LASF56
 382 028b 03       		.byte	0x3
 383 028c 5D       		.byte	0x5d
 384 028d AF000000 		.4byte	0xaf
 385 0291 44       		.byte	0x44
 386 0292 06       		.uleb128 0x6
 387 0293 00000000 		.4byte	.LASF57
 388 0297 03       		.byte	0x3
 389 0298 5E       		.byte	0x5e
 390 0299 DB000000 		.4byte	0xdb
 391 029d 48       		.byte	0x48
 392 029e 06       		.uleb128 0x6
 393 029f 02020000 		.4byte	.LASF58
 394 02a3 03       		.byte	0x3
 395 02a4 5F       		.byte	0x5f
 396 02a5 DB000000 		.4byte	0xdb
 397 02a9 4C       		.byte	0x4c
 398 02aa 06       		.uleb128 0x6
 399 02ab 9A0A0000 		.4byte	.LASF59
ARM GAS  C:\Users\seths\AppData\Local\Temp\ccvIHQCq.s 			page 8


 400 02af 03       		.byte	0x3
 401 02b0 60       		.byte	0x60
 402 02b1 AF000000 		.4byte	0xaf
 403 02b5 50       		.byte	0x50
 404 02b6 06       		.uleb128 0x6
 405 02b7 32010000 		.4byte	.LASF60
 406 02bb 03       		.byte	0x3
 407 02bc 61       		.byte	0x61
 408 02bd AF000000 		.4byte	0xaf
 409 02c1 51       		.byte	0x51
 410 02c2 06       		.uleb128 0x6
 411 02c3 AE060000 		.4byte	.LASF61
 412 02c7 03       		.byte	0x3
 413 02c8 62       		.byte	0x62
 414 02c9 AF000000 		.4byte	0xaf
 415 02cd 52       		.byte	0x52
 416 02ce 06       		.uleb128 0x6
 417 02cf 420A0000 		.4byte	.LASF62
 418 02d3 03       		.byte	0x3
 419 02d4 63       		.byte	0x63
 420 02d5 AF000000 		.4byte	0xaf
 421 02d9 53       		.byte	0x53
 422 02da 06       		.uleb128 0x6
 423 02db 11080000 		.4byte	.LASF63
 424 02df 03       		.byte	0x3
 425 02e0 64       		.byte	0x64
 426 02e1 AF000000 		.4byte	0xaf
 427 02e5 54       		.byte	0x54
 428 02e6 06       		.uleb128 0x6
 429 02e7 44010000 		.4byte	.LASF64
 430 02eb 03       		.byte	0x3
 431 02ec 65       		.byte	0x65
 432 02ed AF000000 		.4byte	0xaf
 433 02f1 55       		.byte	0x55
 434 02f2 06       		.uleb128 0x6
 435 02f3 9A080000 		.4byte	.LASF65
 436 02f7 03       		.byte	0x3
 437 02f8 66       		.byte	0x66
 438 02f9 AF000000 		.4byte	0xaf
 439 02fd 56       		.byte	0x56
 440 02fe 06       		.uleb128 0x6
 441 02ff BF070000 		.4byte	.LASF66
 442 0303 03       		.byte	0x3
 443 0304 67       		.byte	0x67
 444 0305 AF000000 		.4byte	0xaf
 445 0309 57       		.byte	0x57
 446 030a 06       		.uleb128 0x6
 447 030b 12000000 		.4byte	.LASF67
 448 030f 03       		.byte	0x3
 449 0310 68       		.byte	0x68
 450 0311 AF000000 		.4byte	0xaf
 451 0315 58       		.byte	0x58
 452 0316 06       		.uleb128 0x6
 453 0317 73070000 		.4byte	.LASF68
 454 031b 03       		.byte	0x3
 455 031c 69       		.byte	0x69
 456 031d AF000000 		.4byte	0xaf
ARM GAS  C:\Users\seths\AppData\Local\Temp\ccvIHQCq.s 			page 9


 457 0321 59       		.byte	0x59
 458 0322 06       		.uleb128 0x6
 459 0323 2E050000 		.4byte	.LASF69
 460 0327 03       		.byte	0x3
 461 0328 6E       		.byte	0x6e
 462 0329 C5000000 		.4byte	0xc5
 463 032d 5A       		.byte	0x5a
 464 032e 06       		.uleb128 0x6
 465 032f C1080000 		.4byte	.LASF70
 466 0333 03       		.byte	0x3
 467 0334 6F       		.byte	0x6f
 468 0335 C5000000 		.4byte	0xc5
 469 0339 5C       		.byte	0x5c
 470 033a 06       		.uleb128 0x6
 471 033b D9000000 		.4byte	.LASF71
 472 033f 03       		.byte	0x3
 473 0340 70       		.byte	0x70
 474 0341 AF000000 		.4byte	0xaf
 475 0345 5E       		.byte	0x5e
 476 0346 06       		.uleb128 0x6
 477 0347 0F070000 		.4byte	.LASF72
 478 034b 03       		.byte	0x3
 479 034c 71       		.byte	0x71
 480 034d AF000000 		.4byte	0xaf
 481 0351 5F       		.byte	0x5f
 482 0352 06       		.uleb128 0x6
 483 0353 A2050000 		.4byte	.LASF73
 484 0357 03       		.byte	0x3
 485 0358 72       		.byte	0x72
 486 0359 AF000000 		.4byte	0xaf
 487 035d 60       		.byte	0x60
 488 035e 06       		.uleb128 0x6
 489 035f E8060000 		.4byte	.LASF74
 490 0363 03       		.byte	0x3
 491 0364 73       		.byte	0x73
 492 0365 DB000000 		.4byte	0xdb
 493 0369 64       		.byte	0x64
 494 036a 06       		.uleb128 0x6
 495 036b FF000000 		.4byte	.LASF75
 496 036f 03       		.byte	0x3
 497 0370 76       		.byte	0x76
 498 0371 C5000000 		.4byte	0xc5
 499 0375 68       		.byte	0x68
 500 0376 06       		.uleb128 0x6
 501 0377 BD030000 		.4byte	.LASF76
 502 037b 03       		.byte	0x3
 503 037c 77       		.byte	0x77
 504 037d C5000000 		.4byte	0xc5
 505 0381 6A       		.byte	0x6a
 506 0382 06       		.uleb128 0x6
 507 0383 20040000 		.4byte	.LASF77
 508 0387 03       		.byte	0x3
 509 0388 78       		.byte	0x78
 510 0389 C5000000 		.4byte	0xc5
 511 038d 6C       		.byte	0x6c
 512 038e 06       		.uleb128 0x6
 513 038f 5D040000 		.4byte	.LASF78
ARM GAS  C:\Users\seths\AppData\Local\Temp\ccvIHQCq.s 			page 10


 514 0393 03       		.byte	0x3
 515 0394 79       		.byte	0x79
 516 0395 C5000000 		.4byte	0xc5
 517 0399 6E       		.byte	0x6e
 518 039a 06       		.uleb128 0x6
 519 039b AB070000 		.4byte	.LASF79
 520 039f 03       		.byte	0x3
 521 03a0 7B       		.byte	0x7b
 522 03a1 AF000000 		.4byte	0xaf
 523 03a5 70       		.byte	0x70
 524 03a6 06       		.uleb128 0x6
 525 03a7 7A010000 		.4byte	.LASF80
 526 03ab 03       		.byte	0x3
 527 03ac 7C       		.byte	0x7c
 528 03ad AF000000 		.4byte	0xaf
 529 03b1 71       		.byte	0x71
 530 03b2 06       		.uleb128 0x6
 531 03b3 2C0A0000 		.4byte	.LASF81
 532 03b7 03       		.byte	0x3
 533 03b8 7D       		.byte	0x7d
 534 03b9 AF000000 		.4byte	0xaf
 535 03bd 72       		.byte	0x72
 536 03be 06       		.uleb128 0x6
 537 03bf 69050000 		.4byte	.LASF82
 538 03c3 03       		.byte	0x3
 539 03c4 7E       		.byte	0x7e
 540 03c5 AF000000 		.4byte	0xaf
 541 03c9 73       		.byte	0x73
 542 03ca 06       		.uleb128 0x6
 543 03cb 72020000 		.4byte	.LASF83
 544 03cf 03       		.byte	0x3
 545 03d0 80       		.byte	0x80
 546 03d1 C5000000 		.4byte	0xc5
 547 03d5 74       		.byte	0x74
 548 03d6 06       		.uleb128 0x6
 549 03d7 60080000 		.4byte	.LASF84
 550 03db 03       		.byte	0x3
 551 03dc 81       		.byte	0x81
 552 03dd C5000000 		.4byte	0xc5
 553 03e1 76       		.byte	0x76
 554 03e2 06       		.uleb128 0x6
 555 03e3 52020000 		.4byte	.LASF85
 556 03e7 03       		.byte	0x3
 557 03e8 82       		.byte	0x82
 558 03e9 C5000000 		.4byte	0xc5
 559 03ed 78       		.byte	0x78
 560 03ee 06       		.uleb128 0x6
 561 03ef 90000000 		.4byte	.LASF86
 562 03f3 03       		.byte	0x3
 563 03f4 83       		.byte	0x83
 564 03f5 C5000000 		.4byte	0xc5
 565 03f9 7A       		.byte	0x7a
 566 03fa 06       		.uleb128 0x6
 567 03fb D7090000 		.4byte	.LASF87
 568 03ff 03       		.byte	0x3
 569 0400 86       		.byte	0x86
 570 0401 AF000000 		.4byte	0xaf
ARM GAS  C:\Users\seths\AppData\Local\Temp\ccvIHQCq.s 			page 11


 571 0405 7C       		.byte	0x7c
 572 0406 06       		.uleb128 0x6
 573 0407 E5080000 		.4byte	.LASF88
 574 040b 03       		.byte	0x3
 575 040c 87       		.byte	0x87
 576 040d AF000000 		.4byte	0xaf
 577 0411 7D       		.byte	0x7d
 578 0412 06       		.uleb128 0x6
 579 0413 26000000 		.4byte	.LASF89
 580 0417 03       		.byte	0x3
 581 0418 88       		.byte	0x88
 582 0419 AF000000 		.4byte	0xaf
 583 041d 7E       		.byte	0x7e
 584 041e 06       		.uleb128 0x6
 585 041f AE020000 		.4byte	.LASF90
 586 0423 03       		.byte	0x3
 587 0424 89       		.byte	0x89
 588 0425 AF000000 		.4byte	0xaf
 589 0429 7F       		.byte	0x7f
 590 042a 06       		.uleb128 0x6
 591 042b 40030000 		.4byte	.LASF91
 592 042f 03       		.byte	0x3
 593 0430 8A       		.byte	0x8a
 594 0431 AF000000 		.4byte	0xaf
 595 0435 80       		.byte	0x80
 596 0436 06       		.uleb128 0x6
 597 0437 BD040000 		.4byte	.LASF92
 598 043b 03       		.byte	0x3
 599 043c 8D       		.byte	0x8d
 600 043d DB000000 		.4byte	0xdb
 601 0441 84       		.byte	0x84
 602 0442 06       		.uleb128 0x6
 603 0443 EB010000 		.4byte	.LASF93
 604 0447 03       		.byte	0x3
 605 0448 8E       		.byte	0x8e
 606 0449 DB000000 		.4byte	0xdb
 607 044d 88       		.byte	0x88
 608 044e 06       		.uleb128 0x6
 609 044f C2090000 		.4byte	.LASF94
 610 0453 03       		.byte	0x3
 611 0454 8F       		.byte	0x8f
 612 0455 DB000000 		.4byte	0xdb
 613 0459 8C       		.byte	0x8c
 614 045a 06       		.uleb128 0x6
 615 045b 10050000 		.4byte	.LASF95
 616 045f 03       		.byte	0x3
 617 0460 90       		.byte	0x90
 618 0461 DB000000 		.4byte	0xdb
 619 0465 90       		.byte	0x90
 620 0466 06       		.uleb128 0x6
 621 0467 01030000 		.4byte	.LASF96
 622 046b 03       		.byte	0x3
 623 046c 91       		.byte	0x91
 624 046d DB000000 		.4byte	0xdb
 625 0471 94       		.byte	0x94
 626 0472 06       		.uleb128 0x6
 627 0473 A7040000 		.4byte	.LASF97
ARM GAS  C:\Users\seths\AppData\Local\Temp\ccvIHQCq.s 			page 12


 628 0477 03       		.byte	0x3
 629 0478 92       		.byte	0x92
 630 0479 DB000000 		.4byte	0xdb
 631 047d 98       		.byte	0x98
 632 047e 06       		.uleb128 0x6
 633 047f EC090000 		.4byte	.LASF98
 634 0483 03       		.byte	0x3
 635 0484 93       		.byte	0x93
 636 0485 DB000000 		.4byte	0xdb
 637 0489 9C       		.byte	0x9c
 638 048a 06       		.uleb128 0x6
 639 048b 0F010000 		.4byte	.LASF99
 640 048f 03       		.byte	0x3
 641 0490 94       		.byte	0x94
 642 0491 DB000000 		.4byte	0xdb
 643 0495 A0       		.byte	0xa0
 644 0496 06       		.uleb128 0x6
 645 0497 A3010000 		.4byte	.LASF100
 646 049b 03       		.byte	0x3
 647 049c 95       		.byte	0x95
 648 049d C5000000 		.4byte	0xc5
 649 04a1 A4       		.byte	0xa4
 650 04a2 06       		.uleb128 0x6
 651 04a3 92040000 		.4byte	.LASF101
 652 04a7 03       		.byte	0x3
 653 04a8 96       		.byte	0x96
 654 04a9 C5000000 		.4byte	0xc5
 655 04ad A6       		.byte	0xa6
 656 04ae 06       		.uleb128 0x6
 657 04af 03070000 		.4byte	.LASF102
 658 04b3 03       		.byte	0x3
 659 04b4 97       		.byte	0x97
 660 04b5 C5000000 		.4byte	0xc5
 661 04b9 A8       		.byte	0xa8
 662 04ba 06       		.uleb128 0x6
 663 04bb 47080000 		.4byte	.LASF103
 664 04bf 03       		.byte	0x3
 665 04c0 98       		.byte	0x98
 666 04c1 C5000000 		.4byte	0xc5
 667 04c5 AA       		.byte	0xaa
 668 04c6 06       		.uleb128 0x6
 669 04c7 2F040000 		.4byte	.LASF104
 670 04cb 03       		.byte	0x3
 671 04cc 99       		.byte	0x99
 672 04cd C5000000 		.4byte	0xc5
 673 04d1 AC       		.byte	0xac
 674 04d2 06       		.uleb128 0x6
 675 04d3 80050000 		.4byte	.LASF105
 676 04d7 03       		.byte	0x3
 677 04d8 9A       		.byte	0x9a
 678 04d9 C5000000 		.4byte	0xc5
 679 04dd AE       		.byte	0xae
 680 04de 06       		.uleb128 0x6
 681 04df CA080000 		.4byte	.LASF106
 682 04e3 03       		.byte	0x3
 683 04e4 9D       		.byte	0x9d
 684 04e5 C5000000 		.4byte	0xc5
ARM GAS  C:\Users\seths\AppData\Local\Temp\ccvIHQCq.s 			page 13


 685 04e9 B0       		.byte	0xb0
 686 04ea 06       		.uleb128 0x6
 687 04eb 39000000 		.4byte	.LASF107
 688 04ef 03       		.byte	0x3
 689 04f0 9E       		.byte	0x9e
 690 04f1 DB000000 		.4byte	0xdb
 691 04f5 B4       		.byte	0xb4
 692 04f6 00       		.byte	0
 693 04f7 04       		.uleb128 0x4
 694 04f8 76040000 		.4byte	.LASF108
 695 04fc 03       		.byte	0x3
 696 04fd 9F       		.byte	0x9f
 697 04fe E6000000 		.4byte	0xe6
 698 0502 03       		.uleb128 0x3
 699 0503 04       		.byte	0x4
 700 0504 04       		.byte	0x4
 701 0505 E2060000 		.4byte	.LASF109
 702 0509 03       		.uleb128 0x3
 703 050a 08       		.byte	0x8
 704 050b 04       		.byte	0x4
 705 050c 4B020000 		.4byte	.LASF110
 706 0510 07       		.uleb128 0x7
 707 0511 02       		.byte	0x2
 708 0512 04       		.byte	0x4
 709 0513 6001     		.2byte	0x160
 710 0515 34050000 		.4byte	0x534
 711 0519 08       		.uleb128 0x8
 712 051a 020A0000 		.4byte	.LASF111
 713 051e 04       		.byte	0x4
 714 051f 6A01     		.2byte	0x16a
 715 0521 AF000000 		.4byte	0xaf
 716 0525 00       		.byte	0
 717 0526 08       		.uleb128 0x8
 718 0527 D4040000 		.4byte	.LASF112
 719 052b 04       		.byte	0x4
 720 052c 6E01     		.2byte	0x16e
 721 052e AF000000 		.4byte	0xaf
 722 0532 01       		.byte	0x1
 723 0533 00       		.byte	0
 724 0534 09       		.uleb128 0x9
 725 0535 A5000000 		.4byte	.LASF113
 726 0539 04       		.byte	0x4
 727 053a 7001     		.2byte	0x170
 728 053c 10050000 		.4byte	0x510
 729 0540 09       		.uleb128 0x9
 730 0541 E7040000 		.4byte	.LASF114
 731 0545 05       		.byte	0x5
 732 0546 7F01     		.2byte	0x17f
 733 0548 C5000000 		.4byte	0xc5
 734 054c 0A       		.uleb128 0xa
 735 054d 01       		.byte	0x1
 736 054e 4B000000 		.4byte	0x4b
 737 0552 06       		.byte	0x6
 738 0553 7E       		.byte	0x7e
 739 0554 71050000 		.4byte	0x571
 740 0558 0B       		.uleb128 0xb
 741 0559 59090000 		.4byte	.LASF115
ARM GAS  C:\Users\seths\AppData\Local\Temp\ccvIHQCq.s 			page 14


 742 055d 00       		.byte	0
 743 055e 0B       		.uleb128 0xb
 744 055f 4A050000 		.4byte	.LASF116
 745 0563 01       		.byte	0x1
 746 0564 0B       		.uleb128 0xb
 747 0565 3C090000 		.4byte	.LASF117
 748 0569 02       		.byte	0x2
 749 056a 0B       		.uleb128 0xb
 750 056b B8010000 		.4byte	.LASF118
 751 056f 03       		.byte	0x3
 752 0570 00       		.byte	0
 753 0571 04       		.uleb128 0x4
 754 0572 10020000 		.4byte	.LASF119
 755 0576 06       		.byte	0x6
 756 0577 83       		.byte	0x83
 757 0578 4C050000 		.4byte	0x54c
 758 057c 0A       		.uleb128 0xa
 759 057d 01       		.byte	0x1
 760 057e 4B000000 		.4byte	0x4b
 761 0582 06       		.byte	0x6
 762 0583 87       		.byte	0x87
 763 0584 B9050000 		.4byte	0x5b9
 764 0588 0B       		.uleb128 0xb
 765 0589 F6080000 		.4byte	.LASF120
 766 058d 00       		.byte	0
 767 058e 0B       		.uleb128 0xb
 768 058f 690A0000 		.4byte	.LASF121
 769 0593 01       		.byte	0x1
 770 0594 0B       		.uleb128 0xb
 771 0595 6D030000 		.4byte	.LASF122
 772 0599 02       		.byte	0x2
 773 059a 0B       		.uleb128 0xb
 774 059b 16030000 		.4byte	.LASF123
 775 059f 03       		.byte	0x3
 776 05a0 0B       		.uleb128 0xb
 777 05a1 84020000 		.4byte	.LASF124
 778 05a5 04       		.byte	0x4
 779 05a6 0B       		.uleb128 0xb
 780 05a7 2D070000 		.4byte	.LASF125
 781 05ab 05       		.byte	0x5
 782 05ac 0B       		.uleb128 0xb
 783 05ad 89030000 		.4byte	.LASF126
 784 05b1 06       		.byte	0x6
 785 05b2 0B       		.uleb128 0xb
 786 05b3 BE060000 		.4byte	.LASF127
 787 05b7 07       		.byte	0x7
 788 05b8 00       		.byte	0
 789 05b9 04       		.uleb128 0x4
 790 05ba BE050000 		.4byte	.LASF128
 791 05be 06       		.byte	0x6
 792 05bf 90       		.byte	0x90
 793 05c0 7C050000 		.4byte	0x57c
 794 05c4 03       		.uleb128 0x3
 795 05c5 01       		.byte	0x1
 796 05c6 02       		.byte	0x2
 797 05c7 57070000 		.4byte	.LASF129
 798 05cb 05       		.uleb128 0x5
ARM GAS  C:\Users\seths\AppData\Local\Temp\ccvIHQCq.s 			page 15


 799 05cc 06       		.byte	0x6
 800 05cd 07       		.byte	0x7
 801 05ce 3B       		.byte	0x3b
 802 05cf EC050000 		.4byte	0x5ec
 803 05d3 06       		.uleb128 0x6
 804 05d4 540A0000 		.4byte	.LASF130
 805 05d8 07       		.byte	0x7
 806 05d9 3E       		.byte	0x3e
 807 05da 40050000 		.4byte	0x540
 808 05de 00       		.byte	0
 809 05df 06       		.uleb128 0x6
 810 05e0 AB0A0000 		.4byte	.LASF131
 811 05e4 07       		.byte	0x7
 812 05e5 41       		.byte	0x41
 813 05e6 EC050000 		.4byte	0x5ec
 814 05ea 02       		.byte	0x2
 815 05eb 00       		.byte	0
 816 05ec 0C       		.uleb128 0xc
 817 05ed 40050000 		.4byte	0x540
 818 05f1 FC050000 		.4byte	0x5fc
 819 05f5 0D       		.uleb128 0xd
 820 05f6 A1000000 		.4byte	0xa1
 821 05fa 01       		.byte	0x1
 822 05fb 00       		.byte	0
 823 05fc 04       		.uleb128 0x4
 824 05fd 91070000 		.4byte	.LASF132
 825 0601 07       		.byte	0x7
 826 0602 43       		.byte	0x43
 827 0603 CB050000 		.4byte	0x5cb
 828 0607 05       		.uleb128 0x5
 829 0608 0E       		.byte	0xe
 830 0609 07       		.byte	0x7
 831 060a 46       		.byte	0x46
 832 060b 28060000 		.4byte	0x628
 833 060f 06       		.uleb128 0x6
 834 0610 BE000000 		.4byte	.LASF133
 835 0614 07       		.byte	0x7
 836 0615 49       		.byte	0x49
 837 0616 40050000 		.4byte	0x540
 838 061a 00       		.byte	0
 839 061b 06       		.uleb128 0x6
 840 061c D8020000 		.4byte	.LASF134
 841 0620 07       		.byte	0x7
 842 0621 4C       		.byte	0x4c
 843 0622 28060000 		.4byte	0x628
 844 0626 02       		.byte	0x2
 845 0627 00       		.byte	0
 846 0628 0C       		.uleb128 0xc
 847 0629 FC050000 		.4byte	0x5fc
 848 062d 38060000 		.4byte	0x638
 849 0631 0D       		.uleb128 0xd
 850 0632 A1000000 		.4byte	0xa1
 851 0636 01       		.byte	0x1
 852 0637 00       		.byte	0
 853 0638 04       		.uleb128 0x4
 854 0639 EE070000 		.4byte	.LASF135
 855 063d 07       		.byte	0x7
ARM GAS  C:\Users\seths\AppData\Local\Temp\ccvIHQCq.s 			page 16


 856 063e 4E       		.byte	0x4e
 857 063f 07060000 		.4byte	0x607
 858 0643 05       		.uleb128 0x5
 859 0644 04       		.byte	0x4
 860 0645 07       		.byte	0x7
 861 0646 90       		.byte	0x90
 862 0647 58060000 		.4byte	0x658
 863 064b 06       		.uleb128 0x6
 864 064c 70000000 		.4byte	.LASF136
 865 0650 07       		.byte	0x7
 866 0651 94       		.byte	0x94
 867 0652 58060000 		.4byte	0x658
 868 0656 00       		.byte	0
 869 0657 00       		.byte	0
 870 0658 0E       		.uleb128 0xe
 871 0659 04       		.byte	0x4
 872 065a 5E060000 		.4byte	0x65e
 873 065e 0F       		.uleb128 0xf
 874 065f 38060000 		.4byte	0x638
 875 0663 04       		.uleb128 0x4
 876 0664 D3070000 		.4byte	.LASF137
 877 0668 07       		.byte	0x7
 878 0669 9B       		.byte	0x9b
 879 066a 43060000 		.4byte	0x643
 880 066e 0C       		.uleb128 0xc
 881 066f 5E060000 		.4byte	0x65e
 882 0673 7E060000 		.4byte	0x67e
 883 0677 0D       		.uleb128 0xd
 884 0678 A1000000 		.4byte	0xa1
 885 067c 01       		.byte	0x1
 886 067d 00       		.byte	0
 887 067e 10       		.uleb128 0x10
 888 067f 4E040000 		.4byte	.LASF147
 889 0683 09       		.byte	0x9
 890 0684 1C       		.byte	0x1c
 891 0685 8F060000 		.4byte	0x68f
 892 0689 05       		.uleb128 0x5
 893 068a 03       		.byte	0x3
 894 068b 00000000 		.4byte	cy_ble_customs
 895 068f 0F       		.uleb128 0xf
 896 0690 6E060000 		.4byte	0x66e
 897 0694 11       		.uleb128 0x11
 898 0695 F9060000 		.4byte	.LASF138
 899 0699 03       		.byte	0x3
 900 069a A7       		.byte	0xa7
 901 069b 9F060000 		.4byte	0x69f
 902 069f 0E       		.uleb128 0xe
 903 06a0 04       		.byte	0x4
 904 06a1 A5060000 		.4byte	0x6a5
 905 06a5 0F       		.uleb128 0xf
 906 06a6 F7040000 		.4byte	0x4f7
 907 06aa 12       		.uleb128 0x12
 908 06ab 25010000 		.4byte	.LASF139
 909 06af 08       		.byte	0x8
 910 06b0 F907     		.2byte	0x7f9
 911 06b2 B6060000 		.4byte	0x6b6
 912 06b6 13       		.uleb128 0x13
ARM GAS  C:\Users\seths\AppData\Local\Temp\ccvIHQCq.s 			page 17


 913 06b7 D0000000 		.4byte	0xd0
 914 06bb 12       		.uleb128 0x12
 915 06bc 7D080000 		.4byte	.LASF140
 916 06c0 06       		.byte	0x6
 917 06c1 2202     		.2byte	0x222
 918 06c3 71050000 		.4byte	0x571
 919 06c7 0C       		.uleb128 0xc
 920 06c8 34050000 		.4byte	0x534
 921 06cc D7060000 		.4byte	0x6d7
 922 06d0 0D       		.uleb128 0xd
 923 06d1 A1000000 		.4byte	0xa1
 924 06d5 00       		.byte	0
 925 06d6 00       		.byte	0
 926 06d7 12       		.uleb128 0x12
 927 06d8 15090000 		.4byte	.LASF141
 928 06dc 06       		.byte	0x6
 929 06dd 2C02     		.2byte	0x22c
 930 06df C7060000 		.4byte	0x6c7
 931 06e3 0C       		.uleb128 0xc
 932 06e4 B9050000 		.4byte	0x5b9
 933 06e8 F3060000 		.4byte	0x6f3
 934 06ec 0D       		.uleb128 0xd
 935 06ed A1000000 		.4byte	0xa1
 936 06f1 00       		.byte	0
 937 06f2 00       		.byte	0
 938 06f3 12       		.uleb128 0x12
 939 06f4 3D040000 		.4byte	.LASF142
 940 06f8 06       		.byte	0x6
 941 06f9 2D02     		.2byte	0x22d
 942 06fb E3060000 		.4byte	0x6e3
 943 06ff 14       		.uleb128 0x14
 944 0700 8E050000 		.4byte	.LASF143
 945 0704 09       		.byte	0x9
 946 0705 65       		.byte	0x65
 947 0706 63060000 		.4byte	0x663
 948 070a 05       		.uleb128 0x5
 949 070b 03       		.byte	0x3
 950 070c 00000000 		.4byte	cy_ble_customConfig
 951 0710 00       		.byte	0
 952              		.section	.debug_abbrev,"",%progbits
 953              	.Ldebug_abbrev0:
 954 0000 01       		.uleb128 0x1
 955 0001 11       		.uleb128 0x11
 956 0002 01       		.byte	0x1
 957 0003 25       		.uleb128 0x25
 958 0004 0E       		.uleb128 0xe
 959 0005 13       		.uleb128 0x13
 960 0006 0B       		.uleb128 0xb
 961 0007 03       		.uleb128 0x3
 962 0008 0E       		.uleb128 0xe
 963 0009 1B       		.uleb128 0x1b
 964 000a 0E       		.uleb128 0xe
 965 000b 10       		.uleb128 0x10
 966 000c 17       		.uleb128 0x17
 967 000d 00       		.byte	0
 968 000e 00       		.byte	0
 969 000f 02       		.uleb128 0x2
ARM GAS  C:\Users\seths\AppData\Local\Temp\ccvIHQCq.s 			page 18


 970 0010 24       		.uleb128 0x24
 971 0011 00       		.byte	0
 972 0012 0B       		.uleb128 0xb
 973 0013 0B       		.uleb128 0xb
 974 0014 3E       		.uleb128 0x3e
 975 0015 0B       		.uleb128 0xb
 976 0016 03       		.uleb128 0x3
 977 0017 08       		.uleb128 0x8
 978 0018 00       		.byte	0
 979 0019 00       		.byte	0
 980 001a 03       		.uleb128 0x3
 981 001b 24       		.uleb128 0x24
 982 001c 00       		.byte	0
 983 001d 0B       		.uleb128 0xb
 984 001e 0B       		.uleb128 0xb
 985 001f 3E       		.uleb128 0x3e
 986 0020 0B       		.uleb128 0xb
 987 0021 03       		.uleb128 0x3
 988 0022 0E       		.uleb128 0xe
 989 0023 00       		.byte	0
 990 0024 00       		.byte	0
 991 0025 04       		.uleb128 0x4
 992 0026 16       		.uleb128 0x16
 993 0027 00       		.byte	0
 994 0028 03       		.uleb128 0x3
 995 0029 0E       		.uleb128 0xe
 996 002a 3A       		.uleb128 0x3a
 997 002b 0B       		.uleb128 0xb
 998 002c 3B       		.uleb128 0x3b
 999 002d 0B       		.uleb128 0xb
 1000 002e 49       		.uleb128 0x49
 1001 002f 13       		.uleb128 0x13
 1002 0030 00       		.byte	0
 1003 0031 00       		.byte	0
 1004 0032 05       		.uleb128 0x5
 1005 0033 13       		.uleb128 0x13
 1006 0034 01       		.byte	0x1
 1007 0035 0B       		.uleb128 0xb
 1008 0036 0B       		.uleb128 0xb
 1009 0037 3A       		.uleb128 0x3a
 1010 0038 0B       		.uleb128 0xb
 1011 0039 3B       		.uleb128 0x3b
 1012 003a 0B       		.uleb128 0xb
 1013 003b 01       		.uleb128 0x1
 1014 003c 13       		.uleb128 0x13
 1015 003d 00       		.byte	0
 1016 003e 00       		.byte	0
 1017 003f 06       		.uleb128 0x6
 1018 0040 0D       		.uleb128 0xd
 1019 0041 00       		.byte	0
 1020 0042 03       		.uleb128 0x3
 1021 0043 0E       		.uleb128 0xe
 1022 0044 3A       		.uleb128 0x3a
 1023 0045 0B       		.uleb128 0xb
 1024 0046 3B       		.uleb128 0x3b
 1025 0047 0B       		.uleb128 0xb
 1026 0048 49       		.uleb128 0x49
ARM GAS  C:\Users\seths\AppData\Local\Temp\ccvIHQCq.s 			page 19


 1027 0049 13       		.uleb128 0x13
 1028 004a 38       		.uleb128 0x38
 1029 004b 0B       		.uleb128 0xb
 1030 004c 00       		.byte	0
 1031 004d 00       		.byte	0
 1032 004e 07       		.uleb128 0x7
 1033 004f 13       		.uleb128 0x13
 1034 0050 01       		.byte	0x1
 1035 0051 0B       		.uleb128 0xb
 1036 0052 0B       		.uleb128 0xb
 1037 0053 3A       		.uleb128 0x3a
 1038 0054 0B       		.uleb128 0xb
 1039 0055 3B       		.uleb128 0x3b
 1040 0056 05       		.uleb128 0x5
 1041 0057 01       		.uleb128 0x1
 1042 0058 13       		.uleb128 0x13
 1043 0059 00       		.byte	0
 1044 005a 00       		.byte	0
 1045 005b 08       		.uleb128 0x8
 1046 005c 0D       		.uleb128 0xd
 1047 005d 00       		.byte	0
 1048 005e 03       		.uleb128 0x3
 1049 005f 0E       		.uleb128 0xe
 1050 0060 3A       		.uleb128 0x3a
 1051 0061 0B       		.uleb128 0xb
 1052 0062 3B       		.uleb128 0x3b
 1053 0063 05       		.uleb128 0x5
 1054 0064 49       		.uleb128 0x49
 1055 0065 13       		.uleb128 0x13
 1056 0066 38       		.uleb128 0x38
 1057 0067 0B       		.uleb128 0xb
 1058 0068 00       		.byte	0
 1059 0069 00       		.byte	0
 1060 006a 09       		.uleb128 0x9
 1061 006b 16       		.uleb128 0x16
 1062 006c 00       		.byte	0
 1063 006d 03       		.uleb128 0x3
 1064 006e 0E       		.uleb128 0xe
 1065 006f 3A       		.uleb128 0x3a
 1066 0070 0B       		.uleb128 0xb
 1067 0071 3B       		.uleb128 0x3b
 1068 0072 05       		.uleb128 0x5
 1069 0073 49       		.uleb128 0x49
 1070 0074 13       		.uleb128 0x13
 1071 0075 00       		.byte	0
 1072 0076 00       		.byte	0
 1073 0077 0A       		.uleb128 0xa
 1074 0078 04       		.uleb128 0x4
 1075 0079 01       		.byte	0x1
 1076 007a 0B       		.uleb128 0xb
 1077 007b 0B       		.uleb128 0xb
 1078 007c 49       		.uleb128 0x49
 1079 007d 13       		.uleb128 0x13
 1080 007e 3A       		.uleb128 0x3a
 1081 007f 0B       		.uleb128 0xb
 1082 0080 3B       		.uleb128 0x3b
 1083 0081 0B       		.uleb128 0xb
ARM GAS  C:\Users\seths\AppData\Local\Temp\ccvIHQCq.s 			page 20


 1084 0082 01       		.uleb128 0x1
 1085 0083 13       		.uleb128 0x13
 1086 0084 00       		.byte	0
 1087 0085 00       		.byte	0
 1088 0086 0B       		.uleb128 0xb
 1089 0087 28       		.uleb128 0x28
 1090 0088 00       		.byte	0
 1091 0089 03       		.uleb128 0x3
 1092 008a 0E       		.uleb128 0xe
 1093 008b 1C       		.uleb128 0x1c
 1094 008c 0B       		.uleb128 0xb
 1095 008d 00       		.byte	0
 1096 008e 00       		.byte	0
 1097 008f 0C       		.uleb128 0xc
 1098 0090 01       		.uleb128 0x1
 1099 0091 01       		.byte	0x1
 1100 0092 49       		.uleb128 0x49
 1101 0093 13       		.uleb128 0x13
 1102 0094 01       		.uleb128 0x1
 1103 0095 13       		.uleb128 0x13
 1104 0096 00       		.byte	0
 1105 0097 00       		.byte	0
 1106 0098 0D       		.uleb128 0xd
 1107 0099 21       		.uleb128 0x21
 1108 009a 00       		.byte	0
 1109 009b 49       		.uleb128 0x49
 1110 009c 13       		.uleb128 0x13
 1111 009d 2F       		.uleb128 0x2f
 1112 009e 0B       		.uleb128 0xb
 1113 009f 00       		.byte	0
 1114 00a0 00       		.byte	0
 1115 00a1 0E       		.uleb128 0xe
 1116 00a2 0F       		.uleb128 0xf
 1117 00a3 00       		.byte	0
 1118 00a4 0B       		.uleb128 0xb
 1119 00a5 0B       		.uleb128 0xb
 1120 00a6 49       		.uleb128 0x49
 1121 00a7 13       		.uleb128 0x13
 1122 00a8 00       		.byte	0
 1123 00a9 00       		.byte	0
 1124 00aa 0F       		.uleb128 0xf
 1125 00ab 26       		.uleb128 0x26
 1126 00ac 00       		.byte	0
 1127 00ad 49       		.uleb128 0x49
 1128 00ae 13       		.uleb128 0x13
 1129 00af 00       		.byte	0
 1130 00b0 00       		.byte	0
 1131 00b1 10       		.uleb128 0x10
 1132 00b2 34       		.uleb128 0x34
 1133 00b3 00       		.byte	0
 1134 00b4 03       		.uleb128 0x3
 1135 00b5 0E       		.uleb128 0xe
 1136 00b6 3A       		.uleb128 0x3a
 1137 00b7 0B       		.uleb128 0xb
 1138 00b8 3B       		.uleb128 0x3b
 1139 00b9 0B       		.uleb128 0xb
 1140 00ba 49       		.uleb128 0x49
ARM GAS  C:\Users\seths\AppData\Local\Temp\ccvIHQCq.s 			page 21


 1141 00bb 13       		.uleb128 0x13
 1142 00bc 02       		.uleb128 0x2
 1143 00bd 18       		.uleb128 0x18
 1144 00be 00       		.byte	0
 1145 00bf 00       		.byte	0
 1146 00c0 11       		.uleb128 0x11
 1147 00c1 34       		.uleb128 0x34
 1148 00c2 00       		.byte	0
 1149 00c3 03       		.uleb128 0x3
 1150 00c4 0E       		.uleb128 0xe
 1151 00c5 3A       		.uleb128 0x3a
 1152 00c6 0B       		.uleb128 0xb
 1153 00c7 3B       		.uleb128 0x3b
 1154 00c8 0B       		.uleb128 0xb
 1155 00c9 49       		.uleb128 0x49
 1156 00ca 13       		.uleb128 0x13
 1157 00cb 3F       		.uleb128 0x3f
 1158 00cc 19       		.uleb128 0x19
 1159 00cd 3C       		.uleb128 0x3c
 1160 00ce 19       		.uleb128 0x19
 1161 00cf 00       		.byte	0
 1162 00d0 00       		.byte	0
 1163 00d1 12       		.uleb128 0x12
 1164 00d2 34       		.uleb128 0x34
 1165 00d3 00       		.byte	0
 1166 00d4 03       		.uleb128 0x3
 1167 00d5 0E       		.uleb128 0xe
 1168 00d6 3A       		.uleb128 0x3a
 1169 00d7 0B       		.uleb128 0xb
 1170 00d8 3B       		.uleb128 0x3b
 1171 00d9 05       		.uleb128 0x5
 1172 00da 49       		.uleb128 0x49
 1173 00db 13       		.uleb128 0x13
 1174 00dc 3F       		.uleb128 0x3f
 1175 00dd 19       		.uleb128 0x19
 1176 00de 3C       		.uleb128 0x3c
 1177 00df 19       		.uleb128 0x19
 1178 00e0 00       		.byte	0
 1179 00e1 00       		.byte	0
 1180 00e2 13       		.uleb128 0x13
 1181 00e3 35       		.uleb128 0x35
 1182 00e4 00       		.byte	0
 1183 00e5 49       		.uleb128 0x49
 1184 00e6 13       		.uleb128 0x13
 1185 00e7 00       		.byte	0
 1186 00e8 00       		.byte	0
 1187 00e9 14       		.uleb128 0x14
 1188 00ea 34       		.uleb128 0x34
 1189 00eb 00       		.byte	0
 1190 00ec 03       		.uleb128 0x3
 1191 00ed 0E       		.uleb128 0xe
 1192 00ee 3A       		.uleb128 0x3a
 1193 00ef 0B       		.uleb128 0xb
 1194 00f0 3B       		.uleb128 0x3b
 1195 00f1 0B       		.uleb128 0xb
 1196 00f2 49       		.uleb128 0x49
 1197 00f3 13       		.uleb128 0x13
ARM GAS  C:\Users\seths\AppData\Local\Temp\ccvIHQCq.s 			page 22


 1198 00f4 3F       		.uleb128 0x3f
 1199 00f5 19       		.uleb128 0x19
 1200 00f6 02       		.uleb128 0x2
 1201 00f7 18       		.uleb128 0x18
 1202 00f8 00       		.byte	0
 1203 00f9 00       		.byte	0
 1204 00fa 00       		.byte	0
 1205              		.section	.debug_aranges,"",%progbits
 1206 0000 14000000 		.4byte	0x14
 1207 0004 0200     		.2byte	0x2
 1208 0006 00000000 		.4byte	.Ldebug_info0
 1209 000a 04       		.byte	0x4
 1210 000b 00       		.byte	0
 1211 000c 0000     		.2byte	0
 1212 000e 0000     		.2byte	0
 1213 0010 00000000 		.4byte	0
 1214 0014 00000000 		.4byte	0
 1215              		.section	.debug_line,"",%progbits
 1216              	.Ldebug_line0:
 1217 0000 3F020000 		.section	.debug_str,"MS",%progbits,1
 1217      02003902 
 1217      00000201 
 1217      FB0E0D00 
 1217      01010101 
 1218              	.LASF57:
 1219 0000 70726F74 		.ascii	"protBusMasterMask\000"
 1219      4275734D 
 1219      61737465 
 1219      724D6173 
 1219      6B00
 1220              	.LASF67:
 1221 0012 666C6173 		.ascii	"flashCtlMainWs3Freq\000"
 1221      6843746C 
 1221      4D61696E 
 1221      57733346 
 1221      72657100 
 1222              	.LASF89:
 1223 0026 6770696F 		.ascii	"gpioPrtCfgInOffset\000"
 1223      50727443 
 1223      6667496E 
 1223      4F666673 
 1223      657400
 1224              	.LASF107:
 1225 0039 6970634C 		.ascii	"ipcLockStatusOffset\000"
 1225      6F636B53 
 1225      74617475 
 1225      734F6666 
 1225      73657400 
 1226              	.LASF33:
 1227 004d 63727970 		.ascii	"cryptoVersion\000"
 1227      746F5665 
 1227      7273696F 
 1227      6E00
 1228              	.LASF51:
 1229 005b 70657269 		.ascii	"periClockNr\000"
 1229      436C6F63 
 1229      6B4E7200 
ARM GAS  C:\Users\seths\AppData\Local\Temp\ccvIHQCq.s 			page 23


 1230              	.LASF29:
 1231 0067 70617373 		.ascii	"passBase\000"
 1231      42617365 
 1231      00
 1232              	.LASF136:
 1233 0070 63757374 		.ascii	"customs\000"
 1233      6F6D7300 
 1234              	.LASF42:
 1235 0078 63707573 		.ascii	"cpussIpcIrqNr\000"
 1235      73497063 
 1235      4972714E 
 1235      7200
 1236              	.LASF5:
 1237 0086 5F5F7569 		.ascii	"__uint8_t\000"
 1237      6E74385F 
 1237      7400
 1238              	.LASF86:
 1239 0090 70657269 		.ascii	"periDiv24_5CtlOffset\000"
 1239      44697632 
 1239      345F3543 
 1239      746C4F66 
 1239      66736574 
 1240              	.LASF113:
 1241 00a5 63795F73 		.ascii	"cy_stc_ble_conn_handle_t\000"
 1241      74635F62 
 1241      6C655F63 
 1241      6F6E6E5F 
 1241      68616E64 
 1242              	.LASF133:
 1243 00be 63757374 		.ascii	"customServHandle\000"
 1243      6F6D5365 
 1243      72764861 
 1243      6E646C65 
 1243      00
 1244              	.LASF22:
 1245 00cf 63707573 		.ascii	"cpussBase\000"
 1245      73426173 
 1245      6500
 1246              	.LASF71:
 1247 00d9 64774368 		.ascii	"dwChCtlPrioPos\000"
 1247      43746C50 
 1247      72696F50 
 1247      6F7300
 1248              	.LASF14:
 1249 00e8 6C6F6E67 		.ascii	"long long unsigned int\000"
 1249      206C6F6E 
 1249      6720756E 
 1249      7369676E 
 1249      65642069 
 1250              	.LASF75:
 1251 00ff 70657269 		.ascii	"periTrCmdOffset\000"
 1251      5472436D 
 1251      644F6666 
 1251      73657400 
 1252              	.LASF99:
 1253 010f 63707573 		.ascii	"cpussSysTickCtlOffset\000"
 1253      73537973 
ARM GAS  C:\Users\seths\AppData\Local\Temp\ccvIHQCq.s 			page 24


 1253      5469636B 
 1253      43746C4F 
 1253      66667365 
 1254              	.LASF139:
 1255 0125 49544D5F 		.ascii	"ITM_RxBuffer\000"
 1255      52784275 
 1255      66666572 
 1255      00
 1256              	.LASF60:
 1257 0132 666C6173 		.ascii	"flashPipeRequired\000"
 1257      68506970 
 1257      65526571 
 1257      75697265 
 1257      6400
 1258              	.LASF64:
 1259 0144 666C6173 		.ascii	"flashCtlMainWs0Freq\000"
 1259      6843746C 
 1259      4D61696E 
 1259      57733046 
 1259      72657100 
 1260              	.LASF18:
 1261 0158 696E7431 		.ascii	"int16_t\000"
 1261      365F7400 
 1262              	.LASF1:
 1263 0160 6C6F6E67 		.ascii	"long long int\000"
 1263      206C6F6E 
 1263      6720696E 
 1263      7400
 1264              	.LASF3:
 1265 016e 7369676E 		.ascii	"signed char\000"
 1265      65642063 
 1265      68617200 
 1266              	.LASF80:
 1267 017a 70657269 		.ascii	"periDivCmdTypeSelPos\000"
 1267      44697643 
 1267      6D645479 
 1267      70655365 
 1267      6C506F73 
 1268              	.LASF26:
 1269 018f 70726F74 		.ascii	"protBase\000"
 1269      42617365 
 1269      00
 1270              	.LASF38:
 1271 0198 69706356 		.ascii	"ipcVersion\000"
 1271      65727369 
 1271      6F6E00
 1272              	.LASF100:
 1273 01a3 63707573 		.ascii	"cpussCm0NmiCtlOffset\000"
 1273      73436D30 
 1273      4E6D6943 
 1273      746C4F66 
 1273      66736574 
 1274              	.LASF118:
 1275 01b8 43595F42 		.ascii	"CY_BLE_ADV_STATE_STOP_INITIATED\000"
 1275      4C455F41 
 1275      44565F53 
 1275      54415445 
ARM GAS  C:\Users\seths\AppData\Local\Temp\ccvIHQCq.s 			page 25


 1275      5F53544F 
 1276              	.LASF27:
 1277 01d8 6873696F 		.ascii	"hsiomBase\000"
 1277      6D426173 
 1277      6500
 1278              	.LASF11:
 1279 01e2 6C6F6E67 		.ascii	"long int\000"
 1279      20696E74 
 1279      00
 1280              	.LASF93:
 1281 01eb 63707573 		.ascii	"cpussCm4ClockCtlOffset\000"
 1281      73436D34 
 1281      436C6F63 
 1281      6B43746C 
 1281      4F666673 
 1282              	.LASF58:
 1283 0202 63727970 		.ascii	"cryptoMemSize\000"
 1283      746F4D65 
 1283      6D53697A 
 1283      6500
 1284              	.LASF119:
 1285 0210 63795F65 		.ascii	"cy_en_ble_adv_state_t\000"
 1285      6E5F626C 
 1285      655F6164 
 1285      765F7374 
 1285      6174655F 
 1286              	.LASF24:
 1287 0226 70657269 		.ascii	"periBase\000"
 1287      42617365 
 1287      00
 1288              	.LASF56:
 1289 022f 73797350 		.ascii	"sysPmSimoPresent\000"
 1289      6D53696D 
 1289      6F507265 
 1289      73656E74 
 1289      00
 1290              	.LASF46:
 1291 0240 63707573 		.ascii	"cpussFmIrq\000"
 1291      73466D49 
 1291      727100
 1292              	.LASF110:
 1293 024b 646F7562 		.ascii	"double\000"
 1293      6C6500
 1294              	.LASF85:
 1295 0252 70657269 		.ascii	"periDiv16_5CtlOffset\000"
 1295      44697631 
 1295      365F3543 
 1295      746C4F66 
 1295      66736574 
 1296              	.LASF49:
 1297 0267 73727373 		.ascii	"srssNumPll\000"
 1297      4E756D50 
 1297      6C6C00
 1298              	.LASF83:
 1299 0272 70657269 		.ascii	"periDiv8CtlOffset\000"
 1299      44697638 
 1299      43746C4F 
ARM GAS  C:\Users\seths\AppData\Local\Temp\ccvIHQCq.s 			page 26


 1299      66667365 
 1299      7400
 1300              	.LASF124:
 1301 0284 43595F42 		.ascii	"CY_BLE_CONN_STATE_CLIENT_INCL_DISCOVERING\000"
 1301      4C455F43 
 1301      4F4E4E5F 
 1301      53544154 
 1301      455F434C 
 1302              	.LASF90:
 1303 02ae 6770696F 		.ascii	"gpioPrtCfgOutOffset\000"
 1303      50727443 
 1303      66674F75 
 1303      744F6666 
 1303      73657400 
 1304              	.LASF23:
 1305 02c2 666C6173 		.ascii	"flashcBase\000"
 1305      68634261 
 1305      736500
 1306              	.LASF12:
 1307 02cd 5F5F7569 		.ascii	"__uint32_t\000"
 1307      6E743332 
 1307      5F7400
 1308              	.LASF134:
 1309 02d8 63757374 		.ascii	"customServInfo\000"
 1309      6F6D5365 
 1309      7276496E 
 1309      666F00
 1310              	.LASF53:
 1311 02e7 70617373 		.ascii	"passSarChannels\000"
 1311      53617243 
 1311      68616E6E 
 1311      656C7300 
 1312              	.LASF6:
 1313 02f7 5F5F696E 		.ascii	"__int16_t\000"
 1313      7431365F 
 1313      7400
 1314              	.LASF96:
 1315 0301 63707573 		.ascii	"cpussCm4PwrCtlOffset\000"
 1315      73436D34 
 1315      50777243 
 1315      746C4F66 
 1315      66736574 
 1316              	.LASF123:
 1317 0316 43595F42 		.ascii	"CY_BLE_CONN_STATE_CLIENT_SRVC_DISCOVERING\000"
 1317      4C455F43 
 1317      4F4E4E5F 
 1317      53544154 
 1317      455F434C 
 1318              	.LASF91:
 1319 0340 6770696F 		.ascii	"gpioPrtCfgSioOffset\000"
 1319      50727443 
 1319      66675369 
 1319      6F4F6666 
 1319      73657400 
 1320              	.LASF43:
 1321 0354 63707573 		.ascii	"cpussDwChNr\000"
 1321      73447743 
ARM GAS  C:\Users\seths\AppData\Local\Temp\ccvIHQCq.s 			page 27


 1321      684E7200 
 1322              	.LASF0:
 1323 0360 756E7369 		.ascii	"unsigned int\000"
 1323      676E6564 
 1323      20696E74 
 1323      00
 1324              	.LASF122:
 1325 036d 43595F42 		.ascii	"CY_BLE_CONN_STATE_CONNECTED\000"
 1325      4C455F43 
 1325      4F4E4E5F 
 1325      53544154 
 1325      455F434F 
 1326              	.LASF126:
 1327 0389 43595F42 		.ascii	"CY_BLE_CONN_STATE_CLIENT_DESCR_DISCOVERING\000"
 1327      4C455F43 
 1327      4F4E4E5F 
 1327      53544154 
 1327      455F434C 
 1328              	.LASF19:
 1329 03b4 75696E74 		.ascii	"uint16_t\000"
 1329      31365F74 
 1329      00
 1330              	.LASF76:
 1331 03bd 70657269 		.ascii	"periTrCmdGrSelMsk\000"
 1331      5472436D 
 1331      64477253 
 1331      656C4D73 
 1331      6B00
 1332              	.LASF13:
 1333 03cf 6C6F6E67 		.ascii	"long unsigned int\000"
 1333      20756E73 
 1333      69676E65 
 1333      6420696E 
 1333      7400
 1334              	.LASF41:
 1335 03e1 63707573 		.ascii	"cpussIpcNr\000"
 1335      73497063 
 1335      4E7200
 1336              	.LASF28:
 1337 03ec 6770696F 		.ascii	"gpioBase\000"
 1337      42617365 
 1337      00
 1338              	.LASF145:
 1339 03f5 47656E65 		.ascii	"Generated_Source\\PSoC6\\BLE_custom_config.c\000"
 1339      72617465 
 1339      645F536F 
 1339      75726365 
 1339      5C50536F 
 1340              	.LASF77:
 1341 0420 70657269 		.ascii	"periTrGrOffset\000"
 1341      54724772 
 1341      4F666673 
 1341      657400
 1342              	.LASF104:
 1343 042f 63707573 		.ascii	"cpussRam1Ctl0\000"
 1343      7352616D 
 1343      3143746C 
ARM GAS  C:\Users\seths\AppData\Local\Temp\ccvIHQCq.s 			page 28


 1343      3000
 1344              	.LASF142:
 1345 043d 63795F62 		.ascii	"cy_ble_connState\000"
 1345      6C655F63 
 1345      6F6E6E53 
 1345      74617465 
 1345      00
 1346              	.LASF147:
 1347 044e 63795F62 		.ascii	"cy_ble_customs\000"
 1347      6C655F63 
 1347      7573746F 
 1347      6D7300
 1348              	.LASF78:
 1349 045d 70657269 		.ascii	"periTrGrSize\000"
 1349      54724772 
 1349      53697A65 
 1349      00
 1350              	.LASF36:
 1351 046a 6770696F 		.ascii	"gpioVersion\000"
 1351      56657273 
 1351      696F6E00 
 1352              	.LASF108:
 1353 0476 63795F73 		.ascii	"cy_stc_device_t\000"
 1353      74635F64 
 1353      65766963 
 1353      655F7400 
 1354              	.LASF54:
 1355 0486 65704D6F 		.ascii	"epMonitorNr\000"
 1355      6E69746F 
 1355      724E7200 
 1356              	.LASF101:
 1357 0492 63707573 		.ascii	"cpussCm4NmiCtlOffset\000"
 1357      73436D34 
 1357      4E6D6943 
 1357      746C4F66 
 1357      66736574 
 1358              	.LASF97:
 1359 04a7 63707573 		.ascii	"cpussTrimRamCtlOffset\000"
 1359      73547269 
 1359      6D52616D 
 1359      43746C4F 
 1359      66667365 
 1360              	.LASF92:
 1361 04bd 63707573 		.ascii	"cpussCm0ClockCtlOffset\000"
 1361      73436D30 
 1361      436C6F63 
 1361      6B43746C 
 1361      4F666673 
 1362              	.LASF112:
 1363 04d4 61747449 		.ascii	"attId\000"
 1363      6400
 1364              	.LASF32:
 1365 04da 63707573 		.ascii	"cpussVersion\000"
 1365      73566572 
 1365      73696F6E 
 1365      00
 1366              	.LASF114:
ARM GAS  C:\Users\seths\AppData\Local\Temp\ccvIHQCq.s 			page 29


 1367 04e7 63795F62 		.ascii	"cy_ble_gatt_db_attr_handle_t\000"
 1367      6C655F67 
 1367      6174745F 
 1367      64625F61 
 1367      7474725F 
 1368              	.LASF39:
 1369 0504 70657269 		.ascii	"periVersion\000"
 1369      56657273 
 1369      696F6E00 
 1370              	.LASF95:
 1371 0510 63707573 		.ascii	"cpussCm0StatusOffset\000"
 1371      73436D30 
 1371      53746174 
 1371      75734F66 
 1371      66736574 
 1372              	.LASF15:
 1373 0525 73697A65 		.ascii	"sizetype\000"
 1373      74797065 
 1373      00
 1374              	.LASF69:
 1375 052e 64774368 		.ascii	"dwChOffset\000"
 1375      4F666673 
 1375      657400
 1376              	.LASF44:
 1377 0539 63707573 		.ascii	"cpussFlashPaSize\000"
 1377      73466C61 
 1377      73685061 
 1377      53697A65 
 1377      00
 1378              	.LASF116:
 1379 054a 43595F42 		.ascii	"CY_BLE_ADV_STATE_ADV_INITIATED\000"
 1379      4C455F41 
 1379      44565F53 
 1379      54415445 
 1379      5F414456 
 1380              	.LASF82:
 1381 0569 70657269 		.ascii	"periDivCmdPaTypeSelPos\000"
 1381      44697643 
 1381      6D645061 
 1381      54797065 
 1381      53656C50 
 1382              	.LASF105:
 1383 0580 63707573 		.ascii	"cpussRam2Ctl0\000"
 1383      7352616D 
 1383      3243746C 
 1383      3000
 1384              	.LASF143:
 1385 058e 63795F62 		.ascii	"cy_ble_customConfig\000"
 1385      6C655F63 
 1385      7573746F 
 1385      6D436F6E 
 1385      66696700 
 1386              	.LASF73:
 1387 05a2 64775374 		.ascii	"dwStatusChIdxPos\000"
 1387      61747573 
 1387      43684964 
 1387      78506F73 
ARM GAS  C:\Users\seths\AppData\Local\Temp\ccvIHQCq.s 			page 30


 1387      00
 1388              	.LASF55:
 1389 05b3 75646250 		.ascii	"udbPresent\000"
 1389      72657365 
 1389      6E7400
 1390              	.LASF128:
 1391 05be 63795F65 		.ascii	"cy_en_ble_conn_state_t\000"
 1391      6E5F626C 
 1391      655F636F 
 1391      6E6E5F73 
 1391      74617465 
 1392              	.LASF35:
 1393 05d5 666C6173 		.ascii	"flashcVersion\000"
 1393      68635665 
 1393      7273696F 
 1393      6E00
 1394              	.LASF31:
 1395 05e3 63727970 		.ascii	"cryptoBase\000"
 1395      746F4261 
 1395      736500
 1396              	.LASF52:
 1397 05ee 736D6966 		.ascii	"smifDeviceNr\000"
 1397      44657669 
 1397      63654E72 
 1397      00
 1398              	.LASF144:
 1399 05fb 474E5520 		.ascii	"GNU C11 5.4.1 20160609 (release) [ARM/embedded-5-br"
 1399      43313120 
 1399      352E342E 
 1399      31203230 
 1399      31363036 
 1400 062e 616E6368 		.ascii	"anch revision 237715] -mcpu=cortex-m4 -mfloat-abi=s"
 1400      20726576 
 1400      6973696F 
 1400      6E203233 
 1400      37373135 
 1401 0661 6F667466 		.ascii	"oftfp -mfpu=fpv4-sp-d16 -mthumb -g -Og -ffunction-s"
 1401      70202D6D 
 1401      6670753D 
 1401      66707634 
 1401      2D73702D 
 1402 0694 65637469 		.ascii	"ections -ffat-lto-objects\000"
 1402      6F6E7320 
 1402      2D666661 
 1402      742D6C74 
 1402      6F2D6F62 
 1403              	.LASF61:
 1404 06ae 666C6173 		.ascii	"flashWriteDelay\000"
 1404      68577269 
 1404      74654465 
 1404      6C617900 
 1405              	.LASF127:
 1406 06be 43595F42 		.ascii	"CY_BLE_CONN_STATE_CLIENT_DISCOVERED\000"
 1406      4C455F43 
 1406      4F4E4E5F 
 1406      53544154 
 1406      455F434C 
ARM GAS  C:\Users\seths\AppData\Local\Temp\ccvIHQCq.s 			page 31


 1407              	.LASF109:
 1408 06e2 666C6F61 		.ascii	"float\000"
 1408      7400
 1409              	.LASF74:
 1410 06e8 64775374 		.ascii	"dwStatusChIdxMsk\000"
 1410      61747573 
 1410      43684964 
 1410      784D736B 
 1410      00
 1411              	.LASF138:
 1412 06f9 63795F64 		.ascii	"cy_device\000"
 1412      65766963 
 1412      6500
 1413              	.LASF102:
 1414 0703 63707573 		.ascii	"cpussRomCtl\000"
 1414      73526F6D 
 1414      43746C00 
 1415              	.LASF72:
 1416 070f 64774368 		.ascii	"dwChCtlPreemptablePos\000"
 1416      43746C50 
 1416      7265656D 
 1416      70746162 
 1416      6C65506F 
 1417              	.LASF25:
 1418 0725 75646242 		.ascii	"udbBase\000"
 1418      61736500 
 1419              	.LASF125:
 1420 072d 43595F42 		.ascii	"CY_BLE_CONN_STATE_CLIENT_CHAR_DISCOVERING\000"
 1420      4C455F43 
 1420      4F4E4E5F 
 1420      53544154 
 1420      455F434C 
 1421              	.LASF129:
 1422 0757 5F426F6F 		.ascii	"_Bool\000"
 1422      6C00
 1423              	.LASF20:
 1424 075d 696E7433 		.ascii	"int32_t\000"
 1424      325F7400 
 1425              	.LASF4:
 1426 0765 756E7369 		.ascii	"unsigned char\000"
 1426      676E6564 
 1426      20636861 
 1426      7200
 1427              	.LASF68:
 1428 0773 666C6173 		.ascii	"flashCtlMainWs4Freq\000"
 1428      6843746C 
 1428      4D61696E 
 1428      57733446 
 1428      72657100 
 1429              	.LASF7:
 1430 0787 73686F72 		.ascii	"short int\000"
 1430      7420696E 
 1430      7400
 1431              	.LASF132:
 1432 0791 63795F73 		.ascii	"cy_stc_ble_customs_info_t\000"
 1432      74635F62 
 1432      6C655F63 
ARM GAS  C:\Users\seths\AppData\Local\Temp\ccvIHQCq.s 			page 32


 1432      7573746F 
 1432      6D735F69 
 1433              	.LASF79:
 1434 07ab 70657269 		.ascii	"periDivCmdDivSelMsk\000"
 1434      44697643 
 1434      6D644469 
 1434      7653656C 
 1434      4D736B00 
 1435              	.LASF66:
 1436 07bf 666C6173 		.ascii	"flashCtlMainWs2Freq\000"
 1436      6843746C 
 1436      4D61696E 
 1436      57733246 
 1436      72657100 
 1437              	.LASF137:
 1438 07d3 63795F73 		.ascii	"cy_stc_ble_custom_config_t\000"
 1438      74635F62 
 1438      6C655F63 
 1438      7573746F 
 1438      6D5F636F 
 1439              	.LASF135:
 1440 07ee 63795F73 		.ascii	"cy_stc_ble_customs_t\000"
 1440      74635F62 
 1440      6C655F63 
 1440      7573746F 
 1440      6D735F74 
 1441              	.LASF50:
 1442 0803 73727373 		.ascii	"srssNumHfroot\000"
 1442      4E756D48 
 1442      66726F6F 
 1442      7400
 1443              	.LASF63:
 1444 0811 666C6173 		.ascii	"flashEraseDelay\000"
 1444      68457261 
 1444      73654465 
 1444      6C617900 
 1445              	.LASF21:
 1446 0821 75696E74 		.ascii	"uint32_t\000"
 1446      33325F74 
 1446      00
 1447              	.LASF2:
 1448 082a 6C6F6E67 		.ascii	"long double\000"
 1448      20646F75 
 1448      626C6500 
 1449              	.LASF16:
 1450 0836 63686172 		.ascii	"char\000"
 1450      00
 1451              	.LASF40:
 1452 083b 70726F74 		.ascii	"protVersion\000"
 1452      56657273 
 1452      696F6E00 
 1453              	.LASF103:
 1454 0847 63707573 		.ascii	"cpussRam0Ctl0\000"
 1454      7352616D 
 1454      3043746C 
 1454      3000
 1455              	.LASF8:
ARM GAS  C:\Users\seths\AppData\Local\Temp\ccvIHQCq.s 			page 33


 1456 0855 5F5F7569 		.ascii	"__uint16_t\000"
 1456      6E743136 
 1456      5F7400
 1457              	.LASF84:
 1458 0860 70657269 		.ascii	"periDiv16CtlOffset\000"
 1458      44697631 
 1458      3643746C 
 1458      4F666673 
 1458      657400
 1459              	.LASF10:
 1460 0873 5F5F696E 		.ascii	"__int32_t\000"
 1460      7433325F 
 1460      7400
 1461              	.LASF140:
 1462 087d 63795F62 		.ascii	"cy_ble_advState\000"
 1462      6C655F61 
 1462      64765374 
 1462      61746500 
 1463              	.LASF37:
 1464 088d 6873696F 		.ascii	"hsiomVersion\000"
 1464      6D566572 
 1464      73696F6E 
 1464      00
 1465              	.LASF65:
 1466 089a 666C6173 		.ascii	"flashCtlMainWs1Freq\000"
 1466      6843746C 
 1466      4D61696E 
 1466      57733146 
 1466      72657100 
 1467              	.LASF9:
 1468 08ae 73686F72 		.ascii	"short unsigned int\000"
 1468      7420756E 
 1468      7369676E 
 1468      65642069 
 1468      6E7400
 1469              	.LASF70:
 1470 08c1 64774368 		.ascii	"dwChSize\000"
 1470      53697A65 
 1470      00
 1471              	.LASF106:
 1472 08ca 69706353 		.ascii	"ipcStructSize\000"
 1472      74727563 
 1472      7453697A 
 1472      6500
 1473              	.LASF45:
 1474 08d8 63707573 		.ascii	"cpussIpc0Irq\000"
 1474      73497063 
 1474      30497271 
 1474      00
 1475              	.LASF88:
 1476 08e5 6770696F 		.ascii	"gpioPrtCfgOffset\000"
 1476      50727443 
 1476      66674F66 
 1476      66736574 
 1476      00
 1477              	.LASF120:
 1478 08f6 43595F42 		.ascii	"CY_BLE_CONN_STATE_DISCONNECTED\000"
ARM GAS  C:\Users\seths\AppData\Local\Temp\ccvIHQCq.s 			page 34


 1478      4C455F43 
 1478      4F4E4E5F 
 1478      53544154 
 1478      455F4449 
 1479              	.LASF141:
 1480 0915 63795F62 		.ascii	"cy_ble_connHandle\000"
 1480      6C655F63 
 1480      6F6E6E48 
 1480      616E646C 
 1480      6500
 1481              	.LASF47:
 1482 0927 63707573 		.ascii	"cpussNotConnectedIrq\000"
 1482      734E6F74 
 1482      436F6E6E 
 1482      65637465 
 1482      64497271 
 1483              	.LASF117:
 1484 093c 43595F42 		.ascii	"CY_BLE_ADV_STATE_ADVERTISING\000"
 1484      4C455F41 
 1484      44565F53 
 1484      54415445 
 1484      5F414456 
 1485              	.LASF115:
 1486 0959 43595F42 		.ascii	"CY_BLE_ADV_STATE_STOPPED\000"
 1486      4C455F41 
 1486      44565F53 
 1486      54415445 
 1486      5F53544F 
 1487              	.LASF17:
 1488 0972 75696E74 		.ascii	"uint8_t\000"
 1488      385F7400 
 1489              	.LASF146:
 1490 097a 433A5C50 		.ascii	"C:\\Projects\\ENGG4000\\software\\firmware\\ENGG400"
 1490      726F6A65 
 1490      6374735C 
 1490      454E4747 
 1490      34303030 
 1491 09a8 305C5765 		.ascii	"0\\Wearable_Firmware.cydsn\000"
 1491      61726162 
 1491      6C655F46 
 1491      69726D77 
 1491      6172652E 
 1492              	.LASF94:
 1493 09c2 63707573 		.ascii	"cpussCm4StatusOffset\000"
 1493      73436D34 
 1493      53746174 
 1493      75734F66 
 1493      66736574 
 1494              	.LASF87:
 1495 09d7 6770696F 		.ascii	"gpioPrtIntrCfgOffset\000"
 1495      50727449 
 1495      6E747243 
 1495      66674F66 
 1495      66736574 
 1496              	.LASF98:
 1497 09ec 63707573 		.ascii	"cpussTrimRomCtlOffset\000"
 1497      73547269 
ARM GAS  C:\Users\seths\AppData\Local\Temp\ccvIHQCq.s 			page 35


 1497      6D526F6D 
 1497      43746C4F 
 1497      66667365 
 1498              	.LASF111:
 1499 0a02 62644861 		.ascii	"bdHandle\000"
 1499      6E646C65 
 1499      00
 1500              	.LASF48:
 1501 0a0b 73727373 		.ascii	"srssNumClkpath\000"
 1501      4E756D43 
 1501      6C6B7061 
 1501      746800
 1502              	.LASF34:
 1503 0a1a 64775665 		.ascii	"dwVersion\000"
 1503      7273696F 
 1503      6E00
 1504              	.LASF30:
 1505 0a24 69706342 		.ascii	"ipcBase\000"
 1505      61736500 
 1506              	.LASF81:
 1507 0a2c 70657269 		.ascii	"periDivCmdPaDivSelPos\000"
 1507      44697643 
 1507      6D645061 
 1507      44697653 
 1507      656C506F 
 1508              	.LASF62:
 1509 0a42 666C6173 		.ascii	"flashProgramDelay\000"
 1509      6850726F 
 1509      6772616D 
 1509      44656C61 
 1509      7900
 1510              	.LASF130:
 1511 0a54 63757374 		.ascii	"customServCharHandle\000"
 1511      6F6D5365 
 1511      72764368 
 1511      61724861 
 1511      6E646C65 
 1512              	.LASF121:
 1513 0a69 43595F42 		.ascii	"CY_BLE_CONN_STATE_CLIENT_DISCONNECTED_DISCOVERED\000"
 1513      4C455F43 
 1513      4F4E4E5F 
 1513      53544154 
 1513      455F434C 
 1514              	.LASF59:
 1515 0a9a 666C6173 		.ascii	"flashRwwRequired\000"
 1515      68527777 
 1515      52657175 
 1515      69726564 
 1515      00
 1516              	.LASF131:
 1517 0aab 63757374 		.ascii	"customServCharDesc\000"
 1517      6F6D5365 
 1517      72764368 
 1517      61724465 
 1517      736300
 1518              		.ident	"GCC: (GNU Tools for ARM Embedded Processors) 5.4.1 20160609 (release) [ARM/embedded-5-bran
